[ 16%] Built target shaders_spirv
[ 18%] Building CXX object CMakeFiles/sisterapp.dir/main.cpp.o
[ 20%] Building CXX object CMakeFiles/sisterapp.dir/src/core/application.cpp.o
/run/media/jpereiratrindade/labeco10T/dev/cpp/SisterAppEngine_base_v330/src/core/application.cpp: In member function ‘void core::Application::init()’:
/run/media/jpereiratrindade/labeco10T/dev/cpp/SisterAppEngine_base_v330/src/core/application.cpp:113:85: error: ‘class graphics::Renderer’ has no member named ‘renderPass’
  113 |         finiteRenderer_ = std::make_unique<shape::TerrainRenderer>(*ctx_, renderer_.renderPass());
      |                                                                                     ^~~~~~~~~~
/run/media/jpereiratrindade/labeco10T/dev/cpp/SisterAppEngine_base_v330/src/core/application.cpp:126:17: error: ‘class graphics::Camera’ has no member named ‘lookAt’
  126 |         camera_.lookAt({cx, h, cz}); // Look down at terrain
      |                 ^~~~~~
/run/media/jpereiratrindade/labeco10T/dev/cpp/SisterAppEngine_base_v330/src/core/application.cpp: At global scope:
/run/media/jpereiratrindade/labeco10T/dev/cpp/SisterAppEngine_base_v330/src/core/application.cpp:156:34: error: expected constructor, destructor, or type conversion before ‘.’ token
  156 |     core::Preferences::instance().load();
      |                                  ^
/run/media/jpereiratrindade/labeco10T/dev/cpp/SisterAppEngine_base_v330/src/core/application.cpp:157:5: error: ‘terrain_’ does not name a type
  157 |     terrain_->setSlopeConfig(core::Preferences::instance().getSlopeConfig());
      |     ^~~~~~~~
/run/media/jpereiratrindade/labeco10T/dev/cpp/SisterAppEngine_base_v330/src/core/application.cpp:160:10: error: invalid use of ‘this’ at top level
  160 |         [this](const std::string& name) { saveBookmark(name); },
      |          ^~~~
/run/media/jpereiratrindade/labeco10T/dev/cpp/SisterAppEngine_base_v330/src/core/application.cpp: In lambda function:
/run/media/jpereiratrindade/labeco10T/dev/cpp/SisterAppEngine_base_v330/src/core/application.cpp:160:43: error: ‘saveBookmark’ was not declared in this scope
  160 |         [this](const std::string& name) { saveBookmark(name); },
      |                                           ^~~~~~~~~~~~
/run/media/jpereiratrindade/labeco10T/dev/cpp/SisterAppEngine_base_v330/src/core/application.cpp: At global scope:
/run/media/jpereiratrindade/labeco10T/dev/cpp/SisterAppEngine_base_v330/src/core/application.cpp:161:10: error: invalid use of ‘this’ at top level
  161 |         [this](size_t index) { loadBookmark(index); },
      |          ^~~~
/run/media/jpereiratrindade/labeco10T/dev/cpp/SisterAppEngine_base_v330/src/core/application.cpp: In lambda function:
/run/media/jpereiratrindade/labeco10T/dev/cpp/SisterAppEngine_base_v330/src/core/application.cpp:161:32: error: ‘loadBookmark’ was not declared in this scope
  161 |         [this](size_t index) { loadBookmark(index); },
      |                                ^~~~~~~~~~~~
/run/media/jpereiratrindade/labeco10T/dev/cpp/SisterAppEngine_base_v330/src/core/application.cpp: At global scope:
/run/media/jpereiratrindade/labeco10T/dev/cpp/SisterAppEngine_base_v330/src/core/application.cpp:162:10: error: invalid use of ‘this’ at top level
  162 |         [this](size_t index) { deleteBookmark(index); },
      |          ^~~~
/run/media/jpereiratrindade/labeco10T/dev/cpp/SisterAppEngine_base_v330/src/core/application.cpp: In lambda function:
/run/media/jpereiratrindade/labeco10T/dev/cpp/SisterAppEngine_base_v330/src/core/application.cpp:162:32: error: ‘deleteBookmark’ was not declared in this scope
  162 |         [this](size_t index) { deleteBookmark(index); },
      |                                ^~~~~~~~~~~~~~
/run/media/jpereiratrindade/labeco10T/dev/cpp/SisterAppEngine_base_v330/src/core/application.cpp: At global scope:
/run/media/jpereiratrindade/labeco10T/dev/cpp/SisterAppEngine_base_v330/src/core/application.cpp:163:10: error: invalid use of ‘this’ at top level
  163 |         [this](int warmupRadius) { requestTerrainReset(warmupRadius); },
      |          ^~~~
/run/media/jpereiratrindade/labeco10T/dev/cpp/SisterAppEngine_base_v330/src/core/application.cpp: In lambda function:
/run/media/jpereiratrindade/labeco10T/dev/cpp/SisterAppEngine_base_v330/src/core/application.cpp:163:36: error: ‘requestTerrainReset’ was not declared in this scope
  163 |         [this](int warmupRadius) { requestTerrainReset(warmupRadius); },
      |                                    ^~~~~~~~~~~~~~~~~~~
/run/media/jpereiratrindade/labeco10T/dev/cpp/SisterAppEngine_base_v330/src/core/application.cpp: At global scope:
/run/media/jpereiratrindade/labeco10T/dev/cpp/SisterAppEngine_base_v330/src/core/application.cpp:164:10: error: invalid use of ‘this’ at top level
  164 |         [this]() { // savePreferences
      |          ^~~~
/run/media/jpereiratrindade/labeco10T/dev/cpp/SisterAppEngine_base_v330/src/core/application.cpp: In lambda function:
/run/media/jpereiratrindade/labeco10T/dev/cpp/SisterAppEngine_base_v330/src/core/application.cpp:165:58: error: ‘terrain_’ was not declared in this scope; did you mean ‘terrain’?
  165 |             core::Preferences::instance().setSlopeConfig(terrain_->getSlopeConfig());
      |                                                          ^~~~~~~~
      |                                                          terrain
/run/media/jpereiratrindade/labeco10T/dev/cpp/SisterAppEngine_base_v330/src/core/application.cpp: At global scope:
/run/media/jpereiratrindade/labeco10T/dev/cpp/SisterAppEngine_base_v330/src/core/application.cpp:168:10: error: invalid use of ‘this’ at top level
  168 |         [this]() { // loadPreferences
      |          ^~~~
/run/media/jpereiratrindade/labeco10T/dev/cpp/SisterAppEngine_base_v330/src/core/application.cpp: In lambda function:
/run/media/jpereiratrindade/labeco10T/dev/cpp/SisterAppEngine_base_v330/src/core/application.cpp:170:13: error: ‘terrain_’ was not declared in this scope; did you mean ‘terrain’?
  170 |             terrain_->setSlopeConfig(core::Preferences::instance().getSlopeConfig());
      |             ^~~~~~~~
      |             terrain
/run/media/jpereiratrindade/labeco10T/dev/cpp/SisterAppEngine_base_v330/src/core/application.cpp: At global scope:
/run/media/jpereiratrindade/labeco10T/dev/cpp/SisterAppEngine_base_v330/src/core/application.cpp:174:5: error: ‘uiLayer_’ does not name a type
  174 |     uiLayer_ = std::make_unique<ui::UiLayer>(uiCallbacks);
      |     ^~~~~~~~
/run/media/jpereiratrindade/labeco10T/dev/cpp/SisterAppEngine_base_v330/src/core/application.cpp:175:5: error: ‘uiLayer_’ does not name a type
  175 |     uiLayer_->applyTheme(ui::Theme::Dark);
      |     ^~~~~~~~
/run/media/jpereiratrindade/labeco10T/dev/cpp/SisterAppEngine_base_v330/src/core/application.cpp:177:5: error: ‘camera_’ does not name a type
  177 |     camera_.setAspect(static_cast<float>(swapchain_->extent().width) / static_cast<float>(swapchain_->extent().height));
      |     ^~~~~~~
/run/media/jpereiratrindade/labeco10T/dev/cpp/SisterAppEngine_base_v330/src/core/application.cpp:180:6: error: ‘Application’ has not been declared; did you mean ‘VkApplicationInfo’?
  180 | void Application::cleanup() {
      |      ^~~~~~~~~~~
      |      VkApplicationInfo
/run/media/jpereiratrindade/labeco10T/dev/cpp/SisterAppEngine_base_v330/src/core/application.cpp: In function ‘void cleanup()’:
/run/media/jpereiratrindade/labeco10T/dev/cpp/SisterAppEngine_base_v330/src/core/application.cpp:182:9: error: ‘ctx_’ was not declared in this scope
  182 |     if (ctx_) {
      |         ^~~~
/run/media/jpereiratrindade/labeco10T/dev/cpp/SisterAppEngine_base_v330/src/core/application.cpp:187:5: error: ‘terrain_’ was not declared in this scope; did you mean ‘terrain’?
  187 |     terrain_.reset();
      |     ^~~~~~~~
      |     terrain
/run/media/jpereiratrindade/labeco10T/dev/cpp/SisterAppEngine_base_v330/src/core/application.cpp:192:5: error: ‘renderer_’ was not declared in this scope
  192 |     renderer_.destroy();
      |     ^~~~~~~~~
/run/media/jpereiratrindade/labeco10T/dev/cpp/SisterAppEngine_base_v330/src/core/application.cpp:194:9: error: ‘descriptorPool_’ was not declared in this scope; did you mean ‘VkDescriptorPool_T’?
  194 |     if (descriptorPool_ != VK_NULL_HANDLE) {
      |         ^~~~~~~~~~~~~~~
      |         VkDescriptorPool_T
/run/media/jpereiratrindade/labeco10T/dev/cpp/SisterAppEngine_base_v330/src/core/application.cpp:195:33: error: ‘ctx_’ was not declared in this scope
  195 |         vkDestroyDescriptorPool(ctx_->device(), descriptorPool_, nullptr);
      |                                 ^~~~
/run/media/jpereiratrindade/labeco10T/dev/cpp/SisterAppEngine_base_v330/src/core/application.cpp:198:5: error: ‘distanceMarkersMesh_’ was not declared in this scope
  198 |     distanceMarkersMesh_.reset(); // NEW
      |     ^~~~~~~~~~~~~~~~~~~~
/run/media/jpereiratrindade/labeco10T/dev/cpp/SisterAppEngine_base_v330/src/core/application.cpp:199:5: error: ‘skyDomeMesh_’ was not declared in this scope
  199 |     skyDomeMesh_.reset();          // NEW
      |     ^~~~~~~~~~~~
/run/media/jpereiratrindade/labeco10T/dev/cpp/SisterAppEngine_base_v330/src/core/application.cpp:200:5: error: ‘gridMesh_’ was not declared in this scope
  200 |     gridMesh_.reset();
      |     ^~~~~~~~~
/run/media/jpereiratrindade/labeco10T/dev/cpp/SisterAppEngine_base_v330/src/core/application.cpp:201:5: error: ‘axesMesh_’ was not declared in this scope
  201 |     axesMesh_.reset();
      |     ^~~~~~~~~
/run/media/jpereiratrindade/labeco10T/dev/cpp/SisterAppEngine_base_v330/src/core/application.cpp:204:5: error: ‘voxelMaterial_’ was not declared in this scope
  204 |     voxelMaterial_.reset();        // v3.2.2.1-beta
      |     ^~~~~~~~~~~~~~
/run/media/jpereiratrindade/labeco10T/dev/cpp/SisterAppEngine_base_v330/src/core/application.cpp:205:5: error: ‘waterMaterial_’ was not declared in this scope
  205 |     waterMaterial_.reset();        // transparent water
      |     ^~~~~~~~~~~~~~
/run/media/jpereiratrindade/labeco10T/dev/cpp/SisterAppEngine_base_v330/src/core/application.cpp:206:5: error: ‘environmentMaterial_’ was not declared in this scope
  206 |     environmentMaterial_.reset();  // NEW: Environment shaders
      |     ^~~~~~~~~~~~~~~~~~~~
/run/media/jpereiratrindade/labeco10T/dev/cpp/SisterAppEngine_base_v330/src/core/application.cpp:207:5: error: ‘wireframeMaterial_’ was not declared in this scope
  207 |     wireframeMaterial_.reset();
      |     ^~~~~~~~~~~~~~~~~~
/run/media/jpereiratrindade/labeco10T/dev/cpp/SisterAppEngine_base_v330/src/core/application.cpp:208:5: error: ‘solidMaterial_’ was not declared in this scope
  208 |     solidMaterial_.reset();
      |     ^~~~~~~~~~~~~~
/run/media/jpereiratrindade/labeco10T/dev/cpp/SisterAppEngine_base_v330/src/core/application.cpp:209:5: error: ‘pointMaterial_’ was not declared in this scope
  209 |     pointMaterial_.reset();
      |     ^~~~~~~~~~~~~~
/run/media/jpereiratrindade/labeco10T/dev/cpp/SisterAppEngine_base_v330/src/core/application.cpp:210:5: error: ‘lineMaterial_’ was not declared in this scope
  210 |     lineMaterial_.reset();
      |     ^~~~~~~~~~~~~
/run/media/jpereiratrindade/labeco10T/dev/cpp/SisterAppEngine_base_v330/src/core/application.cpp:212:5: error: ‘syncObjects_’ was not declared in this scope
  212 |     syncObjects_.reset(); // Fences/Semaphores
      |     ^~~~~~~~~~~~
/run/media/jpereiratrindade/labeco10T/dev/cpp/SisterAppEngine_base_v330/src/core/application.cpp:216:9: error: ‘commandPool_’ was not declared in this scope; did you mean ‘VkCommandPool_T’?
  216 |     if (commandPool_ && !commandBuffers_.empty()) {
      |         ^~~~~~~~~~~~
      |         VkCommandPool_T
/run/media/jpereiratrindade/labeco10T/dev/cpp/SisterAppEngine_base_v330/src/core/application.cpp:216:26: error: ‘commandBuffers_’ was not declared in this scope; did you mean ‘VkCommandBuffer_T’?
  216 |     if (commandPool_ && !commandBuffers_.empty()) {
      |                          ^~~~~~~~~~~~~~~
      |                          VkCommandBuffer_T
/run/media/jpereiratrindade/labeco10T/dev/cpp/SisterAppEngine_base_v330/src/core/application.cpp:222:5: error: ‘imagesInFlight_’ was not declared in this scope
  222 |     imagesInFlight_.clear();
      |     ^~~~~~~~~~~~~~~
/run/media/jpereiratrindade/labeco10T/dev/cpp/SisterAppEngine_base_v330/src/core/application.cpp:224:5: error: ‘commandPool_’ was not declared in this scope; did you mean ‘VkCommandPool_T’?
  224 |     commandPool_.reset();
      |     ^~~~~~~~~~~~
      |     VkCommandPool_T
/run/media/jpereiratrindade/labeco10T/dev/cpp/SisterAppEngine_base_v330/src/core/application.cpp:225:5: error: ‘swapchain_’ was not declared in this scope
  225 |     swapchain_.reset();
      |     ^~~~~~~~~~
/run/media/jpereiratrindade/labeco10T/dev/cpp/SisterAppEngine_base_v330/src/core/application.cpp:226:5: error: ‘ctx_’ was not declared in this scope
  226 |     ctx_.reset();
      |     ^~~~
/run/media/jpereiratrindade/labeco10T/dev/cpp/SisterAppEngine_base_v330/src/core/application.cpp:228:16: error: ‘sdl_’ was not declared in this scope
  228 |     destroySDL(sdl_);
      |                ^~~~
/run/media/jpereiratrindade/labeco10T/dev/cpp/SisterAppEngine_base_v330/src/core/application.cpp: At global scope:
/run/media/jpereiratrindade/labeco10T/dev/cpp/SisterAppEngine_base_v330/src/core/application.cpp:231:6: error: ‘Application’ has not been declared; did you mean ‘VkApplicationInfo’?
  231 | void Application::run() {
      |      ^~~~~~~~~~~
      |      VkApplicationInfo
/run/media/jpereiratrindade/labeco10T/dev/cpp/SisterAppEngine_base_v330/src/core/application.cpp: In function ‘void run()’:
/run/media/jpereiratrindade/labeco10T/dev/cpp/SisterAppEngine_base_v330/src/core/application.cpp:234:5: error: ‘inputManager_’ was not declared in this scope
  234 |     inputManager_.setLastInputSeconds(static_cast<double>(SDL_GetTicks()) / 1000.0);
      |     ^~~~~~~~~~~~~
/run/media/jpereiratrindade/labeco10T/dev/cpp/SisterAppEngine_base_v330/src/core/application.cpp:237:12: error: ‘running_’ was not declared in this scope
  237 |     while (running_) {
      |            ^~~~~~~~
/run/media/jpereiratrindade/labeco10T/dev/cpp/SisterAppEngine_base_v330/src/core/application.cpp:245:24: error: ‘limitIdleFps_’ was not declared in this scope
  245 |         bool isIdle = (limitIdleFps_ && (currentTime - inputManager_.lastInputSeconds() > 5.0));
      |                        ^~~~~~~~~~~~~
/run/media/jpereiratrindade/labeco10T/dev/cpp/SisterAppEngine_base_v330/src/core/application.cpp:247:9: error: ‘processEvents’ was not declared in this scope
  247 |         processEvents(deltaSeconds);
      |         ^~~~~~~~~~~~~
/run/media/jpereiratrindade/labeco10T/dev/cpp/SisterAppEngine_base_v330/src/core/application.cpp:248:9: error: ‘update’ was not declared in this scope
  248 |         update(deltaSeconds);
      |         ^~~~~~
/run/media/jpereiratrindade/labeco10T/dev/cpp/SisterAppEngine_base_v330/src/core/application.cpp:251:20: error: ‘currentFrame_’ was not declared in this scope; did you mean ‘currentTime’?
  251 |             render(currentFrame_);
      |                    ^~~~~~~~~~~~~
      |                    currentTime
/run/media/jpereiratrindade/labeco10T/dev/cpp/SisterAppEngine_base_v330/src/core/application.cpp:251:13: error: ‘render’ was not declared in this scope; did you mean ‘rindex’?
  251 |             render(currentFrame_);
      |             ^~~~~~
      |             rindex
/run/media/jpereiratrindade/labeco10T/dev/cpp/SisterAppEngine_base_v330/src/core/application.cpp:258:32: error: ‘fpsCapEnabled_’ was not declared in this scope
  258 |                 float capFps = fpsCapEnabled_ ? fpsCapTarget_ : 0.0f;
      |                                ^~~~~~~~~~~~~~
/run/media/jpereiratrindade/labeco10T/dev/cpp/SisterAppEngine_base_v330/src/core/application.cpp:258:49: error: ‘fpsCapTarget_’ was not declared in this scope
  258 |                 float capFps = fpsCapEnabled_ ? fpsCapTarget_ : 0.0f;
      |                                                 ^~~~~~~~~~~~~
/run/media/jpereiratrindade/labeco10T/dev/cpp/SisterAppEngine_base_v330/src/core/application.cpp:259:22: error: ‘vsyncEnabled_’ was not declared in this scope
  259 |                 if (!vsyncEnabled_ && vsyncOffFpsCap_ > 1.0f) {
      |                      ^~~~~~~~~~~~~
/run/media/jpereiratrindade/labeco10T/dev/cpp/SisterAppEngine_base_v330/src/core/application.cpp:259:39: error: ‘vsyncOffFpsCap_’ was not declared in this scope
  259 |                 if (!vsyncEnabled_ && vsyncOffFpsCap_ > 1.0f) {
      |                                       ^~~~~~~~~~~~~~~
/run/media/jpereiratrindade/labeco10T/dev/cpp/SisterAppEngine_base_v330/src/core/application.cpp:274:14: error: ‘needsRecreate_’ was not declared in this scope
  274 |         if (!needsRecreate_) {
      |              ^~~~~~~~~~~~~~
/run/media/jpereiratrindade/labeco10T/dev/cpp/SisterAppEngine_base_v330/src/core/application.cpp:275:13: error: ‘currentFrame_’ was not declared in this scope; did you mean ‘currentTime’?
  275 |             currentFrame_ = (currentFrame_ + 1) % swapchain_->images().size();
      |             ^~~~~~~~~~~~~
      |             currentTime
/run/media/jpereiratrindade/labeco10T/dev/cpp/SisterAppEngine_base_v330/src/core/application.cpp:275:51: error: ‘swapchain_’ was not declared in this scope
  275 |             currentFrame_ = (currentFrame_ + 1) % swapchain_->images().size();
      |                                                   ^~~~~~~~~~
/run/media/jpereiratrindade/labeco10T/dev/cpp/SisterAppEngine_base_v330/src/core/application.cpp: At global scope:
/run/media/jpereiratrindade/labeco10T/dev/cpp/SisterAppEngine_base_v330/src/core/application.cpp:280:6: error: ‘Application’ has not been declared; did you mean ‘VkApplicationInfo’?
  280 | void Application::processEvents(double dt) {
      |      ^~~~~~~~~~~
      |      VkApplicationInfo
/run/media/jpereiratrindade/labeco10T/dev/cpp/SisterAppEngine_base_v330/src/core/application.cpp: In function ‘void processEvents(double)’:
/run/media/jpereiratrindade/labeco10T/dev/cpp/SisterAppEngine_base_v330/src/core/application.cpp:285:9: error: ‘inputManager_’ was not declared in this scope
  285 |         inputManager_.recordEvent(event);
      |         ^~~~~~~~~~~~~
/run/media/jpereiratrindade/labeco10T/dev/cpp/SisterAppEngine_base_v330/src/core/application.cpp:295:13: error: ‘camera_’ was not declared in this scope
  295 |             camera_.processEvent(event);
      |             ^~~~~~~
/run/media/jpereiratrindade/labeco10T/dev/cpp/SisterAppEngine_base_v330/src/core/application.cpp:299:21: error: ‘voxelScene_’ was not declared in this scope; did you mean ‘VoxelScene’?
  299 |                 if (voxelScene_ && terrain_ && camera_.getCameraMode() == graphics::CameraMode::FreeFlight) {
      |                     ^~~~~~~~~~~
      |                     VoxelScene
/run/media/jpereiratrindade/labeco10T/dev/cpp/SisterAppEngine_base_v330/src/core/application.cpp:299:36: error: ‘terrain_’ was not declared in this scope; did you mean ‘terrain’?
  299 |                 if (voxelScene_ && terrain_ && camera_.getCameraMode() == graphics::CameraMode::FreeFlight) {
      |                                    ^~~~~~~~
      |                                    terrain
/run/media/jpereiratrindade/labeco10T/dev/cpp/SisterAppEngine_base_v330/src/core/application.cpp:300:50: error: ‘swapchain_’ was not declared in this scope
  300 |                     float w = static_cast<float>(swapchain_->extent().width);
      |                                                  ^~~~~~~~~~
/run/media/jpereiratrindade/labeco10T/dev/cpp/SisterAppEngine_base_v330/src/core/application.cpp:304:64: error: ‘lastSurfaceInfo_’ was not declared in this scope
  304 |                     if (voxelScene_->probeSurface(ray, 600.0f, lastSurfaceInfo_, lastSurfaceValid_)) {
      |                                                                ^~~~~~~~~~~~~~~~
/run/media/jpereiratrindade/labeco10T/dev/cpp/SisterAppEngine_base_v330/src/core/application.cpp:304:82: error: ‘lastSurfaceValid_’ was not declared in this scope
  304 |                     if (voxelScene_->probeSurface(ray, 600.0f, lastSurfaceInfo_, lastSurfaceValid_)) {
      |                                                                                  ^~~~~~~~~~~~~~~~~
/run/media/jpereiratrindade/labeco10T/dev/cpp/SisterAppEngine_base_v330/src/core/application.cpp:312:13: error: ‘running_’ was not declared in this scope
  312 |             running_ = false;
      |             ^~~~~~~~
/run/media/jpereiratrindade/labeco10T/dev/cpp/SisterAppEngine_base_v330/src/core/application.cpp:316:13: error: ‘needsRecreate_’ was not declared in this scope
  316 |             needsRecreate_ = true;
      |             ^~~~~~~~~~~~~~
/run/media/jpereiratrindade/labeco10T/dev/cpp/SisterAppEngine_base_v330/src/core/application.cpp:323:21: error: ‘camera_’ was not declared in this scope
  323 |                 if (camera_.getCameraMode() == graphics::CameraMode::Orbital) {
      |                     ^~~~~~~
/run/media/jpereiratrindade/labeco10T/dev/cpp/SisterAppEngine_base_v330/src/core/application.cpp:336:17: error: ‘camera_’ was not declared in this scope
  336 |                 camera_.setFovDegrees(camera_.getFovDegrees() - 5.0f);
      |                 ^~~~~~~
/run/media/jpereiratrindade/labeco10T/dev/cpp/SisterAppEngine_base_v330/src/core/application.cpp:339:17: error: ‘camera_’ was not declared in this scope
  339 |                 camera_.setFovDegrees(camera_.getFovDegrees() + 5.0f);
      |                 ^~~~~~~
/run/media/jpereiratrindade/labeco10T/dev/cpp/SisterAppEngine_base_v330/src/core/application.cpp:346:21: error: ‘camera_’ was not declared in this scope
  346 |                     camera_.teleportTo({0.0f, 60.0f, 0.0f}); // High above terrain
      |                     ^~~~~~~
/run/media/jpereiratrindade/labeco10T/dev/cpp/SisterAppEngine_base_v330/src/core/application.cpp:352:21: error: ‘camera_’ was not declared in this scope
  352 |                     camera_.teleportTo({10.0f, 60.0f, 10.0f});
      |                     ^~~~~~~
/run/media/jpereiratrindade/labeco10T/dev/cpp/SisterAppEngine_base_v330/src/core/application.cpp:356:21: error: ‘camera_’ was not declared in this scope
  356 |                     camera_.teleportTo({-10.0f, 60.0f, 10.0f});
      |                     ^~~~~~~
/run/media/jpereiratrindade/labeco10T/dev/cpp/SisterAppEngine_base_v330/src/core/application.cpp:360:21: error: ‘camera_’ was not declared in this scope
  360 |                     camera_.teleportTo({-10.0f, 60.0f, -10.0f});
      |                     ^~~~~~~
/run/media/jpereiratrindade/labeco10T/dev/cpp/SisterAppEngine_base_v330/src/core/application.cpp:364:21: error: ‘camera_’ was not declared in this scope
  364 |                     camera_.teleportTo({10.0f, 60.0f, -10.0f});
      |                     ^~~~~~~
/run/media/jpereiratrindade/labeco10T/dev/cpp/SisterAppEngine_base_v330/src/core/application.cpp:370:21: error: ‘saveBookmark’ was not declared in this scope
  370 |                     saveBookmark("Quick Slot 1");
      |                     ^~~~~~~~~~~~
/run/media/jpereiratrindade/labeco10T/dev/cpp/SisterAppEngine_base_v330/src/core/application.cpp:372:57: error: ‘bookmarks_’ was not declared in this scope
  372 |                 if (event.key.keysym.sym == SDLK_F6 && !bookmarks_.empty()) {
      |                                                         ^~~~~~~~~~
/run/media/jpereiratrindade/labeco10T/dev/cpp/SisterAppEngine_base_v330/src/core/application.cpp:373:21: error: ‘loadBookmark’ was not declared in this scope
  373 |                     loadBookmark(0);
      |                     ^~~~~~~~~~~~
/run/media/jpereiratrindade/labeco10T/dev/cpp/SisterAppEngine_base_v330/src/core/application.cpp:375:56: error: ‘bookmarks_’ was not declared in this scope
  375 |                 if (event.key.keysym.sym == SDLK_F7 && bookmarks_.size() > 1) {
      |                                                        ^~~~~~~~~~
/run/media/jpereiratrindade/labeco10T/dev/cpp/SisterAppEngine_base_v330/src/core/application.cpp:376:21: error: ‘loadBookmark’ was not declared in this scope
  376 |                     loadBookmark(1);
      |                     ^~~~~~~~~~~~
/run/media/jpereiratrindade/labeco10T/dev/cpp/SisterAppEngine_base_v330/src/core/application.cpp:378:56: error: ‘bookmarks_’ was not declared in this scope
  378 |                 if (event.key.keysym.sym == SDLK_F8 && bookmarks_.size() > 2) {
      |                                                        ^~~~~~~~~~
/run/media/jpereiratrindade/labeco10T/dev/cpp/SisterAppEngine_base_v330/src/core/application.cpp:379:21: error: ‘loadBookmark’ was not declared in this scope
  379 |                     loadBookmark(2);
      |                     ^~~~~~~~~~~~
/run/media/jpereiratrindade/labeco10T/dev/cpp/SisterAppEngine_base_v330/src/core/application.cpp:384:25: error: ‘camera_’ was not declared in this scope
  384 |                     if (camera_.getCameraMode() == graphics::CameraMode::FreeFlight) {
      |                         ^~~~~~~
/run/media/jpereiratrindade/labeco10T/dev/cpp/SisterAppEngine_base_v330/src/core/application.cpp:394:5: error: ‘inputManager_’ was not declared in this scope
  394 |     inputManager_.recordKeyboardState(state);
      |     ^~~~~~~~~~~~~
/run/media/jpereiratrindade/labeco10T/dev/cpp/SisterAppEngine_base_v330/src/core/application.cpp: At global scope:
/run/media/jpereiratrindade/labeco10T/dev/cpp/SisterAppEngine_base_v330/src/core/application.cpp:397:6: error: ‘Application’ has not been declared; did you mean ‘VkApplicationInfo’?
  397 | void Application::rebuildMaterials() {
      |      ^~~~~~~~~~~
      |      VkApplicationInfo
/run/media/jpereiratrindade/labeco10T/dev/cpp/SisterAppEngine_base_v330/src/core/application.cpp: In function ‘void rebuildMaterials()’:
/run/media/jpereiratrindade/labeco10T/dev/cpp/SisterAppEngine_base_v330/src/core/application.cpp:398:5: error: ‘lineMaterial_’ was not declared in this scope
  398 |     lineMaterial_ = createMaterial(swapchain_->renderPass(), swapchain_->extent(), VK_PRIMITIVE_TOPOLOGY_LINE_LIST, VK_POLYGON_MODE_FILL);
      |     ^~~~~~~~~~~~~
/run/media/jpereiratrindade/labeco10T/dev/cpp/SisterAppEngine_base_v330/src/core/application.cpp:398:36: error: ‘swapchain_’ was not declared in this scope
  398 |     lineMaterial_ = createMaterial(swapchain_->renderPass(), swapchain_->extent(), VK_PRIMITIVE_TOPOLOGY_LINE_LIST, VK_POLYGON_MODE_FILL);
      |                                    ^~~~~~~~~~
/run/media/jpereiratrindade/labeco10T/dev/cpp/SisterAppEngine_base_v330/src/core/application.cpp:398:21: error: ‘createMaterial’ was not declared in this scope
  398 |     lineMaterial_ = createMaterial(swapchain_->renderPass(), swapchain_->extent(), VK_PRIMITIVE_TOPOLOGY_LINE_LIST, VK_POLYGON_MODE_FILL);
      |                     ^~~~~~~~~~~~~~
/run/media/jpereiratrindade/labeco10T/dev/cpp/SisterAppEngine_base_v330/src/core/application.cpp:399:5: error: ‘pointMaterial_’ was not declared in this scope
  399 |     pointMaterial_ = createMaterial(swapchain_->renderPass(), swapchain_->extent(), VK_PRIMITIVE_TOPOLOGY_POINT_LIST, VK_POLYGON_MODE_FILL);
      |     ^~~~~~~~~~~~~~
/run/media/jpereiratrindade/labeco10T/dev/cpp/SisterAppEngine_base_v330/src/core/application.cpp:400:5: error: ‘solidMaterial_’ was not declared in this scope; did you mean ‘rebuildMaterials’?
  400 |     solidMaterial_ = createMaterial(swapchain_->renderPass(), swapchain_->extent(), VK_PRIMITIVE_TOPOLOGY_TRIANGLE_LIST, VK_POLYGON_MODE_FILL);
      |     ^~~~~~~~~~~~~~
      |     rebuildMaterials
/run/media/jpereiratrindade/labeco10T/dev/cpp/SisterAppEngine_base_v330/src/core/application.cpp:402:9: error: ‘wireframeSupported_’ was not declared in this scope
  402 |     if (wireframeSupported_) {
      |         ^~~~~~~~~~~~~~~~~~~
/run/media/jpereiratrindade/labeco10T/dev/cpp/SisterAppEngine_base_v330/src/core/application.cpp:403:9: error: ‘wireframeMaterial_’ was not declared in this scope
  403 |         wireframeMaterial_ = createMaterial(swapchain_->renderPass(), swapchain_->extent(), VK_PRIMITIVE_TOPOLOGY_TRIANGLE_LIST, VK_POLYGON_MODE_LINE);
      |         ^~~~~~~~~~~~~~~~~~
/run/media/jpereiratrindade/labeco10T/dev/cpp/SisterAppEngine_base_v330/src/core/application.cpp:405:9: error: ‘wireframeMaterial_’ was not declared in this scope
  405 |         wireframeMaterial_.reset(); // Ensure it's null if not supported
      |         ^~~~~~~~~~~~~~~~~~
/run/media/jpereiratrindade/labeco10T/dev/cpp/SisterAppEngine_base_v330/src/core/application.cpp:407:54: error: ‘ctx_’ was not declared in this scope
  407 |     auto envVs = std::make_shared<graphics::Shader>(*ctx_, "shaders/environment.vert.spv");
      |                                                      ^~~~
/run/media/jpereiratrindade/labeco10T/dev/cpp/SisterAppEngine_base_v330/src/core/application.cpp:409:5: error: ‘environmentMaterial_’ was not declared in this scope
  409 |     environmentMaterial_ = std::make_unique<graphics::Material>(*ctx_, swapchain_->renderPass(), swapchain_->extent(), envVs, envFs,
      |     ^~~~~~~~~~~~~~~~~~~~
/run/media/jpereiratrindade/labeco10T/dev/cpp/SisterAppEngine_base_v330/src/core/application.cpp:413:5: error: ‘voxelMaterial_’ was not declared in this scope
  413 |     voxelMaterial_ = std::make_unique<graphics::Material>(*ctx_, swapchain_->renderPass(), swapchain_->extent(), voxVs, voxFs,
      |     ^~~~~~~~~~~~~~
/run/media/jpereiratrindade/labeco10T/dev/cpp/SisterAppEngine_base_v330/src/core/application.cpp:416:5: error: ‘waterMaterial_’ was not declared in this scope
  416 |     waterMaterial_ = std::make_unique<graphics::Material>(*ctx_, swapchain_->renderPass(), swapchain_->extent(), voxVs, voxFs,
      |     ^~~~~~~~~~~~~~
/run/media/jpereiratrindade/labeco10T/dev/cpp/SisterAppEngine_base_v330/src/core/application.cpp:419:9: error: ‘voxelScene_’ was not declared in this scope; did you mean ‘VoxelScene’?
  419 |     if (voxelScene_) {
      |         ^~~~~~~~~~~
      |         VoxelScene
/run/media/jpereiratrindade/labeco10T/dev/cpp/SisterAppEngine_base_v330/src/core/application.cpp: At global scope:
/run/media/jpereiratrindade/labeco10T/dev/cpp/SisterAppEngine_base_v330/src/core/application.cpp:423:6: error: ‘Application’ has not been declared; did you mean ‘VkApplicationInfo’?
  423 | void Application::update(double dt) {
      |      ^~~~~~~~~~~
      |      VkApplicationInfo
/run/media/jpereiratrindade/labeco10T/dev/cpp/SisterAppEngine_base_v330/src/core/application.cpp: In function ‘void update(double)’:
/run/media/jpereiratrindade/labeco10T/dev/cpp/SisterAppEngine_base_v330/src/core/application.cpp:427:5: error: ‘camera_’ was not declared in this scope
  427 |     camera_.processKeyboard(keyState, static_cast<float>(dt));
      |     ^~~~~~~
/run/media/jpereiratrindade/labeco10T/dev/cpp/SisterAppEngine_base_v330/src/core/application.cpp:429:9: error: ‘voxelScene_’ was not declared in this scope; did you mean ‘VoxelScene’?
  429 |     if (voxelScene_) {
      |         ^~~~~~~~~~~
      |         VoxelScene
/run/media/jpereiratrindade/labeco10T/dev/cpp/SisterAppEngine_base_v330/src/core/application.cpp:431:59: error: ‘currentFrame_’ was not declared in this scope
  431 |         voxelScene_->update(dt, camera_, static_cast<int>(currentFrame_));
      |                                                           ^~~~~~~~~~~~~
/run/media/jpereiratrindade/labeco10T/dev/cpp/SisterAppEngine_base_v330/src/core/application.cpp:437:9: error: ‘animationEnabled_’ was not declared in this scope
  437 |     if (animationEnabled_) {
      |         ^~~~~~~~~~~~~~~~~
/run/media/jpereiratrindade/labeco10T/dev/cpp/SisterAppEngine_base_v330/src/core/application.cpp:438:9: error: ‘gridAnimator_’ was not declared in this scope
  438 |         gridAnimator_.update(static_cast<float>(dt));
      |         ^~~~~~~~~~~~~
/run/media/jpereiratrindade/labeco10T/dev/cpp/SisterAppEngine_base_v330/src/core/application.cpp:439:9: error: ‘axesAnimator_’ was not declared in this scope
  439 |         axesAnimator_.update(static_cast<float>(dt));
      |         ^~~~~~~~~~~~~
/run/media/jpereiratrindade/labeco10T/dev/cpp/SisterAppEngine_base_v330/src/core/application.cpp: At global scope:
/run/media/jpereiratrindade/labeco10T/dev/cpp/SisterAppEngine_base_v330/src/core/application.cpp:444:6: error: ‘Application’ has not been declared; did you mean ‘VkApplicationInfo’?
  444 | void Application::recreateSwapchain() {
      |      ^~~~~~~~~~~
      |      VkApplicationInfo
/run/media/jpereiratrindade/labeco10T/dev/cpp/SisterAppEngine_base_v330/src/core/application.cpp: In function ‘void recreateSwapchain()’:
/run/media/jpereiratrindade/labeco10T/dev/cpp/SisterAppEngine_base_v330/src/core/application.cpp:445:22: error: ‘ctx_’ was not declared in this scope
  445 |     vkDeviceWaitIdle(ctx_->device());
      |                      ^~~~
/run/media/jpereiratrindade/labeco10T/dev/cpp/SisterAppEngine_base_v330/src/core/application.cpp:448:5: error: ‘renderer_’ was not declared in this scope
  448 |     renderer_.destroy();
      |     ^~~~~~~~~
/run/media/jpereiratrindade/labeco10T/dev/cpp/SisterAppEngine_base_v330/src/core/application.cpp:450:9: error: ‘commandPool_’ was not declared in this scope; did you mean ‘VkCommandPool_T’?
  450 |     if (commandPool_) {
      |         ^~~~~~~~~~~~
      |         VkCommandPool_T
/run/media/jpereiratrindade/labeco10T/dev/cpp/SisterAppEngine_base_v330/src/core/application.cpp:451:28: error: ‘commandBuffers_’ was not declared in this scope; did you mean ‘VkCommandBuffer_T’?
  451 |         commandPool_->free(commandBuffers_);
      |                            ^~~~~~~~~~~~~~~
      |                            VkCommandBuffer_T
/run/media/jpereiratrindade/labeco10T/dev/cpp/SisterAppEngine_base_v330/src/core/application.cpp:453:5: error: ‘commandBuffers_’ was not declared in this scope; did you mean ‘VkCommandBuffer_T’?
  453 |     commandBuffers_.clear();
      |     ^~~~~~~~~~~~~~~
      |     VkCommandBuffer_T
/run/media/jpereiratrindade/labeco10T/dev/cpp/SisterAppEngine_base_v330/src/core/application.cpp:455:5: error: ‘syncObjects_’ was not declared in this scope
  455 |     syncObjects_.reset();
      |     ^~~~~~~~~~~~
/run/media/jpereiratrindade/labeco10T/dev/cpp/SisterAppEngine_base_v330/src/core/application.cpp:457:5: error: ‘swapchain_’ was not declared in this scope
  457 |     swapchain_->recreate(sdl_.window, vsyncEnabled_);
      |     ^~~~~~~~~~
/run/media/jpereiratrindade/labeco10T/dev/cpp/SisterAppEngine_base_v330/src/core/application.cpp:457:26: error: ‘sdl_’ was not declared in this scope
  457 |     swapchain_->recreate(sdl_.window, vsyncEnabled_);
      |                          ^~~~
/run/media/jpereiratrindade/labeco10T/dev/cpp/SisterAppEngine_base_v330/src/core/application.cpp:457:39: error: ‘vsyncEnabled_’ was not declared in this scope
  457 |     swapchain_->recreate(sdl_.window, vsyncEnabled_);
      |                                       ^~~~~~~~~~~~~
/run/media/jpereiratrindade/labeco10T/dev/cpp/SisterAppEngine_base_v330/src/core/application.cpp:458:37: error: ‘SyncObjects’ was not declared in this scope; did you mean ‘core::SyncObjects’?
  458 |     syncObjects_ = std::make_unique<SyncObjects>(*ctx_, static_cast<uint32_t>(swapchain_->images().size()));
      |                                     ^~~~~~~~~~~
      |                                     core::SyncObjects
In file included from /run/media/jpereiratrindade/labeco10T/dev/cpp/SisterAppEngine_base_v330/src/core/application.h:8,
                 from /run/media/jpereiratrindade/labeco10T/dev/cpp/SisterAppEngine_base_v330/src/core/application.cpp:1:
/run/media/jpereiratrindade/labeco10T/dev/cpp/SisterAppEngine_base_v330/src/core/sync_objects.h:20:7: note: ‘core::SyncObjects’ declared here
   20 | class SyncObjects {
      |       ^~~~~~~~~~~
/run/media/jpereiratrindade/labeco10T/dev/cpp/SisterAppEngine_base_v330/src/core/application.cpp:459:9: error: ‘terrain_’ was not declared in this scope; did you mean ‘terrain’?
  459 |     if (terrain_) {
      |         ^~~~~~~~
      |         terrain
/run/media/jpereiratrindade/labeco10T/dev/cpp/SisterAppEngine_base_v330/src/core/application.cpp:464:5: error: ‘imagesInFlight_’ was not declared in this scope
  464 |     imagesInFlight_.clear();
      |     ^~~~~~~~~~~~~~~
/run/media/jpereiratrindade/labeco10T/dev/cpp/SisterAppEngine_base_v330/src/core/application.cpp:467:23: error: ‘commandPool_’ was not declared in this scope; did you mean ‘VkCommandPool_T’?
  467 |     commandBuffers_ = commandPool_->allocate(static_cast<uint32_t>(swapchain_->images().size()));
      |                       ^~~~~~~~~~~~
      |                       VkCommandPool_T
/run/media/jpereiratrindade/labeco10T/dev/cpp/SisterAppEngine_base_v330/src/core/application.cpp:469:111: error: ‘descriptorPool_’ was not declared in this scope; did you mean ‘VkDescriptorPool_T’?
  469 |     if (!initImGuiVulkan(*ctx_, swapchain_->renderPass(), static_cast<uint32_t>(swapchain_->images().size()), descriptorPool_)) {
      |                                                                                                               ^~~~~~~~~~~~~~~
      |                                                                                                               VkDescriptorPool_T
/run/media/jpereiratrindade/labeco10T/dev/cpp/SisterAppEngine_base_v330/src/core/application.cpp:477:5: error: ‘camera_’ was not declared in this scope
  477 |     camera_.setAspect(static_cast<float>(swapchain_->extent().width) / static_cast<float>(swapchain_->extent().height));
      |     ^~~~~~~
/run/media/jpereiratrindade/labeco10T/dev/cpp/SisterAppEngine_base_v330/src/core/application.cpp:479:5: error: ‘currentFrame_’ was not declared in this scope
  479 |     currentFrame_ = 0;
      |     ^~~~~~~~~~~~~
/run/media/jpereiratrindade/labeco10T/dev/cpp/SisterAppEngine_base_v330/src/core/application.cpp:480:5: error: ‘needsRecreate_’ was not declared in this scope
  480 |     needsRecreate_ = false;
      |     ^~~~~~~~~~~~~~
/run/media/jpereiratrindade/labeco10T/dev/cpp/SisterAppEngine_base_v330/src/core/application.cpp: At global scope:
/run/media/jpereiratrindade/labeco10T/dev/cpp/SisterAppEngine_base_v330/src/core/application.cpp:483:6: error: ‘Application’ has not been declared; did you mean ‘VkApplicationInfo’?
  483 | void Application::render(size_t frameIndex) {
      |      ^~~~~~~~~~~
      |      VkApplicationInfo
/run/media/jpereiratrindade/labeco10T/dev/cpp/SisterAppEngine_base_v330/src/core/application.cpp: In function ‘void render(size_t)’:
/run/media/jpereiratrindade/labeco10T/dev/cpp/SisterAppEngine_base_v330/src/core/application.cpp:484:9: error: ‘needsRecreate_’ was not declared in this scope
  484 |     if (needsRecreate_) {
      |         ^~~~~~~~~~~~~~
/run/media/jpereiratrindade/labeco10T/dev/cpp/SisterAppEngine_base_v330/src/core/application.cpp:489:5: error: ‘syncObjects_’ was not declared in this scope
  489 |     syncObjects_->waitForFence(frameIndex);
      |     ^~~~~~~~~~~~
/run/media/jpereiratrindade/labeco10T/dev/cpp/SisterAppEngine_base_v330/src/core/application.cpp:492:42: error: ‘ctx_’ was not declared in this scope
  492 |     VkResult res = vkAcquireNextImageKHR(ctx_->device(), swapchain_->handle(), UINT64_MAX,
      |                                          ^~~~
/run/media/jpereiratrindade/labeco10T/dev/cpp/SisterAppEngine_base_v330/src/core/application.cpp:492:58: error: ‘swapchain_’ was not declared in this scope
  492 |     VkResult res = vkAcquireNextImageKHR(ctx_->device(), swapchain_->handle(), UINT64_MAX,
      |                                                          ^~~~~~~~~~
/run/media/jpereiratrindade/labeco10T/dev/cpp/SisterAppEngine_base_v330/src/core/application.cpp:496:9: error: ‘needsRecreate_’ was not declared in this scope
  496 |         needsRecreate_ = true;
      |         ^~~~~~~~~~~~~~
/run/media/jpereiratrindade/labeco10T/dev/cpp/SisterAppEngine_base_v330/src/core/application.cpp:501:9: error: ‘imagesInFlight_’ was not declared in this scope
  501 |     if (imagesInFlight_[imageIndex] != VK_NULL_HANDLE) {
      |         ^~~~~~~~~~~~~~~
/run/media/jpereiratrindade/labeco10T/dev/cpp/SisterAppEngine_base_v330/src/core/application.cpp:505:5: error: ‘imagesInFlight_’ was not declared in this scope
  505 |     imagesInFlight_[imageIndex] = syncObjects_->inFlight(frameIndex);
      |     ^~~~~~~~~~~~~~~
/run/media/jpereiratrindade/labeco10T/dev/cpp/SisterAppEngine_base_v330/src/core/application.cpp:508:26: error: ‘commandBuffers_’ was not declared in this scope; did you mean ‘VkCommandBuffer_T’?
  508 |     vkResetCommandBuffer(commandBuffers_[imageIndex], 0);
      |                          ^~~~~~~~~~~~~~~
      |                          VkCommandBuffer_T
/run/media/jpereiratrindade/labeco10T/dev/cpp/SisterAppEngine_base_v330/src/core/application.cpp:535:25: error: ‘camera_’ was not declared in this scope
  535 |     const float* view = camera_.viewMatrix();
      |                         ^~~~~~~
/run/media/jpereiratrindade/labeco10T/dev/cpp/SisterAppEngine_base_v330/src/core/application.cpp:562:10: error: ‘terrain_’ was not declared in this scope; did you mean ‘terrain’?
  562 |     if (!terrain_) {
      |          ^~~~~~~~
      |          terrain
/run/media/jpereiratrindade/labeco10T/dev/cpp/SisterAppEngine_base_v330/src/core/application.cpp:567:13: error: ‘renderer_’ was not declared in this scope; did you mean ‘render’?
  567 |             renderer_.record(cmd, gridMesh_.get(), lineMaterial_.get(), swapchain_->extent(), mvp, opts);
      |             ^~~~~~~~~
      |             render
/run/media/jpereiratrindade/labeco10T/dev/cpp/SisterAppEngine_base_v330/src/core/application.cpp:567:35: error: ‘gridMesh_’ was not declared in this scope
  567 |             renderer_.record(cmd, gridMesh_.get(), lineMaterial_.get(), swapchain_->extent(), mvp, opts);
      |                                   ^~~~~~~~~
/run/media/jpereiratrindade/labeco10T/dev/cpp/SisterAppEngine_base_v330/src/core/application.cpp:567:52: error: ‘lineMaterial_’ was not declared in this scope
  567 |             renderer_.record(cmd, gridMesh_.get(), lineMaterial_.get(), swapchain_->extent(), mvp, opts);
      |                                                    ^~~~~~~~~~~~~
/run/media/jpereiratrindade/labeco10T/dev/cpp/SisterAppEngine_base_v330/src/core/application.cpp:571:13: error: ‘distanceMarkersMesh_’ was not declared in this scope
  571 |         if (distanceMarkersMesh_) {
      |             ^~~~~~~~~~~~~~~~~~~~
/run/media/jpereiratrindade/labeco10T/dev/cpp/SisterAppEngine_base_v330/src/core/application.cpp:574:13: error: ‘renderer_’ was not declared in this scope; did you mean ‘render’?
  574 |             renderer_.record(cmd, distanceMarkersMesh_.get(), lineMaterial_.get(), swapchain_->extent(), mvp, opts);
      |             ^~~~~~~~~
      |             render
/run/media/jpereiratrindade/labeco10T/dev/cpp/SisterAppEngine_base_v330/src/core/application.cpp:574:63: error: ‘lineMaterial_’ was not declared in this scope
  574 |             renderer_.record(cmd, distanceMarkersMesh_.get(), lineMaterial_.get(), swapchain_->extent(), mvp, opts);
      |                                                               ^~~~~~~~~~~~~
/run/media/jpereiratrindade/labeco10T/dev/cpp/SisterAppEngine_base_v330/src/core/application.cpp:581:17: error: ‘animationEnabled_’ was not declared in this scope
  581 |             if (animationEnabled_) {
      |                 ^~~~~~~~~~~~~~~~~
/run/media/jpereiratrindade/labeco10T/dev/cpp/SisterAppEngine_base_v330/src/core/application.cpp:584:17: error: ‘axesAnimator_’ was not declared in this scope
  584 |                 axesAnimator_.transform().toMatrix(modelMat);
      |                 ^~~~~~~~~~~~~
/run/media/jpereiratrindade/labeco10T/dev/cpp/SisterAppEngine_base_v330/src/core/application.cpp:597:13: error: ‘renderer_’ was not declared in this scope; did you mean ‘render’?
  597 |             renderer_.record(cmd, axesMesh_.get(), lineMaterial_.get(), swapchain_->extent(), axesMVP, opts);
      |             ^~~~~~~~~
      |             render
/run/media/jpereiratrindade/labeco10T/dev/cpp/SisterAppEngine_base_v330/src/core/application.cpp:597:35: error: ‘axesMesh_’ was not declared in this scope
  597 |             renderer_.record(cmd, axesMesh_.get(), lineMaterial_.get(), swapchain_->extent(), axesMVP, opts);
      |                                   ^~~~~~~~~
/run/media/jpereiratrindade/labeco10T/dev/cpp/SisterAppEngine_base_v330/src/core/application.cpp:597:52: error: ‘lineMaterial_’ was not declared in this scope
  597 |             renderer_.record(cmd, axesMesh_.get(), lineMaterial_.get(), swapchain_->extent(), axesMVP, opts);
      |                                                    ^~~~~~~~~~~~~
/run/media/jpereiratrindade/labeco10T/dev/cpp/SisterAppEngine_base_v330/src/core/application.cpp:613:9: error: ‘useFiniteWorld_’ was not declared in this scope
  613 |     if (useFiniteWorld_ && finiteRenderer_) {
      |         ^~~~~~~~~~~~~~~
/run/media/jpereiratrindade/labeco10T/dev/cpp/SisterAppEngine_base_v330/src/core/application.cpp:613:28: error: ‘finiteRenderer_’ was not declared in this scope
  613 |     if (useFiniteWorld_ && finiteRenderer_) {
      |                            ^~~~~~~~~~~~~~~
/run/media/jpereiratrindade/labeco10T/dev/cpp/SisterAppEngine_base_v330/src/core/application.cpp:621:16: error: ‘voxelScene_’ was not declared in this scope; did you mean ‘VoxelScene’?
  621 |     } else if (voxelScene_) {
      |                ^~~~~~~~~~~
      |                VoxelScene
/run/media/jpereiratrindade/labeco10T/dev/cpp/SisterAppEngine_base_v330/src/core/application.cpp:622:55: error: ‘voxelStats_’ was not declared in this scope
  622 |         voxelScene_->render(cmd, view, proj, camera_, voxelStats_, swapchain_->extent());
      |                                                       ^~~~~~~~~~~
/run/media/jpereiratrindade/labeco10T/dev/cpp/SisterAppEngine_base_v330/src/core/application.cpp:630:9: error: ‘running_’ was not declared in this scope
  630 |         running_,
      |         ^~~~~~~~
/run/media/jpereiratrindade/labeco10T/dev/cpp/SisterAppEngine_base_v330/src/core/application.cpp:631:9: error: ‘needsRecreate_’ was not declared in this scope
  631 |         needsRecreate_,
      |         ^~~~~~~~~~~~~~
/run/media/jpereiratrindade/labeco10T/dev/cpp/SisterAppEngine_base_v330/src/core/application.cpp:632:9: error: ‘vsyncEnabled_’ was not declared in this scope
  632 |         vsyncEnabled_,
      |         ^~~~~~~~~~~~~
/run/media/jpereiratrindade/labeco10T/dev/cpp/SisterAppEngine_base_v330/src/core/application.cpp:633:9: error: ‘limitIdleFps_’ was not declared in this scope
  633 |         limitIdleFps_,
      |         ^~~~~~~~~~~~~
/run/media/jpereiratrindade/labeco10T/dev/cpp/SisterAppEngine_base_v330/src/core/application.cpp:634:9: error: ‘fpsCapEnabled_’ was not declared in this scope
  634 |         fpsCapEnabled_,
      |         ^~~~~~~~~~~~~~
/run/media/jpereiratrindade/labeco10T/dev/cpp/SisterAppEngine_base_v330/src/core/application.cpp:635:9: error: ‘fpsCapTarget_’ was not declared in this scope
  635 |         fpsCapTarget_,
      |         ^~~~~~~~~~~~~
/run/media/jpereiratrindade/labeco10T/dev/cpp/SisterAppEngine_base_v330/src/core/application.cpp:636:9: error: ‘animationEnabled_’ was not declared in this scope
  636 |         animationEnabled_,
      |         ^~~~~~~~~~~~~~~~~
/run/media/jpereiratrindade/labeco10T/dev/cpp/SisterAppEngine_base_v330/src/core/application.cpp:637:9: error: ‘showVegetation_’ was not declared in this scope
  637 |         showVegetation_,
      |         ^~~~~~~~~~~~~~~
/run/media/jpereiratrindade/labeco10T/dev/cpp/SisterAppEngine_base_v330/src/core/application.cpp:639:9: error: ‘terrain_’ was not declared in this scope; did you mean ‘terrain’?
  639 |         terrain_.get(),
      |         ^~~~~~~~
      |         terrain
/run/media/jpereiratrindade/labeco10T/dev/cpp/SisterAppEngine_base_v330/src/core/application.cpp:644:9: error: ‘axesAnimator_’ was not declared in this scope
  644 |         axesAnimator_,
      |         ^~~~~~~~~~~~~
/run/media/jpereiratrindade/labeco10T/dev/cpp/SisterAppEngine_base_v330/src/core/application.cpp:645:9: error: ‘bookmarks_’ was not declared in this scope
  645 |         bookmarks_,
      |         ^~~~~~~~~~
/run/media/jpereiratrindade/labeco10T/dev/cpp/SisterAppEngine_base_v330/src/core/application.cpp:646:9: error: ‘lastSurfaceInfo_’ was not declared in this scope
  646 |         lastSurfaceInfo_,
      |         ^~~~~~~~~~~~~~~~
/run/media/jpereiratrindade/labeco10T/dev/cpp/SisterAppEngine_base_v330/src/core/application.cpp:647:9: error: ‘lastSurfaceValid_’ was not declared in this scope
  647 |         lastSurfaceValid_
      |         ^~~~~~~~~~~~~~~~~
/run/media/jpereiratrindade/labeco10T/dev/cpp/SisterAppEngine_base_v330/src/core/application.cpp:650:5: error: ‘uiLayer_’ was not declared in this scope
  650 |     uiLayer_->render(uiCtx, cmd);
      |     ^~~~~~~~
/run/media/jpereiratrindade/labeco10T/dev/cpp/SisterAppEngine_base_v330/src/core/application.cpp: At global scope:
/run/media/jpereiratrindade/labeco10T/dev/cpp/SisterAppEngine_base_v330/src/core/application.cpp:686:37: error: ‘Application’ has not been declared; did you mean ‘VkApplicationInfo’?
  686 | std::unique_ptr<graphics::Material> Application::createMaterial(VkRenderPass renderPass, VkExtent2D extent, VkPrimitiveTopology topology, VkPolygonMode polygonMode) {
      |                                     ^~~~~~~~~~~
      |                                     VkApplicationInfo
/run/media/jpereiratrindade/labeco10T/dev/cpp/SisterAppEngine_base_v330/src/core/application.cpp: In function ‘std::unique_ptr<graphics::Material> createMaterial(VkRenderPass, VkExtent2D, VkPrimitiveTopology, VkPolygonMode)’:
/run/media/jpereiratrindade/labeco10T/dev/cpp/SisterAppEngine_base_v330/src/core/application.cpp:687:51: error: ‘ctx_’ was not declared in this scope
  687 |     auto vs = std::make_shared<graphics::Shader>(*ctx_, "shaders/basic.vert.spv");
      |                                                   ^~~~
/run/media/jpereiratrindade/labeco10T/dev/cpp/SisterAppEngine_base_v330/src/core/application.cpp: At global scope:
/run/media/jpereiratrindade/labeco10T/dev/cpp/SisterAppEngine_base_v330/src/core/application.cpp:694:6: error: ‘Application’ has not been declared; did you mean ‘VkApplicationInfo’?
  694 | void Application::requestTerrainReset(int warmupRadius) {
      |      ^~~~~~~~~~~
      |      VkApplicationInfo
/run/media/jpereiratrindade/labeco10T/dev/cpp/SisterAppEngine_base_v330/src/core/application.cpp: In function ‘void requestTerrainReset(int)’:
/run/media/jpereiratrindade/labeco10T/dev/cpp/SisterAppEngine_base_v330/src/core/application.cpp:695:9: error: ‘voxelScene_’ was not declared in this scope; did you mean ‘VoxelScene’?
  695 |     if (voxelScene_) {
      |         ^~~~~~~~~~~
      |         VoxelScene
/run/media/jpereiratrindade/labeco10T/dev/cpp/SisterAppEngine_base_v330/src/core/application.cpp: At global scope:
/run/media/jpereiratrindade/labeco10T/dev/cpp/SisterAppEngine_base_v330/src/core/application.cpp:702:6: error: ‘Application’ has not been declared; did you mean ‘VkApplicationInfo’?
  702 | void Application::saveBookmark(const std::string& name) {
      |      ^~~~~~~~~~~
      |      VkApplicationInfo
/run/media/jpereiratrindade/labeco10T/dev/cpp/SisterAppEngine_base_v330/src/core/application.cpp: In function ‘void saveBookmark(const std::string&)’:
/run/media/jpereiratrindade/labeco10T/dev/cpp/SisterAppEngine_base_v330/src/core/application.cpp:704:66: error: ‘bookmarks_’ was not declared in this scope; did you mean ‘bookmark’?
  704 |     bookmark.name = name.empty() ? ("Bookmark " + std::to_string(bookmarks_.size() + 1)) : name;
      |                                                                  ^~~~~~~~~~
      |                                                                  bookmark
/run/media/jpereiratrindade/labeco10T/dev/cpp/SisterAppEngine_base_v330/src/core/application.cpp:705:25: error: ‘camera_’ was not declared in this scope
  705 |     bookmark.position = camera_.getPosition();
      |                         ^~~~~~~
/run/media/jpereiratrindade/labeco10T/dev/cpp/SisterAppEngine_base_v330/src/core/application.cpp: At global scope:
/run/media/jpereiratrindade/labeco10T/dev/cpp/SisterAppEngine_base_v330/src/core/application.cpp:719:6: error: ‘Application’ has not been declared; did you mean ‘VkApplicationInfo’?
  719 | void Application::loadBookmark(size_t index) {
      |      ^~~~~~~~~~~
      |      VkApplicationInfo
/run/media/jpereiratrindade/labeco10T/dev/cpp/SisterAppEngine_base_v330/src/core/application.cpp: In function ‘void loadBookmark(size_t)’:
/run/media/jpereiratrindade/labeco10T/dev/cpp/SisterAppEngine_base_v330/src/core/application.cpp:720:18: error: ‘bookmarks_’ was not declared in this scope
  720 |     if (index >= bookmarks_.size()) {
      |                  ^~~~~~~~~~
/run/media/jpereiratrindade/labeco10T/dev/cpp/SisterAppEngine_base_v330/src/core/application.cpp:725:28: error: ‘bookmarks_’ was not declared in this scope; did you mean ‘bookmark’?
  725 |     const auto& bookmark = bookmarks_[index];
      |                            ^~~~~~~~~~
      |                            bookmark
/run/media/jpereiratrindade/labeco10T/dev/cpp/SisterAppEngine_base_v330/src/core/application.cpp:728:9: error: ‘camera_’ was not declared in this scope
  728 |     if (camera_.getCameraMode() != bookmark.mode) {
      |         ^~~~~~~
/run/media/jpereiratrindade/labeco10T/dev/cpp/SisterAppEngine_base_v330/src/core/application.cpp:733:5: error: ‘camera_’ was not declared in this scope
  733 |     camera_.teleportTo(bookmark.position);
      |     ^~~~~~~
/run/media/jpereiratrindade/labeco10T/dev/cpp/SisterAppEngine_base_v330/src/core/application.cpp: At global scope:
/run/media/jpereiratrindade/labeco10T/dev/cpp/SisterAppEngine_base_v330/src/core/application.cpp:738:6: error: ‘Application’ has not been declared; did you mean ‘VkApplicationInfo’?
  738 | void Application::deleteBookmark(size_t index) {
      |      ^~~~~~~~~~~
      |      VkApplicationInfo
/run/media/jpereiratrindade/labeco10T/dev/cpp/SisterAppEngine_base_v330/src/core/application.cpp: In function ‘void deleteBookmark(size_t)’:
/run/media/jpereiratrindade/labeco10T/dev/cpp/SisterAppEngine_base_v330/src/core/application.cpp:739:18: error: ‘bookmarks_’ was not declared in this scope
  739 |     if (index >= bookmarks_.size()) {
      |                  ^~~~~~~~~~
/run/media/jpereiratrindade/labeco10T/dev/cpp/SisterAppEngine_base_v330/src/core/application.cpp:744:24: error: ‘bookmarks_’ was not declared in this scope
  744 |     std::string name = bookmarks_[index].name;
      |                        ^~~~~~~~~~
/run/media/jpereiratrindade/labeco10T/dev/cpp/SisterAppEngine_base_v330/src/core/application.cpp: At global scope:
/run/media/jpereiratrindade/labeco10T/dev/cpp/SisterAppEngine_base_v330/src/core/application.cpp:749:1: error: expected declaration before ‘}’ token
  749 | } // namespace core
      | ^
gmake[2]: *** [CMakeFiles/sisterapp.dir/build.make:205: CMakeFiles/sisterapp.dir/src/core/application.cpp.o] Error 1
gmake[1]: *** [CMakeFiles/Makefile2:90: CMakeFiles/sisterapp.dir/all] Error 2
gmake: *** [Makefile:91: all] Error 2
