[ 16%] Built target shaders_spirv
[ 18%] Building CXX object CMakeFiles/sisterapp.dir/main.cpp.o
[ 20%] Building CXX object CMakeFiles/sisterapp.dir/src/terrain/terrain_generator.cpp.o
[ 23%] Building CXX object CMakeFiles/sisterapp.dir/src/core/application.cpp.o
In file included from /run/media/jpereiratrindade/labeco10T/dev/cpp/SisterAppEngine_base_v330/src/terrain/terrain_generator.cpp:1:
/run/media/jpereiratrindade/labeco10T/dev/cpp/SisterAppEngine_base_v330/src/terrain/terrain_generator.h:3:10: fatal error: ../math/rng.h: Arquivo ou diretório inexistente
    3 | #include "../math/rng.h" // Logic needs RNG
      |          ^~~~~~~~~~~~~~~
compilation terminated.
gmake[2]: *** [CMakeFiles/sisterapp.dir/build.make:541: CMakeFiles/sisterapp.dir/src/terrain/terrain_generator.cpp.o] Error 1
gmake[2]: ** Esperando que outros processos terminem.
In file included from /run/media/jpereiratrindade/labeco10T/dev/cpp/SisterAppEngine_base_v330/src/core/application.h:21,
                 from /run/media/jpereiratrindade/labeco10T/dev/cpp/SisterAppEngine_base_v330/main.cpp:1:
/run/media/jpereiratrindade/labeco10T/dev/cpp/SisterAppEngine_base_v330/src/core/../terrain/terrain_generator.h:3:10: fatal error: ../math/rng.h: Arquivo ou diretório inexistente
    3 | #include "../math/rng.h" // Logic needs RNG
      |          ^~~~~~~~~~~~~~~
compilation terminated.
In file included from /run/media/jpereiratrindade/labeco10T/dev/cpp/SisterAppEngine_base_v330/src/core/application.h:21,
                 from /run/media/jpereiratrindade/labeco10T/dev/cpp/SisterAppEngine_base_v330/src/core/application.cpp:1:
/run/media/jpereiratrindade/labeco10T/dev/cpp/SisterAppEngine_base_v330/src/core/../terrain/terrain_generator.h:3:10: fatal error: ../math/rng.h: Arquivo ou diretório inexistente
    3 | #include "../math/rng.h" // Logic needs RNG
      |          ^~~~~~~~~~~~~~~
compilation terminated.
gmake[2]: *** [CMakeFiles/sisterapp.dir/build.make:79: CMakeFiles/sisterapp.dir/main.cpp.o] Error 1
gmake[2]: *** [CMakeFiles/sisterapp.dir/build.make:205: CMakeFiles/sisterapp.dir/src/core/application.cpp.o] Error 1
gmake[1]: *** [CMakeFiles/Makefile2:90: CMakeFiles/sisterapp.dir/all] Error 2
gmake: *** [Makefile:91: all] Error 2
