[ 13%] Built target shaders_spirv
[ 15%] Building CXX object CMakeFiles/sisterapp.dir/src/core/application.cpp.o
/run/media/jpereiratrindade/labeco10T/dev/cpp/SisterAppEngine_base_v330/src/core/application.cpp: In member function ‘void core::Application::init()’:
/run/media/jpereiratrindade/labeco10T/dev/cpp/SisterAppEngine_base_v330/src/core/application.cpp:188:9: warning: missing initializer for member ‘ui::Callbacks::loadPreferences’ [-Wmissing-field-initializers]
  188 |         },
      |         ^
/run/media/jpereiratrindade/labeco10T/dev/cpp/SisterAppEngine_base_v330/src/core/application.cpp:188:9: warning: missing initializer for member ‘ui::Callbacks::resetVegetation’ [-Wmissing-field-initializers]
/run/media/jpereiratrindade/labeco10T/dev/cpp/SisterAppEngine_base_v330/src/core/application.cpp:188:9: warning: missing initializer for member ‘ui::Callbacks::regenerateFiniteWorld’ [-Wmissing-field-initializers]
/run/media/jpereiratrindade/labeco10T/dev/cpp/SisterAppEngine_base_v330/src/core/application.cpp:188:9: warning: missing initializer for member ‘ui::Callbacks::updateMesh’ [-Wmissing-field-initializers]
/run/media/jpereiratrindade/labeco10T/dev/cpp/SisterAppEngine_base_v330/src/core/application.cpp:189:9: error: expected unqualified-id before ‘[’ token
  189 |         [this]() { // loadPreferences
      |         ^
/run/media/jpereiratrindade/labeco10T/dev/cpp/SisterAppEngine_base_v330/src/core/application.cpp:195:10: error: expected primary-expression before ‘,’ token
  195 |         },
      |          ^
/run/media/jpereiratrindade/labeco10T/dev/cpp/SisterAppEngine_base_v330/src/core/application.cpp: At global scope:
/run/media/jpereiratrindade/labeco10T/dev/cpp/SisterAppEngine_base_v330/src/core/application.cpp:218:5: error: ‘uiLayer_’ does not name a type
  218 |     uiLayer_ = std::make_unique<ui::UiLayer>(*ctx_, uiCallbacks);
      |     ^~~~~~~~
/run/media/jpereiratrindade/labeco10T/dev/cpp/SisterAppEngine_base_v330/src/core/application.cpp:219:5: error: ‘uiLayer_’ does not name a type
  219 |     uiLayer_->applyTheme(ui::Theme::Dark);
      |     ^~~~~~~~
/run/media/jpereiratrindade/labeco10T/dev/cpp/SisterAppEngine_base_v330/src/core/application.cpp:221:5: error: ‘camera_’ does not name a type
  221 |     camera_.setAspect(static_cast<float>(swapchain_->extent().width) / static_cast<float>(swapchain_->extent().height));
      |     ^~~~~~~
/run/media/jpereiratrindade/labeco10T/dev/cpp/SisterAppEngine_base_v330/src/core/application.cpp:224:6: error: ‘Application’ has not been declared; did you mean ‘VkApplicationInfo’?
  224 | void Application::cleanup() {
      |      ^~~~~~~~~~~
      |      VkApplicationInfo
/run/media/jpereiratrindade/labeco10T/dev/cpp/SisterAppEngine_base_v330/src/core/application.cpp: In function ‘void cleanup()’:
/run/media/jpereiratrindade/labeco10T/dev/cpp/SisterAppEngine_base_v330/src/core/application.cpp:226:9: error: ‘uiLayer_’ was not declared in this scope
  226 |     if (uiLayer_) {
      |         ^~~~~~~~
/run/media/jpereiratrindade/labeco10T/dev/cpp/SisterAppEngine_base_v330/src/core/application.cpp:231:9: error: ‘ctx_’ was not declared in this scope
  231 |     if (ctx_) {
      |         ^~~~
/run/media/jpereiratrindade/labeco10T/dev/cpp/SisterAppEngine_base_v330/src/core/application.cpp:237:5: error: ‘finiteRenderer_’ was not declared in this scope
  237 |     finiteRenderer_.reset();
      |     ^~~~~~~~~~~~~~~
/run/media/jpereiratrindade/labeco10T/dev/cpp/SisterAppEngine_base_v330/src/core/application.cpp:238:5: error: ‘finiteGenerator_’ was not declared in this scope
  238 |     finiteGenerator_.reset();
      |     ^~~~~~~~~~~~~~~~
/run/media/jpereiratrindade/labeco10T/dev/cpp/SisterAppEngine_base_v330/src/core/application.cpp:239:5: error: ‘finiteMap_’ was not declared in this scope; did you mean ‘finitel’?
  239 |     finiteMap_.reset();
      |     ^~~~~~~~~~
      |     finitel
/run/media/jpereiratrindade/labeco10T/dev/cpp/SisterAppEngine_base_v330/src/core/application.cpp:242:5: error: ‘syncObjects_’ was not declared in this scope
  242 |     syncObjects_.reset(); // Fences/Semaphores need device
      |     ^~~~~~~~~~~~
/run/media/jpereiratrindade/labeco10T/dev/cpp/SisterAppEngine_base_v330/src/core/application.cpp:247:5: error: ‘renderer_’ was not declared in this scope
  247 |     renderer_.destroy();
      |     ^~~~~~~~~
/run/media/jpereiratrindade/labeco10T/dev/cpp/SisterAppEngine_base_v330/src/core/application.cpp:249:9: error: ‘descriptorPool_’ was not declared in this scope; did you mean ‘VkDescriptorPool_T’?
  249 |     if (descriptorPool_ != VK_NULL_HANDLE) {
      |         ^~~~~~~~~~~~~~~
      |         VkDescriptorPool_T
/run/media/jpereiratrindade/labeco10T/dev/cpp/SisterAppEngine_base_v330/src/core/application.cpp:250:33: error: ‘ctx_’ was not declared in this scope
  250 |         vkDestroyDescriptorPool(ctx_->device(), descriptorPool_, nullptr);
      |                                 ^~~~
/run/media/jpereiratrindade/labeco10T/dev/cpp/SisterAppEngine_base_v330/src/core/application.cpp:253:5: error: ‘distanceMarkersMesh_’ was not declared in this scope
  253 |     distanceMarkersMesh_.reset(); // NEW
      |     ^~~~~~~~~~~~~~~~~~~~
/run/media/jpereiratrindade/labeco10T/dev/cpp/SisterAppEngine_base_v330/src/core/application.cpp:254:5: error: ‘skyDomeMesh_’ was not declared in this scope
  254 |     skyDomeMesh_.reset();          // NEW
      |     ^~~~~~~~~~~~
/run/media/jpereiratrindade/labeco10T/dev/cpp/SisterAppEngine_base_v330/src/core/application.cpp:255:5: error: ‘gridMesh_’ was not declared in this scope
  255 |     gridMesh_.reset();
      |     ^~~~~~~~~
/run/media/jpereiratrindade/labeco10T/dev/cpp/SisterAppEngine_base_v330/src/core/application.cpp:256:5: error: ‘axesMesh_’ was not declared in this scope
  256 |     axesMesh_.reset();
      |     ^~~~~~~~~
/run/media/jpereiratrindade/labeco10T/dev/cpp/SisterAppEngine_base_v330/src/core/application.cpp:261:5: error: ‘environmentMaterial_’ was not declared in this scope
  261 |     environmentMaterial_.reset();  // NEW: Environment shaders
      |     ^~~~~~~~~~~~~~~~~~~~
/run/media/jpereiratrindade/labeco10T/dev/cpp/SisterAppEngine_base_v330/src/core/application.cpp:262:5: error: ‘wireframeMaterial_’ was not declared in this scope
  262 |     wireframeMaterial_.reset();
      |     ^~~~~~~~~~~~~~~~~~
/run/media/jpereiratrindade/labeco10T/dev/cpp/SisterAppEngine_base_v330/src/core/application.cpp:263:5: error: ‘solidMaterial_’ was not declared in this scope
  263 |     solidMaterial_.reset();
      |     ^~~~~~~~~~~~~~
/run/media/jpereiratrindade/labeco10T/dev/cpp/SisterAppEngine_base_v330/src/core/application.cpp:264:5: error: ‘pointMaterial_’ was not declared in this scope
  264 |     pointMaterial_.reset();
      |     ^~~~~~~~~~~~~~
/run/media/jpereiratrindade/labeco10T/dev/cpp/SisterAppEngine_base_v330/src/core/application.cpp:265:5: error: ‘lineMaterial_’ was not declared in this scope
  265 |     lineMaterial_.reset();
      |     ^~~~~~~~~~~~~
/run/media/jpereiratrindade/labeco10T/dev/cpp/SisterAppEngine_base_v330/src/core/application.cpp:271:9: error: ‘commandPool_’ was not declared in this scope; did you mean ‘VkCommandPool_T’?
  271 |     if (commandPool_ && !commandBuffers_.empty()) {
      |         ^~~~~~~~~~~~
      |         VkCommandPool_T
/run/media/jpereiratrindade/labeco10T/dev/cpp/SisterAppEngine_base_v330/src/core/application.cpp:271:26: error: ‘commandBuffers_’ was not declared in this scope; did you mean ‘VkCommandBuffer_T’?
  271 |     if (commandPool_ && !commandBuffers_.empty()) {
      |                          ^~~~~~~~~~~~~~~
      |                          VkCommandBuffer_T
/run/media/jpereiratrindade/labeco10T/dev/cpp/SisterAppEngine_base_v330/src/core/application.cpp:277:5: error: ‘imagesInFlight_’ was not declared in this scope
  277 |     imagesInFlight_.clear();
      |     ^~~~~~~~~~~~~~~
/run/media/jpereiratrindade/labeco10T/dev/cpp/SisterAppEngine_base_v330/src/core/application.cpp:279:5: error: ‘commandPool_’ was not declared in this scope; did you mean ‘VkCommandPool_T’?
  279 |     commandPool_.reset();
      |     ^~~~~~~~~~~~
      |     VkCommandPool_T
/run/media/jpereiratrindade/labeco10T/dev/cpp/SisterAppEngine_base_v330/src/core/application.cpp:280:5: error: ‘swapchain_’ was not declared in this scope
  280 |     swapchain_.reset();
      |     ^~~~~~~~~~
/run/media/jpereiratrindade/labeco10T/dev/cpp/SisterAppEngine_base_v330/src/core/application.cpp:281:5: error: ‘ctx_’ was not declared in this scope
  281 |     ctx_.reset();
      |     ^~~~
/run/media/jpereiratrindade/labeco10T/dev/cpp/SisterAppEngine_base_v330/src/core/application.cpp:283:16: error: ‘sdl_’ was not declared in this scope
  283 |     destroySDL(sdl_);
      |                ^~~~
/run/media/jpereiratrindade/labeco10T/dev/cpp/SisterAppEngine_base_v330/src/core/application.cpp: At global scope:
/run/media/jpereiratrindade/labeco10T/dev/cpp/SisterAppEngine_base_v330/src/core/application.cpp:286:6: error: ‘Application’ has not been declared; did you mean ‘VkApplicationInfo’?
  286 | void Application::run() {
      |      ^~~~~~~~~~~
      |      VkApplicationInfo
/run/media/jpereiratrindade/labeco10T/dev/cpp/SisterAppEngine_base_v330/src/core/application.cpp: In function ‘void run()’:
/run/media/jpereiratrindade/labeco10T/dev/cpp/SisterAppEngine_base_v330/src/core/application.cpp:289:5: error: ‘inputManager_’ was not declared in this scope
  289 |     inputManager_.setLastInputSeconds(static_cast<double>(SDL_GetTicks()) / 1000.0);
      |     ^~~~~~~~~~~~~
/run/media/jpereiratrindade/labeco10T/dev/cpp/SisterAppEngine_base_v330/src/core/application.cpp:292:12: error: ‘running_’ was not declared in this scope
  292 |     while (running_) {
      |            ^~~~~~~~
/run/media/jpereiratrindade/labeco10T/dev/cpp/SisterAppEngine_base_v330/src/core/application.cpp:294:9: error: ‘performRegeneration’ was not declared in this scope
  294 |         performRegeneration();
      |         ^~~~~~~~~~~~~~~~~~~
/run/media/jpereiratrindade/labeco10T/dev/cpp/SisterAppEngine_base_v330/src/core/application.cpp:303:24: error: ‘limitIdleFps_’ was not declared in this scope
  303 |         bool isIdle = (limitIdleFps_ && (currentTime - inputManager_.lastInputSeconds() > 5.0));
      |                        ^~~~~~~~~~~~~
/run/media/jpereiratrindade/labeco10T/dev/cpp/SisterAppEngine_base_v330/src/core/application.cpp:305:9: error: ‘processEvents’ was not declared in this scope
  305 |         processEvents(deltaSeconds);
      |         ^~~~~~~~~~~~~
/run/media/jpereiratrindade/labeco10T/dev/cpp/SisterAppEngine_base_v330/src/core/application.cpp:306:9: error: ‘update’ was not declared in this scope
  306 |         update(deltaSeconds);
      |         ^~~~~~
/run/media/jpereiratrindade/labeco10T/dev/cpp/SisterAppEngine_base_v330/src/core/application.cpp:308:13: error: ‘regenRequested_’ was not declared in this scope
  308 |         if (regenRequested_) {
      |             ^~~~~~~~~~~~~~~
/run/media/jpereiratrindade/labeco10T/dev/cpp/SisterAppEngine_base_v330/src/core/application.cpp:311:13: error: ‘meshUpdateRequested_’ was not declared in this scope
  311 |         if (meshUpdateRequested_) {
      |             ^~~~~~~~~~~~~~~~~~~~
/run/media/jpereiratrindade/labeco10T/dev/cpp/SisterAppEngine_base_v330/src/core/application.cpp:312:13: error: ‘performMeshUpdate’ was not declared in this scope
  312 |             performMeshUpdate();
      |             ^~~~~~~~~~~~~~~~~
/run/media/jpereiratrindade/labeco10T/dev/cpp/SisterAppEngine_base_v330/src/core/application.cpp:316:20: error: ‘currentFrame_’ was not declared in this scope; did you mean ‘currentTime’?
  316 |             render(currentFrame_);
      |                    ^~~~~~~~~~~~~
      |                    currentTime
/run/media/jpereiratrindade/labeco10T/dev/cpp/SisterAppEngine_base_v330/src/core/application.cpp:316:13: error: ‘render’ was not declared in this scope; did you mean ‘rindex’?
  316 |             render(currentFrame_);
      |             ^~~~~~
      |             rindex
/run/media/jpereiratrindade/labeco10T/dev/cpp/SisterAppEngine_base_v330/src/core/application.cpp:323:32: error: ‘fpsCapEnabled_’ was not declared in this scope
  323 |                 float capFps = fpsCapEnabled_ ? fpsCapTarget_ : 0.0f;
      |                                ^~~~~~~~~~~~~~
/run/media/jpereiratrindade/labeco10T/dev/cpp/SisterAppEngine_base_v330/src/core/application.cpp:323:49: error: ‘fpsCapTarget_’ was not declared in this scope
  323 |                 float capFps = fpsCapEnabled_ ? fpsCapTarget_ : 0.0f;
      |                                                 ^~~~~~~~~~~~~
/run/media/jpereiratrindade/labeco10T/dev/cpp/SisterAppEngine_base_v330/src/core/application.cpp:324:22: error: ‘vsyncEnabled_’ was not declared in this scope
  324 |                 if (!vsyncEnabled_ && vsyncOffFpsCap_ > 1.0f) {
      |                      ^~~~~~~~~~~~~
/run/media/jpereiratrindade/labeco10T/dev/cpp/SisterAppEngine_base_v330/src/core/application.cpp:324:39: error: ‘vsyncOffFpsCap_’ was not declared in this scope
  324 |                 if (!vsyncEnabled_ && vsyncOffFpsCap_ > 1.0f) {
      |                                       ^~~~~~~~~~~~~~~
/run/media/jpereiratrindade/labeco10T/dev/cpp/SisterAppEngine_base_v330/src/core/application.cpp:339:14: error: ‘needsRecreate_’ was not declared in this scope
  339 |         if (!needsRecreate_) {
      |              ^~~~~~~~~~~~~~
/run/media/jpereiratrindade/labeco10T/dev/cpp/SisterAppEngine_base_v330/src/core/application.cpp:340:13: error: ‘currentFrame_’ was not declared in this scope; did you mean ‘currentTime’?
  340 |             currentFrame_ = (currentFrame_ + 1) % swapchain_->images().size();
      |             ^~~~~~~~~~~~~
      |             currentTime
/run/media/jpereiratrindade/labeco10T/dev/cpp/SisterAppEngine_base_v330/src/core/application.cpp:340:51: error: ‘swapchain_’ was not declared in this scope
  340 |             currentFrame_ = (currentFrame_ + 1) % swapchain_->images().size();
      |                                                   ^~~~~~~~~~
/run/media/jpereiratrindade/labeco10T/dev/cpp/SisterAppEngine_base_v330/src/core/application.cpp: At global scope:
/run/media/jpereiratrindade/labeco10T/dev/cpp/SisterAppEngine_base_v330/src/core/application.cpp:345:6: error: ‘Application’ has not been declared; did you mean ‘VkApplicationInfo’?
  345 | void Application::processEvents(double dt) {
      |      ^~~~~~~~~~~
      |      VkApplicationInfo
/run/media/jpereiratrindade/labeco10T/dev/cpp/SisterAppEngine_base_v330/src/core/application.cpp: In function ‘void processEvents(double)’:
/run/media/jpereiratrindade/labeco10T/dev/cpp/SisterAppEngine_base_v330/src/core/application.cpp:350:9: error: ‘inputManager_’ was not declared in this scope
  350 |         inputManager_.recordEvent(event);
      |         ^~~~~~~~~~~~~
/run/media/jpereiratrindade/labeco10T/dev/cpp/SisterAppEngine_base_v330/src/core/application.cpp:360:13: error: ‘camera_’ was not declared in this scope
  360 |             camera_.processEvent(event);
      |             ^~~~~~~
/run/media/jpereiratrindade/labeco10T/dev/cpp/SisterAppEngine_base_v330/src/core/application.cpp:363:21: error: ‘finiteMap_’ was not declared in this scope; did you mean ‘finitel’?
  363 |                 if (finiteMap_) { // v3.7.0 Probe
      |                     ^~~~~~~~~~
      |                     finitel
/run/media/jpereiratrindade/labeco10T/dev/cpp/SisterAppEngine_base_v330/src/core/application.cpp:364:51: error: ‘swapchain_’ was not declared in this scope
  364 |                      float w = static_cast<float>(swapchain_->extent().width);
      |                                                   ^~~~~~~~~~
/run/media/jpereiratrindade/labeco10T/dev/cpp/SisterAppEngine_base_v330/src/core/application.cpp:372:75: error: ‘worldResolution_’ was not declared in this scope
  372 |                      if (raycastFiniteTerrain(*finiteMap_, ray, 1000.0f * worldResolution_, worldResolution_, hitX, hitZ, hitPos)) {
      |                                                                           ^~~~~~~~~~~~~~~~
/run/media/jpereiratrindade/labeco10T/dev/cpp/SisterAppEngine_base_v330/src/core/application.cpp:372:26: error: ‘raycastFiniteTerrain’ was not declared in this scope; did you mean ‘core::raycastFiniteTerrain’?
  372 |                      if (raycastFiniteTerrain(*finiteMap_, ray, 1000.0f * worldResolution_, worldResolution_, hitX, hitZ, hitPos)) {
      |                          ^~~~~~~~~~~~~~~~~~~~
      |                          core::raycastFiniteTerrain
/run/media/jpereiratrindade/labeco10T/dev/cpp/SisterAppEngine_base_v330/src/core/application.cpp:26:6: note: ‘core::raycastFiniteTerrain’ declared here
   26 | bool raycastFiniteTerrain(const terrain::TerrainMap& map, const math::Ray& ray, float maxDist, float gridScale, int& outX, int& outZ, math::Vec3& outHitPos) {
      |      ^~~~~~~~~~~~~~~~~~~~
/run/media/jpereiratrindade/labeco10T/dev/cpp/SisterAppEngine_base_v330/src/core/application.cpp:387:38: error: ‘lastSurfaceColor_’ was not declared in this scope; did you mean ‘SDL_SetSurfaceColorMod’?
  387 |                          std::memset(lastSurfaceColor_, 0, 12);
      |                                      ^~~~~~~~~~~~~~~~~
      |                                      SDL_SetSurfaceColorMod
/run/media/jpereiratrindade/labeco10T/dev/cpp/SisterAppEngine_base_v330/src/core/application.cpp:442:26: error: ‘lastSurfaceInfo_’ was not declared in this scope
  442 |                          lastSurfaceInfo_ = ss.str();
      |                          ^~~~~~~~~~~~~~~~
/run/media/jpereiratrindade/labeco10T/dev/cpp/SisterAppEngine_base_v330/src/core/application.cpp:443:26: error: ‘lastSurfaceValid_’ was not declared in this scope
  443 |                          lastSurfaceValid_ = true;
      |                          ^~~~~~~~~~~~~~~~~
/run/media/jpereiratrindade/labeco10T/dev/cpp/SisterAppEngine_base_v330/src/core/application.cpp:490:13: error: ‘running_’ was not declared in this scope
  490 |             running_ = false;
      |             ^~~~~~~~
/run/media/jpereiratrindade/labeco10T/dev/cpp/SisterAppEngine_base_v330/src/core/application.cpp:494:13: error: ‘needsRecreate_’ was not declared in this scope
  494 |             needsRecreate_ = true;
      |             ^~~~~~~~~~~~~~
/run/media/jpereiratrindade/labeco10T/dev/cpp/SisterAppEngine_base_v330/src/core/application.cpp:501:21: error: ‘camera_’ was not declared in this scope
  501 |                 if (camera_.getCameraMode() == graphics::CameraMode::Orbital) {
      |                     ^~~~~~~
/run/media/jpereiratrindade/labeco10T/dev/cpp/SisterAppEngine_base_v330/src/core/application.cpp:514:17: error: ‘camera_’ was not declared in this scope
  514 |                 camera_.setFovDegrees(camera_.getFovDegrees() - 5.0f);
      |                 ^~~~~~~
/run/media/jpereiratrindade/labeco10T/dev/cpp/SisterAppEngine_base_v330/src/core/application.cpp:517:17: error: ‘camera_’ was not declared in this scope
  517 |                 camera_.setFovDegrees(camera_.getFovDegrees() + 5.0f);
      |                 ^~~~~~~
/run/media/jpereiratrindade/labeco10T/dev/cpp/SisterAppEngine_base_v330/src/core/application.cpp:524:21: error: ‘camera_’ was not declared in this scope
  524 |                     camera_.teleportTo({0.0f, 60.0f, 0.0f}); // High above terrain
      |                     ^~~~~~~
/run/media/jpereiratrindade/labeco10T/dev/cpp/SisterAppEngine_base_v330/src/core/application.cpp:530:21: error: ‘camera_’ was not declared in this scope
  530 |                     camera_.teleportTo({10.0f, 60.0f, 10.0f});
      |                     ^~~~~~~
/run/media/jpereiratrindade/labeco10T/dev/cpp/SisterAppEngine_base_v330/src/core/application.cpp:534:21: error: ‘camera_’ was not declared in this scope
  534 |                     camera_.teleportTo({-10.0f, 60.0f, 10.0f});
      |                     ^~~~~~~
/run/media/jpereiratrindade/labeco10T/dev/cpp/SisterAppEngine_base_v330/src/core/application.cpp:538:21: error: ‘camera_’ was not declared in this scope
  538 |                     camera_.teleportTo({-10.0f, 60.0f, -10.0f});
      |                     ^~~~~~~
/run/media/jpereiratrindade/labeco10T/dev/cpp/SisterAppEngine_base_v330/src/core/application.cpp:542:21: error: ‘camera_’ was not declared in this scope
  542 |                     camera_.teleportTo({10.0f, 60.0f, -10.0f});
      |                     ^~~~~~~
/run/media/jpereiratrindade/labeco10T/dev/cpp/SisterAppEngine_base_v330/src/core/application.cpp:548:21: error: ‘saveBookmark’ was not declared in this scope
  548 |                     saveBookmark("Quick Slot 1");
      |                     ^~~~~~~~~~~~
/run/media/jpereiratrindade/labeco10T/dev/cpp/SisterAppEngine_base_v330/src/core/application.cpp:550:57: error: ‘bookmarks_’ was not declared in this scope
  550 |                 if (event.key.keysym.sym == SDLK_F6 && !bookmarks_.empty()) {
      |                                                         ^~~~~~~~~~
/run/media/jpereiratrindade/labeco10T/dev/cpp/SisterAppEngine_base_v330/src/core/application.cpp:551:21: error: ‘loadBookmark’ was not declared in this scope
  551 |                     loadBookmark(0);
      |                     ^~~~~~~~~~~~
/run/media/jpereiratrindade/labeco10T/dev/cpp/SisterAppEngine_base_v330/src/core/application.cpp:553:56: error: ‘bookmarks_’ was not declared in this scope
  553 |                 if (event.key.keysym.sym == SDLK_F7 && bookmarks_.size() > 1) {
      |                                                        ^~~~~~~~~~
/run/media/jpereiratrindade/labeco10T/dev/cpp/SisterAppEngine_base_v330/src/core/application.cpp:554:21: error: ‘loadBookmark’ was not declared in this scope
  554 |                     loadBookmark(1);
      |                     ^~~~~~~~~~~~
/run/media/jpereiratrindade/labeco10T/dev/cpp/SisterAppEngine_base_v330/src/core/application.cpp:556:56: error: ‘bookmarks_’ was not declared in this scope
  556 |                 if (event.key.keysym.sym == SDLK_F8 && bookmarks_.size() > 2) {
      |                                                        ^~~~~~~~~~
/run/media/jpereiratrindade/labeco10T/dev/cpp/SisterAppEngine_base_v330/src/core/application.cpp:557:21: error: ‘loadBookmark’ was not declared in this scope
  557 |                     loadBookmark(2);
      |                     ^~~~~~~~~~~~
/run/media/jpereiratrindade/labeco10T/dev/cpp/SisterAppEngine_base_v330/src/core/application.cpp:562:25: error: ‘camera_’ was not declared in this scope
  562 |                     if (camera_.getCameraMode() == graphics::CameraMode::FreeFlight) {
      |                         ^~~~~~~
/run/media/jpereiratrindade/labeco10T/dev/cpp/SisterAppEngine_base_v330/src/core/application.cpp:572:5: error: ‘inputManager_’ was not declared in this scope
  572 |     inputManager_.recordKeyboardState(state);
      |     ^~~~~~~~~~~~~
/run/media/jpereiratrindade/labeco10T/dev/cpp/SisterAppEngine_base_v330/src/core/application.cpp: At global scope:
/run/media/jpereiratrindade/labeco10T/dev/cpp/SisterAppEngine_base_v330/src/core/application.cpp:575:6: error: ‘Application’ has not been declared; did you mean ‘VkApplicationInfo’?
  575 | void Application::rebuildMaterials() {
      |      ^~~~~~~~~~~
      |      VkApplicationInfo
/run/media/jpereiratrindade/labeco10T/dev/cpp/SisterAppEngine_base_v330/src/core/application.cpp: In function ‘void rebuildMaterials()’:
/run/media/jpereiratrindade/labeco10T/dev/cpp/SisterAppEngine_base_v330/src/core/application.cpp:576:5: error: ‘lineMaterial_’ was not declared in this scope
  576 |     lineMaterial_ = createMaterial(swapchain_->renderPass(), swapchain_->extent(), VK_PRIMITIVE_TOPOLOGY_LINE_LIST, VK_POLYGON_MODE_FILL);
      |     ^~~~~~~~~~~~~
/run/media/jpereiratrindade/labeco10T/dev/cpp/SisterAppEngine_base_v330/src/core/application.cpp:576:36: error: ‘swapchain_’ was not declared in this scope
  576 |     lineMaterial_ = createMaterial(swapchain_->renderPass(), swapchain_->extent(), VK_PRIMITIVE_TOPOLOGY_LINE_LIST, VK_POLYGON_MODE_FILL);
      |                                    ^~~~~~~~~~
/run/media/jpereiratrindade/labeco10T/dev/cpp/SisterAppEngine_base_v330/src/core/application.cpp:576:21: error: ‘createMaterial’ was not declared in this scope
  576 |     lineMaterial_ = createMaterial(swapchain_->renderPass(), swapchain_->extent(), VK_PRIMITIVE_TOPOLOGY_LINE_LIST, VK_POLYGON_MODE_FILL);
      |                     ^~~~~~~~~~~~~~
/run/media/jpereiratrindade/labeco10T/dev/cpp/SisterAppEngine_base_v330/src/core/application.cpp:577:5: error: ‘pointMaterial_’ was not declared in this scope
  577 |     pointMaterial_ = createMaterial(swapchain_->renderPass(), swapchain_->extent(), VK_PRIMITIVE_TOPOLOGY_POINT_LIST, VK_POLYGON_MODE_FILL);
      |     ^~~~~~~~~~~~~~
/run/media/jpereiratrindade/labeco10T/dev/cpp/SisterAppEngine_base_v330/src/core/application.cpp:578:5: error: ‘solidMaterial_’ was not declared in this scope; did you mean ‘rebuildMaterials’?
  578 |     solidMaterial_ = createMaterial(swapchain_->renderPass(), swapchain_->extent(), VK_PRIMITIVE_TOPOLOGY_TRIANGLE_LIST, VK_POLYGON_MODE_FILL);
      |     ^~~~~~~~~~~~~~
      |     rebuildMaterials
/run/media/jpereiratrindade/labeco10T/dev/cpp/SisterAppEngine_base_v330/src/core/application.cpp:580:9: error: ‘wireframeSupported_’ was not declared in this scope
  580 |     if (wireframeSupported_) {
      |         ^~~~~~~~~~~~~~~~~~~
/run/media/jpereiratrindade/labeco10T/dev/cpp/SisterAppEngine_base_v330/src/core/application.cpp:581:9: error: ‘wireframeMaterial_’ was not declared in this scope
  581 |         wireframeMaterial_ = createMaterial(swapchain_->renderPass(), swapchain_->extent(), VK_PRIMITIVE_TOPOLOGY_TRIANGLE_LIST, VK_POLYGON_MODE_LINE);
      |         ^~~~~~~~~~~~~~~~~~
/run/media/jpereiratrindade/labeco10T/dev/cpp/SisterAppEngine_base_v330/src/core/application.cpp:583:9: error: ‘wireframeMaterial_’ was not declared in this scope
  583 |         wireframeMaterial_.reset(); // Ensure it's null if not supported
      |         ^~~~~~~~~~~~~~~~~~
/run/media/jpereiratrindade/labeco10T/dev/cpp/SisterAppEngine_base_v330/src/core/application.cpp:585:54: error: ‘ctx_’ was not declared in this scope
  585 |     auto envVs = std::make_shared<graphics::Shader>(*ctx_, "shaders/environment.vert.spv");
      |                                                      ^~~~
/run/media/jpereiratrindade/labeco10T/dev/cpp/SisterAppEngine_base_v330/src/core/application.cpp:587:5: error: ‘environmentMaterial_’ was not declared in this scope
  587 |     environmentMaterial_ = std::make_unique<graphics::Material>(*ctx_, swapchain_->renderPass(), swapchain_->extent(), envVs, envFs,
      |     ^~~~~~~~~~~~~~~~~~~~
/run/media/jpereiratrindade/labeco10T/dev/cpp/SisterAppEngine_base_v330/src/core/application.cpp: At global scope:
/run/media/jpereiratrindade/labeco10T/dev/cpp/SisterAppEngine_base_v330/src/core/application.cpp:590:6: error: ‘Application’ has not been declared; did you mean ‘VkApplicationInfo’?
  590 | void Application::update(double dt) {
      |      ^~~~~~~~~~~
      |      VkApplicationInfo
/run/media/jpereiratrindade/labeco10T/dev/cpp/SisterAppEngine_base_v330/src/core/application.cpp: In function ‘void update(double)’:
/run/media/jpereiratrindade/labeco10T/dev/cpp/SisterAppEngine_base_v330/src/core/application.cpp:594:5: error: ‘camera_’ was not declared in this scope
  594 |     camera_.processKeyboard(keyState, static_cast<float>(dt));
      |     ^~~~~~~
/run/media/jpereiratrindade/labeco10T/dev/cpp/SisterAppEngine_base_v330/src/core/application.cpp:599:9: error: ‘finiteMap_’ was not declared in this scope; did you mean ‘finitel’?
  599 |     if (finiteMap_ && finiteMap_->getVegetation() && vegetationMode_ > 0) {
      |         ^~~~~~~~~~
      |         finitel
/run/media/jpereiratrindade/labeco10T/dev/cpp/SisterAppEngine_base_v330/src/core/application.cpp:599:54: error: ‘vegetationMode_’ was not declared in this scope; did you mean ‘vegetation’?
  599 |     if (finiteMap_ && finiteMap_->getVegetation() && vegetationMode_ > 0) {
      |                                                      ^~~~~~~~~~~~~~~
      |                                                      vegetation
/run/media/jpereiratrindade/labeco10T/dev/cpp/SisterAppEngine_base_v330/src/core/application.cpp:601:9: error: ‘vegetationAccumulator_’ was not declared in this scope
  601 |         vegetationAccumulator_ += static_cast<float>(dt);
      |         ^~~~~~~~~~~~~~~~~~~~~~
/run/media/jpereiratrindade/labeco10T/dev/cpp/SisterAppEngine_base_v330/src/core/application.cpp:603:39: error: ‘vegetationUpdateInterval_’ was not declared in this scope
  603 |         if (vegetationAccumulator_ >= vegetationUpdateInterval_) {
      |                                       ^~~~~~~~~~~~~~~~~~~~~~~~~
/run/media/jpereiratrindade/labeco10T/dev/cpp/SisterAppEngine_base_v330/src/core/application.cpp:612:17: error: ‘disturbanceParams_’ was not declared in this scope
  612 |             if (disturbanceParams_.fireFrequency > 0.0f) {
      |                 ^~~~~~~~~~~~~~~~~~
/run/media/jpereiratrindade/labeco10T/dev/cpp/SisterAppEngine_base_v330/src/core/application.cpp:615:37: warning: conversion from ‘int’ to ‘float’ changes value from ‘2147483647’ to ‘2.14748365e+9f’ [-Wfloat-conversion]
  615 |                 if ((float)rand() / RAND_MAX < prob) {
      |                                     ^~~~~~~~
/run/media/jpereiratrindade/labeco10T/dev/cpp/SisterAppEngine_base_v330/src/core/application.cpp:623:17: error: ‘finiteRenderer_’ was not declared in this scope
  623 |             if (finiteRenderer_) {
      |                 ^~~~~~~~~~~~~~~
/run/media/jpereiratrindade/labeco10T/dev/cpp/SisterAppEngine_base_v330/src/core/application.cpp:633:9: error: ‘animationEnabled_’ was not declared in this scope
  633 |     if (animationEnabled_) {
      |         ^~~~~~~~~~~~~~~~~
/run/media/jpereiratrindade/labeco10T/dev/cpp/SisterAppEngine_base_v330/src/core/application.cpp:634:9: error: ‘gridAnimator_’ was not declared in this scope
  634 |         gridAnimator_.update(static_cast<float>(dt));
      |         ^~~~~~~~~~~~~
/run/media/jpereiratrindade/labeco10T/dev/cpp/SisterAppEngine_base_v330/src/core/application.cpp:635:9: error: ‘axesAnimator_’ was not declared in this scope
  635 |         axesAnimator_.update(static_cast<float>(dt));
      |         ^~~~~~~~~~~~~
/run/media/jpereiratrindade/labeco10T/dev/cpp/SisterAppEngine_base_v330/src/core/application.cpp:591:12: warning: unused variable ‘nowMs’ [-Wunused-variable]
  591 |     Uint32 nowMs = SDL_GetTicks();
      |            ^~~~~
/run/media/jpereiratrindade/labeco10T/dev/cpp/SisterAppEngine_base_v330/src/core/application.cpp: At global scope:
/run/media/jpereiratrindade/labeco10T/dev/cpp/SisterAppEngine_base_v330/src/core/application.cpp:640:6: error: ‘Application’ has not been declared; did you mean ‘VkApplicationInfo’?
  640 | void Application::recreateSwapchain() {
      |      ^~~~~~~~~~~
      |      VkApplicationInfo
/run/media/jpereiratrindade/labeco10T/dev/cpp/SisterAppEngine_base_v330/src/core/application.cpp: In function ‘void recreateSwapchain()’:
/run/media/jpereiratrindade/labeco10T/dev/cpp/SisterAppEngine_base_v330/src/core/application.cpp:641:22: error: ‘ctx_’ was not declared in this scope
  641 |     vkDeviceWaitIdle(ctx_->device());
      |                      ^~~~
/run/media/jpereiratrindade/labeco10T/dev/cpp/SisterAppEngine_base_v330/src/core/application.cpp:644:5: error: ‘renderer_’ was not declared in this scope
  644 |     renderer_.destroy();
      |     ^~~~~~~~~
/run/media/jpereiratrindade/labeco10T/dev/cpp/SisterAppEngine_base_v330/src/core/application.cpp:646:9: error: ‘commandPool_’ was not declared in this scope; did you mean ‘VkCommandPool_T’?
  646 |     if (commandPool_) {
      |         ^~~~~~~~~~~~
      |         VkCommandPool_T
/run/media/jpereiratrindade/labeco10T/dev/cpp/SisterAppEngine_base_v330/src/core/application.cpp:647:28: error: ‘commandBuffers_’ was not declared in this scope; did you mean ‘VkCommandBuffer_T’?
  647 |         commandPool_->free(commandBuffers_);
      |                            ^~~~~~~~~~~~~~~
      |                            VkCommandBuffer_T
/run/media/jpereiratrindade/labeco10T/dev/cpp/SisterAppEngine_base_v330/src/core/application.cpp:649:5: error: ‘commandBuffers_’ was not declared in this scope; did you mean ‘VkCommandBuffer_T’?
  649 |     commandBuffers_.clear();
      |     ^~~~~~~~~~~~~~~
      |     VkCommandBuffer_T
/run/media/jpereiratrindade/labeco10T/dev/cpp/SisterAppEngine_base_v330/src/core/application.cpp:651:5: error: ‘syncObjects_’ was not declared in this scope
  651 |     syncObjects_.reset();
      |     ^~~~~~~~~~~~
/run/media/jpereiratrindade/labeco10T/dev/cpp/SisterAppEngine_base_v330/src/core/application.cpp:653:5: error: ‘swapchain_’ was not declared in this scope
  653 |     swapchain_->recreate(sdl_.window, vsyncEnabled_);
      |     ^~~~~~~~~~
/run/media/jpereiratrindade/labeco10T/dev/cpp/SisterAppEngine_base_v330/src/core/application.cpp:653:26: error: ‘sdl_’ was not declared in this scope
  653 |     swapchain_->recreate(sdl_.window, vsyncEnabled_);
      |                          ^~~~
/run/media/jpereiratrindade/labeco10T/dev/cpp/SisterAppEngine_base_v330/src/core/application.cpp:653:39: error: ‘vsyncEnabled_’ was not declared in this scope
  653 |     swapchain_->recreate(sdl_.window, vsyncEnabled_);
      |                                       ^~~~~~~~~~~~~
/run/media/jpereiratrindade/labeco10T/dev/cpp/SisterAppEngine_base_v330/src/core/application.cpp:654:37: error: ‘SyncObjects’ was not declared in this scope; did you mean ‘core::SyncObjects’?
  654 |     syncObjects_ = std::make_unique<SyncObjects>(*ctx_, static_cast<uint32_t>(swapchain_->images().size()));
      |                                     ^~~~~~~~~~~
      |                                     core::SyncObjects
In file included from /run/media/jpereiratrindade/labeco10T/dev/cpp/SisterAppEngine_base_v330/src/core/application.h:8,
                 from /run/media/jpereiratrindade/labeco10T/dev/cpp/SisterAppEngine_base_v330/src/core/application.cpp:1:
/run/media/jpereiratrindade/labeco10T/dev/cpp/SisterAppEngine_base_v330/src/core/sync_objects.h:20:7: note: ‘core::SyncObjects’ declared here
   20 | class SyncObjects {
      |       ^~~~~~~~~~~
/run/media/jpereiratrindade/labeco10T/dev/cpp/SisterAppEngine_base_v330/src/core/application.cpp:657:5: error: ‘imagesInFlight_’ was not declared in this scope
  657 |     imagesInFlight_.clear();
      |     ^~~~~~~~~~~~~~~
/run/media/jpereiratrindade/labeco10T/dev/cpp/SisterAppEngine_base_v330/src/core/application.cpp:660:23: error: ‘commandPool_’ was not declared in this scope; did you mean ‘VkCommandPool_T’?
  660 |     commandBuffers_ = commandPool_->allocate(static_cast<uint32_t>(swapchain_->images().size()));
      |                       ^~~~~~~~~~~~
      |                       VkCommandPool_T
/run/media/jpereiratrindade/labeco10T/dev/cpp/SisterAppEngine_base_v330/src/core/application.cpp:662:111: error: ‘descriptorPool_’ was not declared in this scope; did you mean ‘VkDescriptorPool_T’?
  662 |     if (!initImGuiVulkan(*ctx_, swapchain_->renderPass(), static_cast<uint32_t>(swapchain_->images().size()), descriptorPool_)) {
      |                                                                                                               ^~~~~~~~~~~~~~~
      |                                                                                                               VkDescriptorPool_T
/run/media/jpereiratrindade/labeco10T/dev/cpp/SisterAppEngine_base_v330/src/core/application.cpp:670:5: error: ‘camera_’ was not declared in this scope
  670 |     camera_.setAspect(static_cast<float>(swapchain_->extent().width) / static_cast<float>(swapchain_->extent().height));
      |     ^~~~~~~
/run/media/jpereiratrindade/labeco10T/dev/cpp/SisterAppEngine_base_v330/src/core/application.cpp:672:5: error: ‘currentFrame_’ was not declared in this scope
  672 |     currentFrame_ = 0;
      |     ^~~~~~~~~~~~~
/run/media/jpereiratrindade/labeco10T/dev/cpp/SisterAppEngine_base_v330/src/core/application.cpp:673:5: error: ‘needsRecreate_’ was not declared in this scope
  673 |     needsRecreate_ = false;
      |     ^~~~~~~~~~~~~~
/run/media/jpereiratrindade/labeco10T/dev/cpp/SisterAppEngine_base_v330/src/core/application.cpp: At global scope:
/run/media/jpereiratrindade/labeco10T/dev/cpp/SisterAppEngine_base_v330/src/core/application.cpp:676:6: error: ‘Application’ has not been declared; did you mean ‘VkApplicationInfo’?
  676 | void Application::render(size_t frameIndex) {
      |      ^~~~~~~~~~~
      |      VkApplicationInfo
/run/media/jpereiratrindade/labeco10T/dev/cpp/SisterAppEngine_base_v330/src/core/application.cpp: In function ‘void render(size_t)’:
/run/media/jpereiratrindade/labeco10T/dev/cpp/SisterAppEngine_base_v330/src/core/application.cpp:677:9: error: ‘needsRecreate_’ was not declared in this scope
  677 |     if (needsRecreate_) {
      |         ^~~~~~~~~~~~~~
/run/media/jpereiratrindade/labeco10T/dev/cpp/SisterAppEngine_base_v330/src/core/application.cpp:682:5: error: ‘syncObjects_’ was not declared in this scope
  682 |     syncObjects_->waitForFence(frameIndex);
      |     ^~~~~~~~~~~~
/run/media/jpereiratrindade/labeco10T/dev/cpp/SisterAppEngine_base_v330/src/core/application.cpp:685:42: error: ‘ctx_’ was not declared in this scope
  685 |     VkResult res = vkAcquireNextImageKHR(ctx_->device(), swapchain_->handle(), UINT64_MAX,
      |                                          ^~~~
/run/media/jpereiratrindade/labeco10T/dev/cpp/SisterAppEngine_base_v330/src/core/application.cpp:685:58: error: ‘swapchain_’ was not declared in this scope
  685 |     VkResult res = vkAcquireNextImageKHR(ctx_->device(), swapchain_->handle(), UINT64_MAX,
      |                                                          ^~~~~~~~~~
/run/media/jpereiratrindade/labeco10T/dev/cpp/SisterAppEngine_base_v330/src/core/application.cpp:689:9: error: ‘needsRecreate_’ was not declared in this scope
  689 |         needsRecreate_ = true;
      |         ^~~~~~~~~~~~~~
/run/media/jpereiratrindade/labeco10T/dev/cpp/SisterAppEngine_base_v330/src/core/application.cpp:694:9: error: ‘imagesInFlight_’ was not declared in this scope
  694 |     if (imagesInFlight_[imageIndex] != VK_NULL_HANDLE) {
      |         ^~~~~~~~~~~~~~~
/run/media/jpereiratrindade/labeco10T/dev/cpp/SisterAppEngine_base_v330/src/core/application.cpp:698:5: error: ‘imagesInFlight_’ was not declared in this scope
  698 |     imagesInFlight_[imageIndex] = syncObjects_->inFlight(frameIndex);
      |     ^~~~~~~~~~~~~~~
/run/media/jpereiratrindade/labeco10T/dev/cpp/SisterAppEngine_base_v330/src/core/application.cpp:701:26: error: ‘commandBuffers_’ was not declared in this scope; did you mean ‘VkCommandBuffer_T’?
  701 |     vkResetCommandBuffer(commandBuffers_[imageIndex], 0);
      |                          ^~~~~~~~~~~~~~~
      |                          VkCommandBuffer_T
/run/media/jpereiratrindade/labeco10T/dev/cpp/SisterAppEngine_base_v330/src/core/application.cpp:724:25: error: ‘camera_’ was not declared in this scope
  724 |     const float* view = camera_.viewMatrix();
      |                         ^~~~~~~
/run/media/jpereiratrindade/labeco10T/dev/cpp/SisterAppEngine_base_v330/src/core/application.cpp:742:9: error: ‘skyDomeMesh_’ was not declared in this scope
  742 |     if (skyDomeMesh_) {
      |         ^~~~~~~~~~~~
/run/media/jpereiratrindade/labeco10T/dev/cpp/SisterAppEngine_base_v330/src/core/application.cpp:761:9: error: ‘renderer_’ was not declared in this scope; did you mean ‘render’?
  761 |         renderer_.record(cmd, skyDomeMesh_.get(), environmentMaterial_.get(), swapchain_->extent(), skyMVP, opts);
      |         ^~~~~~~~~
      |         render
/run/media/jpereiratrindade/labeco10T/dev/cpp/SisterAppEngine_base_v330/src/core/application.cpp:761:51: error: ‘environmentMaterial_’ was not declared in this scope
  761 |         renderer_.record(cmd, skyDomeMesh_.get(), environmentMaterial_.get(), swapchain_->extent(), skyMVP, opts);
      |                                                   ^~~~~~~~~~~~~~~~~~~~
/run/media/jpereiratrindade/labeco10T/dev/cpp/SisterAppEngine_base_v330/src/core/application.cpp:769:9: error: ‘renderer_’ was not declared in this scope; did you mean ‘render’?
  769 |         renderer_.record(cmd, gridMesh_.get(), lineMaterial_.get(), swapchain_->extent(), mvp, opts);
      |         ^~~~~~~~~
      |         render
/run/media/jpereiratrindade/labeco10T/dev/cpp/SisterAppEngine_base_v330/src/core/application.cpp:769:31: error: ‘gridMesh_’ was not declared in this scope
  769 |         renderer_.record(cmd, gridMesh_.get(), lineMaterial_.get(), swapchain_->extent(), mvp, opts);
      |                               ^~~~~~~~~
/run/media/jpereiratrindade/labeco10T/dev/cpp/SisterAppEngine_base_v330/src/core/application.cpp:769:48: error: ‘lineMaterial_’ was not declared in this scope
  769 |         renderer_.record(cmd, gridMesh_.get(), lineMaterial_.get(), swapchain_->extent(), mvp, opts);
      |                                                ^~~~~~~~~~~~~
/run/media/jpereiratrindade/labeco10T/dev/cpp/SisterAppEngine_base_v330/src/core/application.cpp:773:9: error: ‘distanceMarkersMesh_’ was not declared in this scope
  773 |     if (distanceMarkersMesh_) {
      |         ^~~~~~~~~~~~~~~~~~~~
/run/media/jpereiratrindade/labeco10T/dev/cpp/SisterAppEngine_base_v330/src/core/application.cpp:776:9: error: ‘renderer_’ was not declared in this scope; did you mean ‘render’?
  776 |         renderer_.record(cmd, distanceMarkersMesh_.get(), lineMaterial_.get(), swapchain_->extent(), mvp, opts);
      |         ^~~~~~~~~
      |         render
/run/media/jpereiratrindade/labeco10T/dev/cpp/SisterAppEngine_base_v330/src/core/application.cpp:776:59: error: ‘lineMaterial_’ was not declared in this scope
  776 |         renderer_.record(cmd, distanceMarkersMesh_.get(), lineMaterial_.get(), swapchain_->extent(), mvp, opts);
      |                                                           ^~~~~~~~~~~~~
/run/media/jpereiratrindade/labeco10T/dev/cpp/SisterAppEngine_base_v330/src/core/application.cpp:783:13: error: ‘animationEnabled_’ was not declared in this scope
  783 |         if (animationEnabled_) {
      |             ^~~~~~~~~~~~~~~~~
/run/media/jpereiratrindade/labeco10T/dev/cpp/SisterAppEngine_base_v330/src/core/application.cpp:786:13: error: ‘axesAnimator_’ was not declared in this scope
  786 |             axesAnimator_.transform().toMatrix(modelMat);
      |             ^~~~~~~~~~~~~
/run/media/jpereiratrindade/labeco10T/dev/cpp/SisterAppEngine_base_v330/src/core/application.cpp:799:9: error: ‘renderer_’ was not declared in this scope; did you mean ‘render’?
  799 |         renderer_.record(cmd, axesMesh_.get(), lineMaterial_.get(), swapchain_->extent(), axesMVP, opts);
      |         ^~~~~~~~~
      |         render
/run/media/jpereiratrindade/labeco10T/dev/cpp/SisterAppEngine_base_v330/src/core/application.cpp:799:31: error: ‘axesMesh_’ was not declared in this scope
  799 |         renderer_.record(cmd, axesMesh_.get(), lineMaterial_.get(), swapchain_->extent(), axesMVP, opts);
      |                               ^~~~~~~~~
/run/media/jpereiratrindade/labeco10T/dev/cpp/SisterAppEngine_base_v330/src/core/application.cpp:799:48: error: ‘lineMaterial_’ was not declared in this scope
  799 |         renderer_.record(cmd, axesMesh_.get(), lineMaterial_.get(), swapchain_->extent(), axesMVP, opts);
      |                                                ^~~~~~~~~~~~~
/run/media/jpereiratrindade/labeco10T/dev/cpp/SisterAppEngine_base_v330/src/core/application.cpp:804:9: error: ‘finiteMap_’ was not declared in this scope; did you mean ‘finitel’?
  804 |     if (finiteMap_) {
      |         ^~~~~~~~~~
      |         finitel
/run/media/jpereiratrindade/labeco10T/dev/cpp/SisterAppEngine_base_v330/src/core/application.cpp:806:73: error: ‘worldResolution_’ was not declared in this scope
  806 |         float worldWidth = static_cast<float>(finiteMap_->getWidth()) * worldResolution_;
      |                                                                         ^~~~~~~~~~~~~~~~
/run/media/jpereiratrindade/labeco10T/dev/cpp/SisterAppEngine_base_v330/src/core/application.cpp:811:9: error: ‘finiteRenderer_’ was not declared in this scope
  811 |     if (finiteRenderer_) {
      |         ^~~~~~~~~~~~~~~
/run/media/jpereiratrindade/labeco10T/dev/cpp/SisterAppEngine_base_v330/src/core/application.cpp:816:23: error: ‘showSlopeAnalysis_’ was not declared in this scope
  816 |           /* slope */ showSlopeAnalysis_,
      |                       ^~~~~~~~~~~~~~~~~~
/run/media/jpereiratrindade/labeco10T/dev/cpp/SisterAppEngine_base_v330/src/core/application.cpp:817:20: error: ‘showDrainage_’ was not declared in this scope
  817 |     /* drainage */ showDrainage_, drainageIntensity_,
      |                    ^~~~~~~~~~~~~
/run/media/jpereiratrindade/labeco10T/dev/cpp/SisterAppEngine_base_v330/src/core/application.cpp:817:35: error: ‘drainageIntensity_’ was not declared in this scope
  817 |     /* drainage */ showDrainage_, drainageIntensity_,
      |                                   ^~~~~~~~~~~~~~~~~~
/run/media/jpereiratrindade/labeco10T/dev/cpp/SisterAppEngine_base_v330/src/core/application.cpp:818:21: error: ‘showWatershedVis_’ was not declared in this scope
  818 |     /* watershed */ showWatershedVis_, showBasinOutlines_, showSoilVis_,
      |                     ^~~~~~~~~~~~~~~~~
/run/media/jpereiratrindade/labeco10T/dev/cpp/SisterAppEngine_base_v330/src/core/application.cpp:818:40: error: ‘showBasinOutlines_’ was not declared in this scope
  818 |     /* watershed */ showWatershedVis_, showBasinOutlines_, showSoilVis_,
      |                                        ^~~~~~~~~~~~~~~~~~
/run/media/jpereiratrindade/labeco10T/dev/cpp/SisterAppEngine_base_v330/src/core/application.cpp:818:60: error: ‘showSoilVis_’ was not declared in this scope
  818 |     /* watershed */ showWatershedVis_, showBasinOutlines_, showSoilVis_,
      |                                                            ^~~~~~~~~~~~
/run/media/jpereiratrindade/labeco10T/dev/cpp/SisterAppEngine_base_v330/src/core/application.cpp:819:26: error: ‘soilHidroAllowed_’ was not declared in this scope
  819 |     /* soil whitelist */ soilHidroAllowed_, soilBTextAllowed_, soilArgilaAllowed_, soilBemDesAllowed_, soilRasoAllowed_, soilRochaAllowed_,
      |                          ^~~~~~~~~~~~~~~~~
/run/media/jpereiratrindade/labeco10T/dev/cpp/SisterAppEngine_base_v330/src/core/application.cpp:819:45: error: ‘soilBTextAllowed_’ was not declared in this scope
  819 |     /* soil whitelist */ soilHidroAllowed_, soilBTextAllowed_, soilArgilaAllowed_, soilBemDesAllowed_, soilRasoAllowed_, soilRochaAllowed_,
      |                                             ^~~~~~~~~~~~~~~~~
/run/media/jpereiratrindade/labeco10T/dev/cpp/SisterAppEngine_base_v330/src/core/application.cpp:819:64: error: ‘soilArgilaAllowed_’ was not declared in this scope
  819 |     /* soil whitelist */ soilHidroAllowed_, soilBTextAllowed_, soilArgilaAllowed_, soilBemDesAllowed_, soilRasoAllowed_, soilRochaAllowed_,
      |                                                                ^~~~~~~~~~~~~~~~~~
/run/media/jpereiratrindade/labeco10T/dev/cpp/SisterAppEngine_base_v330/src/core/application.cpp:819:84: error: ‘soilBemDesAllowed_’ was not declared in this scope
  819 |     /* soil whitelist */ soilHidroAllowed_, soilBTextAllowed_, soilArgilaAllowed_, soilBemDesAllowed_, soilRasoAllowed_, soilRochaAllowed_,
      |                                                                                    ^~~~~~~~~~~~~~~~~~
/run/media/jpereiratrindade/labeco10T/dev/cpp/SisterAppEngine_base_v330/src/core/application.cpp:819:104: error: ‘soilRasoAllowed_’ was not declared in this scope
  819 |     /* soil whitelist */ soilHidroAllowed_, soilBTextAllowed_, soilArgilaAllowed_, soilBemDesAllowed_, soilRasoAllowed_, soilRochaAllowed_,
      |                                                                                                        ^~~~~~~~~~~~~~~~
/run/media/jpereiratrindade/labeco10T/dev/cpp/SisterAppEngine_base_v330/src/core/application.cpp:819:122: error: ‘soilRochaAllowed_’ was not declared in this scope
  819 |     /* soil whitelist */ soilHidroAllowed_, soilBTextAllowed_, soilArgilaAllowed_, soilBemDesAllowed_, soilRasoAllowed_, soilRochaAllowed_,
      |                                                                                                                          ^~~~~~~~~~~~~~~~~
/run/media/jpereiratrindade/labeco10T/dev/cpp/SisterAppEngine_base_v330/src/core/application.cpp:820:18: error: ‘sunAzimuth_’ was not declared in this scope
  820 |     /* visual */ sunAzimuth_, sunElevation_, fogDensity_, lightIntensity_,
      |                  ^~~~~~~~~~~
/run/media/jpereiratrindade/labeco10T/dev/cpp/SisterAppEngine_base_v330/src/core/application.cpp:820:31: error: ‘sunElevation_’ was not declared in this scope
  820 |     /* visual */ sunAzimuth_, sunElevation_, fogDensity_, lightIntensity_,
      |                               ^~~~~~~~~~~~~
/run/media/jpereiratrindade/labeco10T/dev/cpp/SisterAppEngine_base_v330/src/core/application.cpp:820:46: error: ‘fogDensity_’ was not declared in this scope
  820 |     /* visual */ sunAzimuth_, sunElevation_, fogDensity_, lightIntensity_,
      |                                              ^~~~~~~~~~~
/run/media/jpereiratrindade/labeco10T/dev/cpp/SisterAppEngine_base_v330/src/core/application.cpp:820:59: error: ‘lightIntensity_’ was not declared in this scope
  820 |     /* visual */ sunAzimuth_, sunElevation_, fogDensity_, lightIntensity_,
      |                                                           ^~~~~~~~~~~~~~~
/run/media/jpereiratrindade/labeco10T/dev/cpp/SisterAppEngine_base_v330/src/core/application.cpp:821:31: error: ‘vegetationMode_’ was not declared in this scope; did you mean ‘vegetation’?
  821 |     /* vegetation */ uvScale, vegetationMode_); // v3.9.0
      |                               ^~~~~~~~~~~~~~~
      |                               vegetation
/run/media/jpereiratrindade/labeco10T/dev/cpp/SisterAppEngine_base_v330/src/core/application.cpp:825:9: error: ‘running_’ was not declared in this scope
  825 |         running_,
      |         ^~~~~~~~
/run/media/jpereiratrindade/labeco10T/dev/cpp/SisterAppEngine_base_v330/src/core/application.cpp:826:9: error: ‘needsRecreate_’ was not declared in this scope
  826 |         needsRecreate_,
      |         ^~~~~~~~~~~~~~
/run/media/jpereiratrindade/labeco10T/dev/cpp/SisterAppEngine_base_v330/src/core/application.cpp:827:9: error: ‘vsyncEnabled_’ was not declared in this scope
  827 |         vsyncEnabled_,
      |         ^~~~~~~~~~~~~
/run/media/jpereiratrindade/labeco10T/dev/cpp/SisterAppEngine_base_v330/src/core/application.cpp:828:9: error: ‘limitIdleFps_’ was not declared in this scope
  828 |         limitIdleFps_,
      |         ^~~~~~~~~~~~~
/run/media/jpereiratrindade/labeco10T/dev/cpp/SisterAppEngine_base_v330/src/core/application.cpp:829:9: error: ‘fpsCapEnabled_’ was not declared in this scope
  829 |         fpsCapEnabled_,
      |         ^~~~~~~~~~~~~~
/run/media/jpereiratrindade/labeco10T/dev/cpp/SisterAppEngine_base_v330/src/core/application.cpp:830:9: error: ‘fpsCapTarget_’ was not declared in this scope
  830 |         fpsCapTarget_,
      |         ^~~~~~~~~~~~~
/run/media/jpereiratrindade/labeco10T/dev/cpp/SisterAppEngine_base_v330/src/core/application.cpp:831:9: error: ‘animationEnabled_’ was not declared in this scope
  831 |         animationEnabled_,
      |         ^~~~~~~~~~~~~~~~~
/run/media/jpereiratrindade/labeco10T/dev/cpp/SisterAppEngine_base_v330/src/core/application.cpp:835:25: error: ‘finiteMap_’ was not declared in this scope; did you mean ‘finitel’?
  835 |         /* finiteMap=*/ finiteMap_.get(),
      |                         ^~~~~~~~~~
      |                         finitel
/run/media/jpereiratrindade/labeco10T/dev/cpp/SisterAppEngine_base_v330/src/core/application.cpp:836:25: error: ‘showSlopeAnalysis_’ was not declared in this scope
  836 |         /* showSlope */ showSlopeAnalysis_,
      |                         ^~~~~~~~~~~~~~~~~~
/run/media/jpereiratrindade/labeco10T/dev/cpp/SisterAppEngine_base_v330/src/core/application.cpp:837:28: error: ‘showDrainage_’ was not declared in this scope
  837 |         /* showDrainage */ showDrainage_,
      |                            ^~~~~~~~~~~~~
/run/media/jpereiratrindade/labeco10T/dev/cpp/SisterAppEngine_base_v330/src/core/application.cpp:838:25: error: ‘drainageIntensity_’ was not declared in this scope
  838 |         /* intensity */ drainageIntensity_, // [NEW]
      |                         ^~~~~~~~~~~~~~~~~~
/run/media/jpereiratrindade/labeco10T/dev/cpp/SisterAppEngine_base_v330/src/core/application.cpp:839:27: error: ‘showErosion_’ was not declared in this scope
  839 |         /* showErosion */ showErosion_,
      |                           ^~~~~~~~~~~~
/run/media/jpereiratrindade/labeco10T/dev/cpp/SisterAppEngine_base_v330/src/core/application.cpp:840:29: error: ‘showWatershedVis_’ was not declared in this scope
  840 |         /* showWatershed */ showWatershedVis_,
      |                             ^~~~~~~~~~~~~~~~~
/run/media/jpereiratrindade/labeco10T/dev/cpp/SisterAppEngine_base_v330/src/core/application.cpp:841:33: error: ‘showBasinOutlines_’ was not declared in this scope
  841 |         /* showBasinOutlines */ showBasinOutlines_,
      |                                 ^~~~~~~~~~~~~~~~~~
/run/media/jpereiratrindade/labeco10T/dev/cpp/SisterAppEngine_base_v330/src/core/application.cpp:842:27: error: ‘showSoilVis_’ was not declared in this scope
  842 |         /* showSoilVis */ showSoilVis_,
      |                           ^~~~~~~~~~~~
/run/media/jpereiratrindade/labeco10T/dev/cpp/SisterAppEngine_base_v330/src/core/application.cpp:843:29: error: ‘soilHidroAllowed_’ was not declared in this scope
  843 |         /* soilWhitelist */ soilHidroAllowed_, soilBTextAllowed_, soilArgilaAllowed_, soilBemDesAllowed_, soilRasoAllowed_, soilRochaAllowed_,
      |                             ^~~~~~~~~~~~~~~~~
/run/media/jpereiratrindade/labeco10T/dev/cpp/SisterAppEngine_base_v330/src/core/application.cpp:843:48: error: ‘soilBTextAllowed_’ was not declared in this scope
  843 |         /* soilWhitelist */ soilHidroAllowed_, soilBTextAllowed_, soilArgilaAllowed_, soilBemDesAllowed_, soilRasoAllowed_, soilRochaAllowed_,
      |                                                ^~~~~~~~~~~~~~~~~
/run/media/jpereiratrindade/labeco10T/dev/cpp/SisterAppEngine_base_v330/src/core/application.cpp:843:67: error: ‘soilArgilaAllowed_’ was not declared in this scope
  843 |         /* soilWhitelist */ soilHidroAllowed_, soilBTextAllowed_, soilArgilaAllowed_, soilBemDesAllowed_, soilRasoAllowed_, soilRochaAllowed_,
      |                                                                   ^~~~~~~~~~~~~~~~~~
/run/media/jpereiratrindade/labeco10T/dev/cpp/SisterAppEngine_base_v330/src/core/application.cpp:843:87: error: ‘soilBemDesAllowed_’ was not declared in this scope
  843 |         /* soilWhitelist */ soilHidroAllowed_, soilBTextAllowed_, soilArgilaAllowed_, soilBemDesAllowed_, soilRasoAllowed_, soilRochaAllowed_,
      |                                                                                       ^~~~~~~~~~~~~~~~~~
/run/media/jpereiratrindade/labeco10T/dev/cpp/SisterAppEngine_base_v330/src/core/application.cpp:843:107: error: ‘soilRasoAllowed_’ was not declared in this scope
  843 |         /* soilWhitelist */ soilHidroAllowed_, soilBTextAllowed_, soilArgilaAllowed_, soilBemDesAllowed_, soilRasoAllowed_, soilRochaAllowed_,
      |                                                                                                           ^~~~~~~~~~~~~~~~
/run/media/jpereiratrindade/labeco10T/dev/cpp/SisterAppEngine_base_v330/src/core/application.cpp:843:125: error: ‘soilRochaAllowed_’ was not declared in this scope
  843 |         /* soilWhitelist */ soilHidroAllowed_, soilBTextAllowed_, soilArgilaAllowed_, soilBemDesAllowed_, soilRasoAllowed_, soilRochaAllowed_,
      |                                                                                                                             ^~~~~~~~~~~~~~~~~
/run/media/jpereiratrindade/labeco10T/dev/cpp/SisterAppEngine_base_v330/src/core/application.cpp:844:28: error: ‘sunAzimuth_’ was not declared in this scope
  844 |         /* visual state */ sunAzimuth_, sunElevation_, fogDensity_, // v3.7.3
      |                            ^~~~~~~~~~~
/run/media/jpereiratrindade/labeco10T/dev/cpp/SisterAppEngine_base_v330/src/core/application.cpp:844:41: error: ‘sunElevation_’ was not declared in this scope
  844 |         /* visual state */ sunAzimuth_, sunElevation_, fogDensity_, // v3.7.3
      |                                         ^~~~~~~~~~~~~
/run/media/jpereiratrindade/labeco10T/dev/cpp/SisterAppEngine_base_v330/src/core/application.cpp:844:56: error: ‘fogDensity_’ was not declared in this scope
  844 |         /* visual state */ sunAzimuth_, sunElevation_, fogDensity_, // v3.7.3
      |                                                        ^~~~~~~~~~~
/run/media/jpereiratrindade/labeco10T/dev/cpp/SisterAppEngine_base_v330/src/core/application.cpp:846:9: error: ‘axesAnimator_’ was not declared in this scope
  846 |         axesAnimator_,
      |         ^~~~~~~~~~~~~
/run/media/jpereiratrindade/labeco10T/dev/cpp/SisterAppEngine_base_v330/src/core/application.cpp:847:9: error: ‘bookmarks_’ was not declared in this scope
  847 |         bookmarks_,
      |         ^~~~~~~~~~
/run/media/jpereiratrindade/labeco10T/dev/cpp/SisterAppEngine_base_v330/src/core/application.cpp:848:9: error: ‘lastSurfaceInfo_’ was not declared in this scope
  848 |         lastSurfaceInfo_,
      |         ^~~~~~~~~~~~~~~~
/run/media/jpereiratrindade/labeco10T/dev/cpp/SisterAppEngine_base_v330/src/core/application.cpp:849:9: error: ‘lastSurfaceValid_’ was not declared in this scope
  849 |         lastSurfaceValid_,
      |         ^~~~~~~~~~~~~~~~~
/run/media/jpereiratrindade/labeco10T/dev/cpp/SisterAppEngine_base_v330/src/core/application.cpp:850:9: error: ‘lastSurfaceColor_’ was not declared in this scope; did you mean ‘SDL_SetSurfaceColorMod’?
  850 |         lastSurfaceColor_,
      |         ^~~~~~~~~~~~~~~~~
      |         SDL_SetSurfaceColorMod
/run/media/jpereiratrindade/labeco10T/dev/cpp/SisterAppEngine_base_v330/src/core/application.cpp:851:36: error: ‘currentSeed_’ was not declared in this scope
  851 |         /* seeding & resolution */ currentSeed_, worldResolution_, // v3.7.8
      |                                    ^~~~~~~~~~~~
/run/media/jpereiratrindade/labeco10T/dev/cpp/SisterAppEngine_base_v330/src/core/application.cpp:851:50: error: ‘worldResolution_’ was not declared in this scope
  851 |         /* seeding & resolution */ currentSeed_, worldResolution_, // v3.7.8
      |                                                  ^~~~~~~~~~~~~~~~
/run/media/jpereiratrindade/labeco10T/dev/cpp/SisterAppEngine_base_v330/src/core/application.cpp:852:21: error: ‘lightIntensity_’ was not declared in this scope
  852 |         /* light */ lightIntensity_, // v3.8.1
      |                     ^~~~~~~~~~~~~~~
/run/media/jpereiratrindade/labeco10T/dev/cpp/SisterAppEngine_base_v330/src/core/application.cpp:853:21: error: ‘isRegenerating_’ was not declared in this scope
  853 |         /* async */ isRegenerating_, // v3.8.3
      |                     ^~~~~~~~~~~~~~~
/run/media/jpereiratrindade/labeco10T/dev/cpp/SisterAppEngine_base_v330/src/core/application.cpp:856:9: error: ‘vegetationMode_’ was not declared in this scope; did you mean ‘vegetation’?
  856 |         vegetationMode_,
      |         ^~~~~~~~~~~~~~~
      |         vegetation
/run/media/jpereiratrindade/labeco10T/dev/cpp/SisterAppEngine_base_v330/src/core/application.cpp:857:9: error: ‘disturbanceParams_’ was not declared in this scope
  857 |         disturbanceParams_
      |         ^~~~~~~~~~~~~~~~~~
/run/media/jpereiratrindade/labeco10T/dev/cpp/SisterAppEngine_base_v330/src/core/application.cpp:860:5: error: ‘uiLayer_’ was not declared in this scope
  860 |     uiLayer_->render(uiCtx, cmd);
      |     ^~~~~~~~
/run/media/jpereiratrindade/labeco10T/dev/cpp/SisterAppEngine_base_v330/src/core/application.cpp: At global scope:
/run/media/jpereiratrindade/labeco10T/dev/cpp/SisterAppEngine_base_v330/src/core/application.cpp:896:37: error: ‘Application’ has not been declared; did you mean ‘VkApplicationInfo’?
  896 | std::unique_ptr<graphics::Material> Application::createMaterial(VkRenderPass renderPass, VkExtent2D extent, VkPrimitiveTopology topology, VkPolygonMode polygonMode) {
      |                                     ^~~~~~~~~~~
      |                                     VkApplicationInfo
/run/media/jpereiratrindade/labeco10T/dev/cpp/SisterAppEngine_base_v330/src/core/application.cpp: In function ‘std::unique_ptr<graphics::Material> createMaterial(VkRenderPass, VkExtent2D, VkPrimitiveTopology, VkPolygonMode)’:
/run/media/jpereiratrindade/labeco10T/dev/cpp/SisterAppEngine_base_v330/src/core/application.cpp:897:51: error: ‘ctx_’ was not declared in this scope
  897 |     auto vs = std::make_shared<graphics::Shader>(*ctx_, "shaders/basic.vert.spv");
      |                                                   ^~~~
/run/media/jpereiratrindade/labeco10T/dev/cpp/SisterAppEngine_base_v330/src/core/application.cpp: At global scope:
/run/media/jpereiratrindade/labeco10T/dev/cpp/SisterAppEngine_base_v330/src/core/application.cpp:904:6: error: ‘Application’ has not been declared; did you mean ‘VkApplicationInfo’?
  904 | void Application::requestTerrainReset(int warmupRadius) {
      |      ^~~~~~~~~~~
      |      VkApplicationInfo
/run/media/jpereiratrindade/labeco10T/dev/cpp/SisterAppEngine_base_v330/src/core/application.cpp:911:6: error: ‘Application’ has not been declared; did you mean ‘VkApplicationInfo’?
  911 | void Application::saveBookmark(const std::string& name) {
      |      ^~~~~~~~~~~
      |      VkApplicationInfo
/run/media/jpereiratrindade/labeco10T/dev/cpp/SisterAppEngine_base_v330/src/core/application.cpp: In function ‘void saveBookmark(const std::string&)’:
/run/media/jpereiratrindade/labeco10T/dev/cpp/SisterAppEngine_base_v330/src/core/application.cpp:913:66: error: ‘bookmarks_’ was not declared in this scope; did you mean ‘bookmark’?
  913 |     bookmark.name = name.empty() ? ("Bookmark " + std::to_string(bookmarks_.size() + 1)) : name;
      |                                                                  ^~~~~~~~~~
      |                                                                  bookmark
/run/media/jpereiratrindade/labeco10T/dev/cpp/SisterAppEngine_base_v330/src/core/application.cpp:914:25: error: ‘camera_’ was not declared in this scope
  914 |     bookmark.position = camera_.getPosition();
      |                         ^~~~~~~
/run/media/jpereiratrindade/labeco10T/dev/cpp/SisterAppEngine_base_v330/src/core/application.cpp: At global scope:
/run/media/jpereiratrindade/labeco10T/dev/cpp/SisterAppEngine_base_v330/src/core/application.cpp:928:6: error: ‘Application’ has not been declared; did you mean ‘VkApplicationInfo’?
  928 | void Application::loadBookmark(size_t index) {
      |      ^~~~~~~~~~~
      |      VkApplicationInfo
/run/media/jpereiratrindade/labeco10T/dev/cpp/SisterAppEngine_base_v330/src/core/application.cpp: In function ‘void loadBookmark(size_t)’:
/run/media/jpereiratrindade/labeco10T/dev/cpp/SisterAppEngine_base_v330/src/core/application.cpp:929:18: error: ‘bookmarks_’ was not declared in this scope
  929 |     if (index >= bookmarks_.size()) {
      |                  ^~~~~~~~~~
/run/media/jpereiratrindade/labeco10T/dev/cpp/SisterAppEngine_base_v330/src/core/application.cpp:934:28: error: ‘bookmarks_’ was not declared in this scope; did you mean ‘bookmark’?
  934 |     const auto& bookmark = bookmarks_[index];
      |                            ^~~~~~~~~~
      |                            bookmark
/run/media/jpereiratrindade/labeco10T/dev/cpp/SisterAppEngine_base_v330/src/core/application.cpp:937:9: error: ‘camera_’ was not declared in this scope
  937 |     if (camera_.getCameraMode() != bookmark.mode) {
      |         ^~~~~~~
/run/media/jpereiratrindade/labeco10T/dev/cpp/SisterAppEngine_base_v330/src/core/application.cpp:942:5: error: ‘camera_’ was not declared in this scope
  942 |     camera_.teleportTo(bookmark.position);
      |     ^~~~~~~
/run/media/jpereiratrindade/labeco10T/dev/cpp/SisterAppEngine_base_v330/src/core/application.cpp: At global scope:
/run/media/jpereiratrindade/labeco10T/dev/cpp/SisterAppEngine_base_v330/src/core/application.cpp:947:6: error: ‘Application’ has not been declared; did you mean ‘VkApplicationInfo’?
  947 | void Application::deleteBookmark(size_t index) {
      |      ^~~~~~~~~~~
      |      VkApplicationInfo
/run/media/jpereiratrindade/labeco10T/dev/cpp/SisterAppEngine_base_v330/src/core/application.cpp: In function ‘void deleteBookmark(size_t)’:
/run/media/jpereiratrindade/labeco10T/dev/cpp/SisterAppEngine_base_v330/src/core/application.cpp:948:18: error: ‘bookmarks_’ was not declared in this scope
  948 |     if (index >= bookmarks_.size()) {
      |                  ^~~~~~~~~~
/run/media/jpereiratrindade/labeco10T/dev/cpp/SisterAppEngine_base_v330/src/core/application.cpp:953:24: error: ‘bookmarks_’ was not declared in this scope
  953 |     std::string name = bookmarks_[index].name;
      |                        ^~~~~~~~~~
/run/media/jpereiratrindade/labeco10T/dev/cpp/SisterAppEngine_base_v330/src/core/application.cpp: At global scope:
/run/media/jpereiratrindade/labeco10T/dev/cpp/SisterAppEngine_base_v330/src/core/application.cpp:960:6: error: ‘Application’ has not been declared; did you mean ‘VkApplicationInfo’?
  960 | void Application::regenerateFiniteWorld(const terrain::TerrainConfig& config) {
      |      ^~~~~~~~~~~
      |      VkApplicationInfo
/run/media/jpereiratrindade/labeco10T/dev/cpp/SisterAppEngine_base_v330/src/core/application.cpp: In function ‘void regenerateFiniteWorld(const terrain::TerrainConfig&)’:
/run/media/jpereiratrindade/labeco10T/dev/cpp/SisterAppEngine_base_v330/src/core/application.cpp:961:9: error: ‘isRegenerating_’ was not declared in this scope
  961 |     if (isRegenerating_) {
      |         ^~~~~~~~~~~~~~~
/run/media/jpereiratrindade/labeco10T/dev/cpp/SisterAppEngine_base_v330/src/core/application.cpp:966:5: error: ‘deferredConfig_’ was not declared in this scope
  966 |     deferredConfig_ = config;
      |     ^~~~~~~~~~~~~~~
/run/media/jpereiratrindade/labeco10T/dev/cpp/SisterAppEngine_base_v330/src/core/application.cpp:967:5: error: ‘regenRequested_’ was not declared in this scope
  967 |     regenRequested_ = true;
      |     ^~~~~~~~~~~~~~~
/run/media/jpereiratrindade/labeco10T/dev/cpp/SisterAppEngine_base_v330/src/core/application.cpp: At global scope:
/run/media/jpereiratrindade/labeco10T/dev/cpp/SisterAppEngine_base_v330/src/core/application.cpp:971:6: error: ‘Application’ has not been declared; did you mean ‘VkApplicationInfo’?
  971 | void Application::performMeshUpdate() {
      |      ^~~~~~~~~~~
      |      VkApplicationInfo
/run/media/jpereiratrindade/labeco10T/dev/cpp/SisterAppEngine_base_v330/src/core/application.cpp: In function ‘void performMeshUpdate()’:
/run/media/jpereiratrindade/labeco10T/dev/cpp/SisterAppEngine_base_v330/src/core/application.cpp:972:10: error: ‘finiteRenderer_’ was not declared in this scope
  972 |     if (!finiteRenderer_ || !finiteMap_) return;
      |          ^~~~~~~~~~~~~~~
/run/media/jpereiratrindade/labeco10T/dev/cpp/SisterAppEngine_base_v330/src/core/application.cpp:972:30: error: ‘finiteMap_’ was not declared in this scope; did you mean ‘finitel’?
  972 |     if (!finiteRenderer_ || !finiteMap_) return;
      |                              ^~~~~~~~~~
      |                              finitel
/run/media/jpereiratrindade/labeco10T/dev/cpp/SisterAppEngine_base_v330/src/core/application.cpp:976:22: error: ‘ctx_’ was not declared in this scope
  976 |     vkDeviceWaitIdle(ctx_->device());
      |                      ^~~~
/run/media/jpereiratrindade/labeco10T/dev/cpp/SisterAppEngine_base_v330/src/core/application.cpp:979:5: error: ‘finiteRenderer_’ was not declared in this scope
  979 |     finiteRenderer_->buildMesh(*finiteMap_, worldResolution_);
      |     ^~~~~~~~~~~~~~~
/run/media/jpereiratrindade/labeco10T/dev/cpp/SisterAppEngine_base_v330/src/core/application.cpp:979:33: error: ‘finiteMap_’ was not declared in this scope; did you mean ‘finitel’?
  979 |     finiteRenderer_->buildMesh(*finiteMap_, worldResolution_);
      |                                 ^~~~~~~~~~
      |                                 finitel
/run/media/jpereiratrindade/labeco10T/dev/cpp/SisterAppEngine_base_v330/src/core/application.cpp:979:45: error: ‘worldResolution_’ was not declared in this scope
  979 |     finiteRenderer_->buildMesh(*finiteMap_, worldResolution_);
      |                                             ^~~~~~~~~~~~~~~~
/run/media/jpereiratrindade/labeco10T/dev/cpp/SisterAppEngine_base_v330/src/core/application.cpp:981:5: error: ‘meshUpdateRequested_’ was not declared in this scope
  981 |     meshUpdateRequested_ = false;
      |     ^~~~~~~~~~~~~~~~~~~~
/run/media/jpereiratrindade/labeco10T/dev/cpp/SisterAppEngine_base_v330/src/core/application.cpp: At global scope:
/run/media/jpereiratrindade/labeco10T/dev/cpp/SisterAppEngine_base_v330/src/core/application.cpp:984:6: error: ‘Application’ has not been declared; did you mean ‘VkApplicationInfo’?
  984 | void Application::performRegeneration() {
      |      ^~~~~~~~~~~
      |      VkApplicationInfo
/run/media/jpereiratrindade/labeco10T/dev/cpp/SisterAppEngine_base_v330/src/core/application.cpp: In function ‘void performRegeneration()’:
/run/media/jpereiratrindade/labeco10T/dev/cpp/SisterAppEngine_base_v330/src/core/application.cpp:986:9: error: ‘regenRequested_’ was not declared in this scope
  986 |     if (regenRequested_ && !isRegenerating_) {
      |         ^~~~~~~~~~~~~~~
/run/media/jpereiratrindade/labeco10T/dev/cpp/SisterAppEngine_base_v330/src/core/application.cpp:986:29: error: ‘isRegenerating_’ was not declared in this scope
  986 |     if (regenRequested_ && !isRegenerating_) {
      |                             ^~~~~~~~~~~~~~~
/run/media/jpereiratrindade/labeco10T/dev/cpp/SisterAppEngine_base_v330/src/core/application.cpp:987:69: error: ‘deferredConfig_’ was not declared in this scope
  987 |         std::cout << "[SisterApp] Starting Async Regeneration: " << deferredConfig_.width << "x" << deferredConfig_.height << std::endl;
      |                                                                     ^~~~~~~~~~~~~~~
/run/media/jpereiratrindade/labeco10T/dev/cpp/SisterAppEngine_base_v330/src/core/application.cpp:996:9: error: ‘regenFuture_’ was not declared in this scope
  996 |         regenFuture_ = std::async(std::launch::async, [=, this]() {
      |         ^~~~~~~~~~~~
/run/media/jpereiratrindade/labeco10T/dev/cpp/SisterAppEngine_base_v330/src/core/application.cpp:996:59: warning: explicit by-copy capture of ‘this’ with by-copy capture default only available with ‘-std=c++20’ or ‘-std=gnu++20’ [-Wc++20-extensions]
  996 |         regenFuture_ = std::async(std::launch::async, [=, this]() {
      |                                                           ^~~~
/run/media/jpereiratrindade/labeco10T/dev/cpp/SisterAppEngine_base_v330/src/core/application.cpp:996:59: error: invalid use of ‘this’ in non-member function
/run/media/jpereiratrindade/labeco10T/dev/cpp/SisterAppEngine_base_v330/src/core/application.cpp: In lambda function:
/run/media/jpereiratrindade/labeco10T/dev/cpp/SisterAppEngine_base_v330/src/core/application.cpp:1024:13: error: ‘this’ was not captured for this lambda function
 1024 |             this->backgroundMap_ = std::move(map);
      |             ^~~~
/run/media/jpereiratrindade/labeco10T/dev/cpp/SisterAppEngine_base_v330/src/core/application.cpp:1025:13: error: ‘this’ was not captured for this lambda function
 1025 |             this->backgroundMeshData_ = std::move(meshData);
      |             ^~~~
/run/media/jpereiratrindade/labeco10T/dev/cpp/SisterAppEngine_base_v330/src/core/application.cpp:1026:13: error: ‘this’ was not captured for this lambda function
 1026 |             this->backgroundConfig_ = config;
      |             ^~~~
/run/media/jpereiratrindade/labeco10T/dev/cpp/SisterAppEngine_base_v330/src/core/application.cpp: In function ‘void performRegeneration()’:
/run/media/jpereiratrindade/labeco10T/dev/cpp/SisterAppEngine_base_v330/src/core/application.cpp:1033:9: error: ‘isRegenerating_’ was not declared in this scope
 1033 |     if (isRegenerating_) {
      |         ^~~~~~~~~~~~~~~
/run/media/jpereiratrindade/labeco10T/dev/cpp/SisterAppEngine_base_v330/src/core/application.cpp:1035:13: error: ‘regenFuture_’ was not declared in this scope
 1035 |         if (regenFuture_.wait_for(std::chrono::seconds(0)) == std::future_status::ready) {
      |             ^~~~~~~~~~~~
/run/media/jpereiratrindade/labeco10T/dev/cpp/SisterAppEngine_base_v330/src/core/application.cpp:1041:30: error: ‘ctx_’ was not declared in this scope
 1041 |             vkDeviceWaitIdle(ctx_->device());
      |                              ^~~~
/run/media/jpereiratrindade/labeco10T/dev/cpp/SisterAppEngine_base_v330/src/core/application.cpp:1044:13: error: ‘finiteMap_’ was not declared in this scope; did you mean ‘finitel’?
 1044 |             finiteMap_ = std::move(backgroundMap_);
      |             ^~~~~~~~~~
      |             finitel
/run/media/jpereiratrindade/labeco10T/dev/cpp/SisterAppEngine_base_v330/src/core/application.cpp:1044:36: error: ‘backgroundMap_’ was not declared in this scope
 1044 |             finiteMap_ = std::move(backgroundMap_);
      |                                    ^~~~~~~~~~~~~~
/run/media/jpereiratrindade/labeco10T/dev/cpp/SisterAppEngine_base_v330/src/core/application.cpp:1045:13: error: ‘currentSeed_’ was not declared in this scope
 1045 |             currentSeed_ = backgroundConfig_.seed;
      |             ^~~~~~~~~~~~
/run/media/jpereiratrindade/labeco10T/dev/cpp/SisterAppEngine_base_v330/src/core/application.cpp:1045:28: error: ‘backgroundConfig_’ was not declared in this scope
 1045 |             currentSeed_ = backgroundConfig_.seed;
      |                            ^~~~~~~~~~~~~~~~~
/run/media/jpereiratrindade/labeco10T/dev/cpp/SisterAppEngine_base_v330/src/core/application.cpp:1047:13: error: ‘worldResolution_’ was not declared in this scope
 1047 |             worldResolution_ = backgroundConfig_.resolution;
      |             ^~~~~~~~~~~~~~~~
/run/media/jpereiratrindade/labeco10T/dev/cpp/SisterAppEngine_base_v330/src/core/application.cpp:1050:13: error: ‘finiteRenderer_’ was not declared in this scope
 1050 |             finiteRenderer_.reset();
      |             ^~~~~~~~~~~~~~~
/run/media/jpereiratrindade/labeco10T/dev/cpp/SisterAppEngine_base_v330/src/core/application.cpp:1051:79: error: ‘swapchain_’ was not declared in this scope
 1051 |             finiteRenderer_ = std::make_unique<shape::TerrainRenderer>(*ctx_, swapchain_->renderPass(), commandPool_->handle());
      |                                                                               ^~~~~~~~~~
/run/media/jpereiratrindade/labeco10T/dev/cpp/SisterAppEngine_base_v330/src/core/application.cpp:1051:105: error: ‘commandPool_’ was not declared in this scope; did you mean ‘VkCommandPool_T’?
 1051 |             finiteRenderer_ = std::make_unique<shape::TerrainRenderer>(*ctx_, swapchain_->renderPass(), commandPool_->handle());
      |                                                                                                         ^~~~~~~~~~~~
      |                                                                                                         VkCommandPool_T
/run/media/jpereiratrindade/labeco10T/dev/cpp/SisterAppEngine_base_v330/src/core/application.cpp:1054:41: error: ‘backgroundMeshData_’ was not declared in this scope
 1054 |             finiteRenderer_->uploadMesh(backgroundMeshData_);
      |                                         ^~~~~~~~~~~~~~~~~~~
/run/media/jpereiratrindade/labeco10T/dev/cpp/SisterAppEngine_base_v330/src/core/application.cpp:1063:17: error: ‘uiLayer_’ was not declared in this scope
 1063 |             if (uiLayer_) {
      |                 ^~~~~~~~
/run/media/jpereiratrindade/labeco10T/dev/cpp/SisterAppEngine_base_v330/src/core/application.cpp:1071:13: error: ‘camera_’ was not declared in this scope
 1071 |             camera_.teleportTo({cx, h + 20.0f, cz});
      |             ^~~~~~~
/run/media/jpereiratrindade/labeco10T/dev/cpp/SisterAppEngine_base_v330/src/core/application.cpp: At global scope:
/run/media/jpereiratrindade/labeco10T/dev/cpp/SisterAppEngine_base_v330/src/core/application.cpp:1079:1: error: expected declaration before ‘}’ token
 1079 | } // namespace core
      | ^
make[2]: *** [CMakeFiles/sisterapp.dir/build.make:191: CMakeFiles/sisterapp.dir/src/core/application.cpp.o] Error 1
make[1]: *** [CMakeFiles/Makefile2:90: CMakeFiles/sisterapp.dir/all] Error 2
make: *** [Makefile:91: all] Error 2
