[ 14%] Built target shaders_spirv
[ 17%] Building CXX object CMakeFiles/sisterapp.dir/src/core/application.cpp.o
/run/media/jpereiratrindade/labeco10T/dev/cpp/SisterAppEngine_base_v330/src/core/application.cpp: In member function ‘void core::Application::processEvents(double)’:
/run/media/jpereiratrindade/labeco10T/dev/cpp/SisterAppEngine_base_v330/src/core/application.cpp:456:91: warning: conversion to ‘std::vector<float>::size_type’ {aka ‘long unsigned int’} from ‘int’ may change the sign of the result [-Wsign-conversion]
  456 |                          float flux = finiteMap_->fluxMap()[hitZ * finiteMap_->getWidth() + hitX];
      |                                                             ~~~~~~~~~~~~~~~~~~~~~~~~~~~~~~^~~~~~
/run/media/jpereiratrindade/labeco10T/dev/cpp/SisterAppEngine_base_v330/src/core/application.cpp:457:97: warning: conversion to ‘std::vector<int>::size_type’ {aka ‘long unsigned int’} from ‘int’ may change the sign of the result [-Wsign-conversion]
  457 |                          int basinID = finiteMap_->watershedMap()[hitZ * finiteMap_->getWidth() + hitX];
      |                                                                   ~~~~~~~~~~~~~~~~~~~~~~~~~~~~~~^~~~~~
/run/media/jpereiratrindade/labeco10T/dev/cpp/SisterAppEngine_base_v330/src/core/application.cpp:367:16: warning: unused variable ‘currentTimeSeconds’ [-Wunused-variable]
  367 |         double currentTimeSeconds = static_cast<double>(SDL_GetTicks()) / 1000.0;
      |                ^~~~~~~~~~~~~~~~~~
/run/media/jpereiratrindade/labeco10T/dev/cpp/SisterAppEngine_base_v330/src/core/application.cpp: At global scope:
/run/media/jpereiratrindade/labeco10T/dev/cpp/SisterAppEngine_base_v330/src/core/application.cpp:518:9: error: expected unqualified-id before ‘if’
  518 |         if (event.type == SDL_QUIT) {
      |         ^~
/run/media/jpereiratrindade/labeco10T/dev/cpp/SisterAppEngine_base_v330/src/core/application.cpp:521:9: error: expected unqualified-id before ‘if’
  521 |         if (event.type == SDL_WINDOWEVENT &&
      |         ^~
/run/media/jpereiratrindade/labeco10T/dev/cpp/SisterAppEngine_base_v330/src/core/application.cpp:527:9: error: expected unqualified-id before ‘if’
  527 |         if (event.type == SDL_KEYDOWN) {
      |         ^~
/run/media/jpereiratrindade/labeco10T/dev/cpp/SisterAppEngine_base_v330/src/core/application.cpp:597:5: error: expected declaration before ‘}’ token
  597 |     } // End While loop
      |     ^
/run/media/jpereiratrindade/labeco10T/dev/cpp/SisterAppEngine_base_v330/src/core/application.cpp:601:5: error: ‘inputManager_’ does not name a type
  601 |     inputManager_.recordKeyboardState(state);
      |     ^~~~~~~~~~~~~
/run/media/jpereiratrindade/labeco10T/dev/cpp/SisterAppEngine_base_v330/src/core/application.cpp:602:1: error: expected declaration before ‘}’ token
  602 | }
      | ^
/run/media/jpereiratrindade/labeco10T/dev/cpp/SisterAppEngine_base_v330/src/core/application.cpp:604:6: error: ‘Application’ has not been declared; did you mean ‘VkApplicationInfo’?
  604 | void Application::rebuildMaterials() {
      |      ^~~~~~~~~~~
      |      VkApplicationInfo
/run/media/jpereiratrindade/labeco10T/dev/cpp/SisterAppEngine_base_v330/src/core/application.cpp: In function ‘void rebuildMaterials()’:
/run/media/jpereiratrindade/labeco10T/dev/cpp/SisterAppEngine_base_v330/src/core/application.cpp:605:5: error: ‘lineMaterial_’ was not declared in this scope
  605 |     lineMaterial_ = createMaterial(swapchain_->renderPass(), swapchain_->extent(), VK_PRIMITIVE_TOPOLOGY_LINE_LIST, VK_POLYGON_MODE_FILL);
      |     ^~~~~~~~~~~~~
/run/media/jpereiratrindade/labeco10T/dev/cpp/SisterAppEngine_base_v330/src/core/application.cpp:605:36: error: ‘swapchain_’ was not declared in this scope
  605 |     lineMaterial_ = createMaterial(swapchain_->renderPass(), swapchain_->extent(), VK_PRIMITIVE_TOPOLOGY_LINE_LIST, VK_POLYGON_MODE_FILL);
      |                                    ^~~~~~~~~~
/run/media/jpereiratrindade/labeco10T/dev/cpp/SisterAppEngine_base_v330/src/core/application.cpp:605:21: error: ‘createMaterial’ was not declared in this scope
  605 |     lineMaterial_ = createMaterial(swapchain_->renderPass(), swapchain_->extent(), VK_PRIMITIVE_TOPOLOGY_LINE_LIST, VK_POLYGON_MODE_FILL);
      |                     ^~~~~~~~~~~~~~
/run/media/jpereiratrindade/labeco10T/dev/cpp/SisterAppEngine_base_v330/src/core/application.cpp:606:5: error: ‘pointMaterial_’ was not declared in this scope
  606 |     pointMaterial_ = createMaterial(swapchain_->renderPass(), swapchain_->extent(), VK_PRIMITIVE_TOPOLOGY_POINT_LIST, VK_POLYGON_MODE_FILL);
      |     ^~~~~~~~~~~~~~
/run/media/jpereiratrindade/labeco10T/dev/cpp/SisterAppEngine_base_v330/src/core/application.cpp:607:5: error: ‘solidMaterial_’ was not declared in this scope; did you mean ‘rebuildMaterials’?
  607 |     solidMaterial_ = createMaterial(swapchain_->renderPass(), swapchain_->extent(), VK_PRIMITIVE_TOPOLOGY_TRIANGLE_LIST, VK_POLYGON_MODE_FILL);
      |     ^~~~~~~~~~~~~~
      |     rebuildMaterials
/run/media/jpereiratrindade/labeco10T/dev/cpp/SisterAppEngine_base_v330/src/core/application.cpp:609:9: error: ‘wireframeSupported_’ was not declared in this scope
  609 |     if (wireframeSupported_) {
      |         ^~~~~~~~~~~~~~~~~~~
/run/media/jpereiratrindade/labeco10T/dev/cpp/SisterAppEngine_base_v330/src/core/application.cpp:610:9: error: ‘wireframeMaterial_’ was not declared in this scope
  610 |         wireframeMaterial_ = createMaterial(swapchain_->renderPass(), swapchain_->extent(), VK_PRIMITIVE_TOPOLOGY_TRIANGLE_LIST, VK_POLYGON_MODE_LINE);
      |         ^~~~~~~~~~~~~~~~~~
/run/media/jpereiratrindade/labeco10T/dev/cpp/SisterAppEngine_base_v330/src/core/application.cpp:612:9: error: ‘wireframeMaterial_’ was not declared in this scope
  612 |         wireframeMaterial_.reset(); // Ensure it's null if not supported
      |         ^~~~~~~~~~~~~~~~~~
/run/media/jpereiratrindade/labeco10T/dev/cpp/SisterAppEngine_base_v330/src/core/application.cpp:614:54: error: ‘ctx_’ was not declared in this scope
  614 |     auto envVs = std::make_shared<graphics::Shader>(*ctx_, "shaders/environment.vert.spv");
      |                                                      ^~~~
/run/media/jpereiratrindade/labeco10T/dev/cpp/SisterAppEngine_base_v330/src/core/application.cpp:616:5: error: ‘environmentMaterial_’ was not declared in this scope
  616 |     environmentMaterial_ = std::make_unique<graphics::Material>(*ctx_, swapchain_->renderPass(), swapchain_->extent(), envVs, envFs,
      |     ^~~~~~~~~~~~~~~~~~~~
/run/media/jpereiratrindade/labeco10T/dev/cpp/SisterAppEngine_base_v330/src/core/application.cpp:620:5: error: ‘voxelMaterial_’ was not declared in this scope
  620 |     voxelMaterial_ = std::make_unique<graphics::Material>(*ctx_, swapchain_->renderPass(), swapchain_->extent(), voxVs, voxFs,
      |     ^~~~~~~~~~~~~~
/run/media/jpereiratrindade/labeco10T/dev/cpp/SisterAppEngine_base_v330/src/core/application.cpp:623:5: error: ‘waterMaterial_’ was not declared in this scope
  623 |     waterMaterial_ = std::make_unique<graphics::Material>(*ctx_, swapchain_->renderPass(), swapchain_->extent(), voxVs, voxFs,
      |     ^~~~~~~~~~~~~~
/run/media/jpereiratrindade/labeco10T/dev/cpp/SisterAppEngine_base_v330/src/core/application.cpp:626:9: error: ‘voxelScene_’ was not declared in this scope; did you mean ‘VoxelScene’?
  626 |     if (voxelScene_) {
      |         ^~~~~~~~~~~
      |         VoxelScene
/run/media/jpereiratrindade/labeco10T/dev/cpp/SisterAppEngine_base_v330/src/core/application.cpp: At global scope:
/run/media/jpereiratrindade/labeco10T/dev/cpp/SisterAppEngine_base_v330/src/core/application.cpp:630:6: error: ‘Application’ has not been declared; did you mean ‘VkApplicationInfo’?
  630 | void Application::update(double dt) {
      |      ^~~~~~~~~~~
      |      VkApplicationInfo
/run/media/jpereiratrindade/labeco10T/dev/cpp/SisterAppEngine_base_v330/src/core/application.cpp: In function ‘void update(double)’:
/run/media/jpereiratrindade/labeco10T/dev/cpp/SisterAppEngine_base_v330/src/core/application.cpp:634:5: error: ‘camera_’ was not declared in this scope
  634 |     camera_.processKeyboard(keyState, static_cast<float>(dt));
      |     ^~~~~~~
/run/media/jpereiratrindade/labeco10T/dev/cpp/SisterAppEngine_base_v330/src/core/application.cpp:636:9: error: ‘voxelScene_’ was not declared in this scope; did you mean ‘VoxelScene’?
  636 |     if (voxelScene_) {
      |         ^~~~~~~~~~~
      |         VoxelScene
/run/media/jpereiratrindade/labeco10T/dev/cpp/SisterAppEngine_base_v330/src/core/application.cpp:638:59: error: ‘currentFrame_’ was not declared in this scope
  638 |         voxelScene_->update(dt, camera_, static_cast<int>(currentFrame_));
      |                                                           ^~~~~~~~~~~~~
/run/media/jpereiratrindade/labeco10T/dev/cpp/SisterAppEngine_base_v330/src/core/application.cpp:644:9: error: ‘animationEnabled_’ was not declared in this scope
  644 |     if (animationEnabled_) {
      |         ^~~~~~~~~~~~~~~~~
/run/media/jpereiratrindade/labeco10T/dev/cpp/SisterAppEngine_base_v330/src/core/application.cpp:645:9: error: ‘gridAnimator_’ was not declared in this scope
  645 |         gridAnimator_.update(static_cast<float>(dt));
      |         ^~~~~~~~~~~~~
/run/media/jpereiratrindade/labeco10T/dev/cpp/SisterAppEngine_base_v330/src/core/application.cpp:646:9: error: ‘axesAnimator_’ was not declared in this scope
  646 |         axesAnimator_.update(static_cast<float>(dt));
      |         ^~~~~~~~~~~~~
/run/media/jpereiratrindade/labeco10T/dev/cpp/SisterAppEngine_base_v330/src/core/application.cpp: At global scope:
/run/media/jpereiratrindade/labeco10T/dev/cpp/SisterAppEngine_base_v330/src/core/application.cpp:651:6: error: ‘Application’ has not been declared; did you mean ‘VkApplicationInfo’?
  651 | void Application::recreateSwapchain() {
      |      ^~~~~~~~~~~
      |      VkApplicationInfo
/run/media/jpereiratrindade/labeco10T/dev/cpp/SisterAppEngine_base_v330/src/core/application.cpp: In function ‘void recreateSwapchain()’:
/run/media/jpereiratrindade/labeco10T/dev/cpp/SisterAppEngine_base_v330/src/core/application.cpp:652:22: error: ‘ctx_’ was not declared in this scope
  652 |     vkDeviceWaitIdle(ctx_->device());
      |                      ^~~~
/run/media/jpereiratrindade/labeco10T/dev/cpp/SisterAppEngine_base_v330/src/core/application.cpp:655:5: error: ‘renderer_’ was not declared in this scope
  655 |     renderer_.destroy();
      |     ^~~~~~~~~
/run/media/jpereiratrindade/labeco10T/dev/cpp/SisterAppEngine_base_v330/src/core/application.cpp:657:9: error: ‘commandPool_’ was not declared in this scope; did you mean ‘VkCommandPool_T’?
  657 |     if (commandPool_) {
      |         ^~~~~~~~~~~~
      |         VkCommandPool_T
/run/media/jpereiratrindade/labeco10T/dev/cpp/SisterAppEngine_base_v330/src/core/application.cpp:658:28: error: ‘commandBuffers_’ was not declared in this scope; did you mean ‘VkCommandBuffer_T’?
  658 |         commandPool_->free(commandBuffers_);
      |                            ^~~~~~~~~~~~~~~
      |                            VkCommandBuffer_T
/run/media/jpereiratrindade/labeco10T/dev/cpp/SisterAppEngine_base_v330/src/core/application.cpp:660:5: error: ‘commandBuffers_’ was not declared in this scope; did you mean ‘VkCommandBuffer_T’?
  660 |     commandBuffers_.clear();
      |     ^~~~~~~~~~~~~~~
      |     VkCommandBuffer_T
/run/media/jpereiratrindade/labeco10T/dev/cpp/SisterAppEngine_base_v330/src/core/application.cpp:662:5: error: ‘syncObjects_’ was not declared in this scope
  662 |     syncObjects_.reset();
      |     ^~~~~~~~~~~~
/run/media/jpereiratrindade/labeco10T/dev/cpp/SisterAppEngine_base_v330/src/core/application.cpp:664:5: error: ‘swapchain_’ was not declared in this scope
  664 |     swapchain_->recreate(sdl_.window, vsyncEnabled_);
      |     ^~~~~~~~~~
/run/media/jpereiratrindade/labeco10T/dev/cpp/SisterAppEngine_base_v330/src/core/application.cpp:664:26: error: ‘sdl_’ was not declared in this scope
  664 |     swapchain_->recreate(sdl_.window, vsyncEnabled_);
      |                          ^~~~
/run/media/jpereiratrindade/labeco10T/dev/cpp/SisterAppEngine_base_v330/src/core/application.cpp:664:39: error: ‘vsyncEnabled_’ was not declared in this scope
  664 |     swapchain_->recreate(sdl_.window, vsyncEnabled_);
      |                                       ^~~~~~~~~~~~~
/run/media/jpereiratrindade/labeco10T/dev/cpp/SisterAppEngine_base_v330/src/core/application.cpp:665:37: error: ‘SyncObjects’ was not declared in this scope; did you mean ‘core::SyncObjects’?
  665 |     syncObjects_ = std::make_unique<SyncObjects>(*ctx_, static_cast<uint32_t>(swapchain_->images().size()));
      |                                     ^~~~~~~~~~~
      |                                     core::SyncObjects
In file included from /run/media/jpereiratrindade/labeco10T/dev/cpp/SisterAppEngine_base_v330/src/core/application.h:8,
                 from /run/media/jpereiratrindade/labeco10T/dev/cpp/SisterAppEngine_base_v330/src/core/application.cpp:1:
/run/media/jpereiratrindade/labeco10T/dev/cpp/SisterAppEngine_base_v330/src/core/sync_objects.h:20:7: note: ‘core::SyncObjects’ declared here
   20 | class SyncObjects {
      |       ^~~~~~~~~~~
/run/media/jpereiratrindade/labeco10T/dev/cpp/SisterAppEngine_base_v330/src/core/application.cpp:666:9: error: ‘terrain_’ was not declared in this scope; did you mean ‘terrain’?
  666 |     if (terrain_) {
      |         ^~~~~~~~
      |         terrain
/run/media/jpereiratrindade/labeco10T/dev/cpp/SisterAppEngine_base_v330/src/core/application.cpp:671:5: error: ‘imagesInFlight_’ was not declared in this scope
  671 |     imagesInFlight_.clear();
      |     ^~~~~~~~~~~~~~~
/run/media/jpereiratrindade/labeco10T/dev/cpp/SisterAppEngine_base_v330/src/core/application.cpp:674:23: error: ‘commandPool_’ was not declared in this scope; did you mean ‘VkCommandPool_T’?
  674 |     commandBuffers_ = commandPool_->allocate(static_cast<uint32_t>(swapchain_->images().size()));
      |                       ^~~~~~~~~~~~
      |                       VkCommandPool_T
/run/media/jpereiratrindade/labeco10T/dev/cpp/SisterAppEngine_base_v330/src/core/application.cpp:676:111: error: ‘descriptorPool_’ was not declared in this scope; did you mean ‘VkDescriptorPool_T’?
  676 |     if (!initImGuiVulkan(*ctx_, swapchain_->renderPass(), static_cast<uint32_t>(swapchain_->images().size()), descriptorPool_)) {
      |                                                                                                               ^~~~~~~~~~~~~~~
      |                                                                                                               VkDescriptorPool_T
/run/media/jpereiratrindade/labeco10T/dev/cpp/SisterAppEngine_base_v330/src/core/application.cpp:684:5: error: ‘camera_’ was not declared in this scope
  684 |     camera_.setAspect(static_cast<float>(swapchain_->extent().width) / static_cast<float>(swapchain_->extent().height));
      |     ^~~~~~~
/run/media/jpereiratrindade/labeco10T/dev/cpp/SisterAppEngine_base_v330/src/core/application.cpp:686:5: error: ‘currentFrame_’ was not declared in this scope
  686 |     currentFrame_ = 0;
      |     ^~~~~~~~~~~~~
/run/media/jpereiratrindade/labeco10T/dev/cpp/SisterAppEngine_base_v330/src/core/application.cpp:687:5: error: ‘needsRecreate_’ was not declared in this scope
  687 |     needsRecreate_ = false;
      |     ^~~~~~~~~~~~~~
/run/media/jpereiratrindade/labeco10T/dev/cpp/SisterAppEngine_base_v330/src/core/application.cpp: At global scope:
/run/media/jpereiratrindade/labeco10T/dev/cpp/SisterAppEngine_base_v330/src/core/application.cpp:690:6: error: ‘Application’ has not been declared; did you mean ‘VkApplicationInfo’?
  690 | void Application::render(size_t frameIndex) {
      |      ^~~~~~~~~~~
      |      VkApplicationInfo
/run/media/jpereiratrindade/labeco10T/dev/cpp/SisterAppEngine_base_v330/src/core/application.cpp: In function ‘void render(size_t)’:
/run/media/jpereiratrindade/labeco10T/dev/cpp/SisterAppEngine_base_v330/src/core/application.cpp:691:9: error: ‘needsRecreate_’ was not declared in this scope
  691 |     if (needsRecreate_) {
      |         ^~~~~~~~~~~~~~
/run/media/jpereiratrindade/labeco10T/dev/cpp/SisterAppEngine_base_v330/src/core/application.cpp:696:5: error: ‘syncObjects_’ was not declared in this scope
  696 |     syncObjects_->waitForFence(frameIndex);
      |     ^~~~~~~~~~~~
/run/media/jpereiratrindade/labeco10T/dev/cpp/SisterAppEngine_base_v330/src/core/application.cpp:699:42: error: ‘ctx_’ was not declared in this scope
  699 |     VkResult res = vkAcquireNextImageKHR(ctx_->device(), swapchain_->handle(), UINT64_MAX,
      |                                          ^~~~
/run/media/jpereiratrindade/labeco10T/dev/cpp/SisterAppEngine_base_v330/src/core/application.cpp:699:58: error: ‘swapchain_’ was not declared in this scope
  699 |     VkResult res = vkAcquireNextImageKHR(ctx_->device(), swapchain_->handle(), UINT64_MAX,
      |                                                          ^~~~~~~~~~
/run/media/jpereiratrindade/labeco10T/dev/cpp/SisterAppEngine_base_v330/src/core/application.cpp:703:9: error: ‘needsRecreate_’ was not declared in this scope
  703 |         needsRecreate_ = true;
      |         ^~~~~~~~~~~~~~
/run/media/jpereiratrindade/labeco10T/dev/cpp/SisterAppEngine_base_v330/src/core/application.cpp:708:9: error: ‘imagesInFlight_’ was not declared in this scope
  708 |     if (imagesInFlight_[imageIndex] != VK_NULL_HANDLE) {
      |         ^~~~~~~~~~~~~~~
/run/media/jpereiratrindade/labeco10T/dev/cpp/SisterAppEngine_base_v330/src/core/application.cpp:712:5: error: ‘imagesInFlight_’ was not declared in this scope
  712 |     imagesInFlight_[imageIndex] = syncObjects_->inFlight(frameIndex);
      |     ^~~~~~~~~~~~~~~
/run/media/jpereiratrindade/labeco10T/dev/cpp/SisterAppEngine_base_v330/src/core/application.cpp:715:26: error: ‘commandBuffers_’ was not declared in this scope; did you mean ‘VkCommandBuffer_T’?
  715 |     vkResetCommandBuffer(commandBuffers_[imageIndex], 0);
      |                          ^~~~~~~~~~~~~~~
      |                          VkCommandBuffer_T
/run/media/jpereiratrindade/labeco10T/dev/cpp/SisterAppEngine_base_v330/src/core/application.cpp:742:25: error: ‘camera_’ was not declared in this scope
  742 |     const float* view = camera_.viewMatrix();
      |                         ^~~~~~~
/run/media/jpereiratrindade/labeco10T/dev/cpp/SisterAppEngine_base_v330/src/core/application.cpp:759:9: error: ‘skyDomeMesh_’ was not declared in this scope
  759 |     if (skyDomeMesh_) {
      |         ^~~~~~~~~~~~
/run/media/jpereiratrindade/labeco10T/dev/cpp/SisterAppEngine_base_v330/src/core/application.cpp:763:9: error: ‘renderer_’ was not declared in this scope; did you mean ‘render’?
  763 |         renderer_.record(cmd, skyDomeMesh_.get(), environmentMaterial_.get(), swapchain_->extent(), mvp, opts);
      |         ^~~~~~~~~
      |         render
/run/media/jpereiratrindade/labeco10T/dev/cpp/SisterAppEngine_base_v330/src/core/application.cpp:763:51: error: ‘environmentMaterial_’ was not declared in this scope
  763 |         renderer_.record(cmd, skyDomeMesh_.get(), environmentMaterial_.get(), swapchain_->extent(), mvp, opts);
      |                                                   ^~~~~~~~~~~~~~~~~~~~
/run/media/jpereiratrindade/labeco10T/dev/cpp/SisterAppEngine_base_v330/src/core/application.cpp:767:10: error: ‘terrain_’ was not declared in this scope; did you mean ‘terrain’?
  767 |     if (!terrain_) {
      |          ^~~~~~~~
      |          terrain
/run/media/jpereiratrindade/labeco10T/dev/cpp/SisterAppEngine_base_v330/src/core/application.cpp:772:13: error: ‘renderer_’ was not declared in this scope; did you mean ‘render’?
  772 |             renderer_.record(cmd, gridMesh_.get(), lineMaterial_.get(), swapchain_->extent(), mvp, opts);
      |             ^~~~~~~~~
      |             render
/run/media/jpereiratrindade/labeco10T/dev/cpp/SisterAppEngine_base_v330/src/core/application.cpp:772:35: error: ‘gridMesh_’ was not declared in this scope
  772 |             renderer_.record(cmd, gridMesh_.get(), lineMaterial_.get(), swapchain_->extent(), mvp, opts);
      |                                   ^~~~~~~~~
/run/media/jpereiratrindade/labeco10T/dev/cpp/SisterAppEngine_base_v330/src/core/application.cpp:772:52: error: ‘lineMaterial_’ was not declared in this scope
  772 |             renderer_.record(cmd, gridMesh_.get(), lineMaterial_.get(), swapchain_->extent(), mvp, opts);
      |                                                    ^~~~~~~~~~~~~
/run/media/jpereiratrindade/labeco10T/dev/cpp/SisterAppEngine_base_v330/src/core/application.cpp:776:13: error: ‘distanceMarkersMesh_’ was not declared in this scope
  776 |         if (distanceMarkersMesh_) {
      |             ^~~~~~~~~~~~~~~~~~~~
/run/media/jpereiratrindade/labeco10T/dev/cpp/SisterAppEngine_base_v330/src/core/application.cpp:779:13: error: ‘renderer_’ was not declared in this scope; did you mean ‘render’?
  779 |             renderer_.record(cmd, distanceMarkersMesh_.get(), lineMaterial_.get(), swapchain_->extent(), mvp, opts);
      |             ^~~~~~~~~
      |             render
/run/media/jpereiratrindade/labeco10T/dev/cpp/SisterAppEngine_base_v330/src/core/application.cpp:779:63: error: ‘lineMaterial_’ was not declared in this scope
  779 |             renderer_.record(cmd, distanceMarkersMesh_.get(), lineMaterial_.get(), swapchain_->extent(), mvp, opts);
      |                                                               ^~~~~~~~~~~~~
/run/media/jpereiratrindade/labeco10T/dev/cpp/SisterAppEngine_base_v330/src/core/application.cpp:786:17: error: ‘animationEnabled_’ was not declared in this scope
  786 |             if (animationEnabled_) {
      |                 ^~~~~~~~~~~~~~~~~
/run/media/jpereiratrindade/labeco10T/dev/cpp/SisterAppEngine_base_v330/src/core/application.cpp:789:17: error: ‘axesAnimator_’ was not declared in this scope
  789 |                 axesAnimator_.transform().toMatrix(modelMat);
      |                 ^~~~~~~~~~~~~
/run/media/jpereiratrindade/labeco10T/dev/cpp/SisterAppEngine_base_v330/src/core/application.cpp:802:13: error: ‘renderer_’ was not declared in this scope; did you mean ‘render’?
  802 |             renderer_.record(cmd, axesMesh_.get(), lineMaterial_.get(), swapchain_->extent(), axesMVP, opts);
      |             ^~~~~~~~~
      |             render
/run/media/jpereiratrindade/labeco10T/dev/cpp/SisterAppEngine_base_v330/src/core/application.cpp:802:35: error: ‘axesMesh_’ was not declared in this scope
  802 |             renderer_.record(cmd, axesMesh_.get(), lineMaterial_.get(), swapchain_->extent(), axesMVP, opts);
      |                                   ^~~~~~~~~
/run/media/jpereiratrindade/labeco10T/dev/cpp/SisterAppEngine_base_v330/src/core/application.cpp:802:52: error: ‘lineMaterial_’ was not declared in this scope
  802 |             renderer_.record(cmd, axesMesh_.get(), lineMaterial_.get(), swapchain_->extent(), axesMVP, opts);
      |                                                    ^~~~~~~~~~~~~
/run/media/jpereiratrindade/labeco10T/dev/cpp/SisterAppEngine_base_v330/src/core/application.cpp:807:9: error: ‘useFiniteWorld_’ was not declared in this scope
  807 |     if (useFiniteWorld_) {
      |         ^~~~~~~~~~~~~~~
/run/media/jpereiratrindade/labeco10T/dev/cpp/SisterAppEngine_base_v330/src/core/application.cpp:812:13: error: ‘finiteRenderer_’ was not declared in this scope
  812 |         if (finiteRenderer_) {
      |             ^~~~~~~~~~~~~~~
/run/media/jpereiratrindade/labeco10T/dev/cpp/SisterAppEngine_base_v330/src/core/application.cpp:814:27: error: ‘showSlopeAnalysis_’ was not declared in this scope
  814 |               /* slope */ showSlopeAnalysis_,
      |                           ^~~~~~~~~~~~~~~~~~
/run/media/jpereiratrindade/labeco10T/dev/cpp/SisterAppEngine_base_v330/src/core/application.cpp:815:24: error: ‘showDrainage_’ was not declared in this scope
  815 |         /* drainage */ showDrainage_, drainageIntensity_,
      |                        ^~~~~~~~~~~~~
/run/media/jpereiratrindade/labeco10T/dev/cpp/SisterAppEngine_base_v330/src/core/application.cpp:815:39: error: ‘drainageIntensity_’ was not declared in this scope
  815 |         /* drainage */ showDrainage_, drainageIntensity_,
      |                                       ^~~~~~~~~~~~~~~~~~
/run/media/jpereiratrindade/labeco10T/dev/cpp/SisterAppEngine_base_v330/src/core/application.cpp:816:25: error: ‘showWatershedVis_’ was not declared in this scope
  816 |         /* watershed */ showWatershedVis_, showBasinOutlines_, showSoilVis_,
      |                         ^~~~~~~~~~~~~~~~~
/run/media/jpereiratrindade/labeco10T/dev/cpp/SisterAppEngine_base_v330/src/core/application.cpp:816:44: error: ‘showBasinOutlines_’ was not declared in this scope
  816 |         /* watershed */ showWatershedVis_, showBasinOutlines_, showSoilVis_,
      |                                            ^~~~~~~~~~~~~~~~~~
/run/media/jpereiratrindade/labeco10T/dev/cpp/SisterAppEngine_base_v330/src/core/application.cpp:816:64: error: ‘showSoilVis_’ was not declared in this scope
  816 |         /* watershed */ showWatershedVis_, showBasinOutlines_, showSoilVis_,
      |                                                                ^~~~~~~~~~~~
/run/media/jpereiratrindade/labeco10T/dev/cpp/SisterAppEngine_base_v330/src/core/application.cpp:817:30: error: ‘soilHidroAllowed_’ was not declared in this scope
  817 |         /* soil whitelist */ soilHidroAllowed_, soilBTextAllowed_, soilArgilaAllowed_, soilBemDesAllowed_, soilRasoAllowed_, soilRochaAllowed_,
      |                              ^~~~~~~~~~~~~~~~~
/run/media/jpereiratrindade/labeco10T/dev/cpp/SisterAppEngine_base_v330/src/core/application.cpp:817:49: error: ‘soilBTextAllowed_’ was not declared in this scope
  817 |         /* soil whitelist */ soilHidroAllowed_, soilBTextAllowed_, soilArgilaAllowed_, soilBemDesAllowed_, soilRasoAllowed_, soilRochaAllowed_,
      |                                                 ^~~~~~~~~~~~~~~~~
/run/media/jpereiratrindade/labeco10T/dev/cpp/SisterAppEngine_base_v330/src/core/application.cpp:817:68: error: ‘soilArgilaAllowed_’ was not declared in this scope
  817 |         /* soil whitelist */ soilHidroAllowed_, soilBTextAllowed_, soilArgilaAllowed_, soilBemDesAllowed_, soilRasoAllowed_, soilRochaAllowed_,
      |                                                                    ^~~~~~~~~~~~~~~~~~
/run/media/jpereiratrindade/labeco10T/dev/cpp/SisterAppEngine_base_v330/src/core/application.cpp:817:88: error: ‘soilBemDesAllowed_’ was not declared in this scope
  817 |         /* soil whitelist */ soilHidroAllowed_, soilBTextAllowed_, soilArgilaAllowed_, soilBemDesAllowed_, soilRasoAllowed_, soilRochaAllowed_,
      |                                                                                        ^~~~~~~~~~~~~~~~~~
/run/media/jpereiratrindade/labeco10T/dev/cpp/SisterAppEngine_base_v330/src/core/application.cpp:817:108: error: ‘soilRasoAllowed_’ was not declared in this scope
  817 |         /* soil whitelist */ soilHidroAllowed_, soilBTextAllowed_, soilArgilaAllowed_, soilBemDesAllowed_, soilRasoAllowed_, soilRochaAllowed_,
      |                                                                                                            ^~~~~~~~~~~~~~~~
/run/media/jpereiratrindade/labeco10T/dev/cpp/SisterAppEngine_base_v330/src/core/application.cpp:817:126: error: ‘soilRochaAllowed_’ was not declared in this scope
  817 |         /* soil whitelist */ soilHidroAllowed_, soilBTextAllowed_, soilArgilaAllowed_, soilBemDesAllowed_, soilRasoAllowed_, soilRochaAllowed_,
      |                                                                                                                              ^~~~~~~~~~~~~~~~~
/run/media/jpereiratrindade/labeco10T/dev/cpp/SisterAppEngine_base_v330/src/core/application.cpp:818:22: error: ‘sunAzimuth_’ was not declared in this scope
  818 |         /* visual */ sunAzimuth_, sunElevation_, fogDensity_, lightIntensity_); // v3.8.1
      |                      ^~~~~~~~~~~
/run/media/jpereiratrindade/labeco10T/dev/cpp/SisterAppEngine_base_v330/src/core/application.cpp:818:35: error: ‘sunElevation_’ was not declared in this scope
  818 |         /* visual */ sunAzimuth_, sunElevation_, fogDensity_, lightIntensity_); // v3.8.1
      |                                   ^~~~~~~~~~~~~
/run/media/jpereiratrindade/labeco10T/dev/cpp/SisterAppEngine_base_v330/src/core/application.cpp:818:50: error: ‘fogDensity_’ was not declared in this scope
  818 |         /* visual */ sunAzimuth_, sunElevation_, fogDensity_, lightIntensity_); // v3.8.1
      |                                                  ^~~~~~~~~~~
/run/media/jpereiratrindade/labeco10T/dev/cpp/SisterAppEngine_base_v330/src/core/application.cpp:818:63: error: ‘lightIntensity_’ was not declared in this scope
  818 |         /* visual */ sunAzimuth_, sunElevation_, fogDensity_, lightIntensity_); // v3.8.1
      |                                                               ^~~~~~~~~~~~~~~
/run/media/jpereiratrindade/labeco10T/dev/cpp/SisterAppEngine_base_v330/src/core/application.cpp:820:16: error: ‘voxelScene_’ was not declared in this scope; did you mean ‘VoxelScene’?
  820 |     } else if (voxelScene_) {
      |                ^~~~~~~~~~~
      |                VoxelScene
/run/media/jpereiratrindade/labeco10T/dev/cpp/SisterAppEngine_base_v330/src/core/application.cpp:822:55: error: ‘voxelStats_’ was not declared in this scope
  822 |         voxelScene_->render(cmd, view, proj, camera_, voxelStats_, swapchain_->extent());
      |                                                       ^~~~~~~~~~~
/run/media/jpereiratrindade/labeco10T/dev/cpp/SisterAppEngine_base_v330/src/core/application.cpp:830:9: error: ‘running_’ was not declared in this scope
  830 |         running_,
      |         ^~~~~~~~
/run/media/jpereiratrindade/labeco10T/dev/cpp/SisterAppEngine_base_v330/src/core/application.cpp:831:9: error: ‘needsRecreate_’ was not declared in this scope
  831 |         needsRecreate_,
      |         ^~~~~~~~~~~~~~
/run/media/jpereiratrindade/labeco10T/dev/cpp/SisterAppEngine_base_v330/src/core/application.cpp:832:9: error: ‘vsyncEnabled_’ was not declared in this scope
  832 |         vsyncEnabled_,
      |         ^~~~~~~~~~~~~
/run/media/jpereiratrindade/labeco10T/dev/cpp/SisterAppEngine_base_v330/src/core/application.cpp:833:9: error: ‘limitIdleFps_’ was not declared in this scope
  833 |         limitIdleFps_,
      |         ^~~~~~~~~~~~~
/run/media/jpereiratrindade/labeco10T/dev/cpp/SisterAppEngine_base_v330/src/core/application.cpp:834:9: error: ‘fpsCapEnabled_’ was not declared in this scope
  834 |         fpsCapEnabled_,
      |         ^~~~~~~~~~~~~~
/run/media/jpereiratrindade/labeco10T/dev/cpp/SisterAppEngine_base_v330/src/core/application.cpp:835:9: error: ‘fpsCapTarget_’ was not declared in this scope
  835 |         fpsCapTarget_,
      |         ^~~~~~~~~~~~~
/run/media/jpereiratrindade/labeco10T/dev/cpp/SisterAppEngine_base_v330/src/core/application.cpp:836:9: error: ‘animationEnabled_’ was not declared in this scope
  836 |         animationEnabled_,
      |         ^~~~~~~~~~~~~~~~~
/run/media/jpereiratrindade/labeco10T/dev/cpp/SisterAppEngine_base_v330/src/core/application.cpp:837:9: error: ‘showVegetation_’ was not declared in this scope
  837 |         showVegetation_,
      |         ^~~~~~~~~~~~~~~
/run/media/jpereiratrindade/labeco10T/dev/cpp/SisterAppEngine_base_v330/src/core/application.cpp:839:25: error: ‘terrain_’ was not declared in this scope; did you mean ‘terrain’?
  839 |         /* terrain = */ terrain_.get(),
      |                         ^~~~~~~~
      |                         terrain
/run/media/jpereiratrindade/labeco10T/dev/cpp/SisterAppEngine_base_v330/src/core/application.cpp:840:25: error: ‘finiteMap_’ was not declared in this scope; did you mean ‘finitel’?
  840 |         /* finiteMap=*/ finiteMap_.get(),
      |                         ^~~~~~~~~~
      |                         finitel
/run/media/jpereiratrindade/labeco10T/dev/cpp/SisterAppEngine_base_v330/src/core/application.cpp:841:25: error: ‘showSlopeAnalysis_’ was not declared in this scope
  841 |         /* showSlope */ showSlopeAnalysis_,
      |                         ^~~~~~~~~~~~~~~~~~
/run/media/jpereiratrindade/labeco10T/dev/cpp/SisterAppEngine_base_v330/src/core/application.cpp:842:28: error: ‘showDrainage_’ was not declared in this scope
  842 |         /* showDrainage */ showDrainage_,
      |                            ^~~~~~~~~~~~~
/run/media/jpereiratrindade/labeco10T/dev/cpp/SisterAppEngine_base_v330/src/core/application.cpp:843:25: error: ‘drainageIntensity_’ was not declared in this scope
  843 |         /* intensity */ drainageIntensity_, // [NEW]
      |                         ^~~~~~~~~~~~~~~~~~
/run/media/jpereiratrindade/labeco10T/dev/cpp/SisterAppEngine_base_v330/src/core/application.cpp:844:27: error: ‘showErosion_’ was not declared in this scope
  844 |         /* showErosion */ showErosion_,
      |                           ^~~~~~~~~~~~
/run/media/jpereiratrindade/labeco10T/dev/cpp/SisterAppEngine_base_v330/src/core/application.cpp:845:29: error: ‘showWatershedVis_’ was not declared in this scope
  845 |         /* showWatershed */ showWatershedVis_,
      |                             ^~~~~~~~~~~~~~~~~
/run/media/jpereiratrindade/labeco10T/dev/cpp/SisterAppEngine_base_v330/src/core/application.cpp:846:33: error: ‘showBasinOutlines_’ was not declared in this scope
  846 |         /* showBasinOutlines */ showBasinOutlines_,
      |                                 ^~~~~~~~~~~~~~~~~~
/run/media/jpereiratrindade/labeco10T/dev/cpp/SisterAppEngine_base_v330/src/core/application.cpp:847:27: error: ‘showSoilVis_’ was not declared in this scope
  847 |         /* showSoilVis */ showSoilVis_,
      |                           ^~~~~~~~~~~~
/run/media/jpereiratrindade/labeco10T/dev/cpp/SisterAppEngine_base_v330/src/core/application.cpp:848:29: error: ‘soilHidroAllowed_’ was not declared in this scope
  848 |         /* soilWhitelist */ soilHidroAllowed_, soilBTextAllowed_, soilArgilaAllowed_, soilBemDesAllowed_, soilRasoAllowed_, soilRochaAllowed_,
      |                             ^~~~~~~~~~~~~~~~~
/run/media/jpereiratrindade/labeco10T/dev/cpp/SisterAppEngine_base_v330/src/core/application.cpp:848:48: error: ‘soilBTextAllowed_’ was not declared in this scope
  848 |         /* soilWhitelist */ soilHidroAllowed_, soilBTextAllowed_, soilArgilaAllowed_, soilBemDesAllowed_, soilRasoAllowed_, soilRochaAllowed_,
      |                                                ^~~~~~~~~~~~~~~~~
/run/media/jpereiratrindade/labeco10T/dev/cpp/SisterAppEngine_base_v330/src/core/application.cpp:848:67: error: ‘soilArgilaAllowed_’ was not declared in this scope
  848 |         /* soilWhitelist */ soilHidroAllowed_, soilBTextAllowed_, soilArgilaAllowed_, soilBemDesAllowed_, soilRasoAllowed_, soilRochaAllowed_,
      |                                                                   ^~~~~~~~~~~~~~~~~~
/run/media/jpereiratrindade/labeco10T/dev/cpp/SisterAppEngine_base_v330/src/core/application.cpp:848:87: error: ‘soilBemDesAllowed_’ was not declared in this scope
  848 |         /* soilWhitelist */ soilHidroAllowed_, soilBTextAllowed_, soilArgilaAllowed_, soilBemDesAllowed_, soilRasoAllowed_, soilRochaAllowed_,
      |                                                                                       ^~~~~~~~~~~~~~~~~~
/run/media/jpereiratrindade/labeco10T/dev/cpp/SisterAppEngine_base_v330/src/core/application.cpp:848:107: error: ‘soilRasoAllowed_’ was not declared in this scope
  848 |         /* soilWhitelist */ soilHidroAllowed_, soilBTextAllowed_, soilArgilaAllowed_, soilBemDesAllowed_, soilRasoAllowed_, soilRochaAllowed_,
      |                                                                                                           ^~~~~~~~~~~~~~~~
/run/media/jpereiratrindade/labeco10T/dev/cpp/SisterAppEngine_base_v330/src/core/application.cpp:848:125: error: ‘soilRochaAllowed_’ was not declared in this scope
  848 |         /* soilWhitelist */ soilHidroAllowed_, soilBTextAllowed_, soilArgilaAllowed_, soilBemDesAllowed_, soilRasoAllowed_, soilRochaAllowed_,
      |                                                                                                                             ^~~~~~~~~~~~~~~~~
/run/media/jpereiratrindade/labeco10T/dev/cpp/SisterAppEngine_base_v330/src/core/application.cpp:849:28: error: ‘sunAzimuth_’ was not declared in this scope
  849 |         /* visual state */ sunAzimuth_, sunElevation_, fogDensity_, // v3.7.3
      |                            ^~~~~~~~~~~
/run/media/jpereiratrindade/labeco10T/dev/cpp/SisterAppEngine_base_v330/src/core/application.cpp:849:41: error: ‘sunElevation_’ was not declared in this scope
  849 |         /* visual state */ sunAzimuth_, sunElevation_, fogDensity_, // v3.7.3
      |                                         ^~~~~~~~~~~~~
/run/media/jpereiratrindade/labeco10T/dev/cpp/SisterAppEngine_base_v330/src/core/application.cpp:849:56: error: ‘fogDensity_’ was not declared in this scope
  849 |         /* visual state */ sunAzimuth_, sunElevation_, fogDensity_, // v3.7.3
      |                                                        ^~~~~~~~~~~
/run/media/jpereiratrindade/labeco10T/dev/cpp/SisterAppEngine_base_v330/src/core/application.cpp:854:9: error: ‘axesAnimator_’ was not declared in this scope
  854 |         axesAnimator_,
      |         ^~~~~~~~~~~~~
/run/media/jpereiratrindade/labeco10T/dev/cpp/SisterAppEngine_base_v330/src/core/application.cpp:855:9: error: ‘bookmarks_’ was not declared in this scope
  855 |         bookmarks_,
      |         ^~~~~~~~~~
/run/media/jpereiratrindade/labeco10T/dev/cpp/SisterAppEngine_base_v330/src/core/application.cpp:856:9: error: ‘lastSurfaceInfo_’ was not declared in this scope
  856 |         lastSurfaceInfo_,
      |         ^~~~~~~~~~~~~~~~
/run/media/jpereiratrindade/labeco10T/dev/cpp/SisterAppEngine_base_v330/src/core/application.cpp:857:9: error: ‘lastSurfaceValid_’ was not declared in this scope
  857 |         lastSurfaceValid_,
      |         ^~~~~~~~~~~~~~~~~
/run/media/jpereiratrindade/labeco10T/dev/cpp/SisterAppEngine_base_v330/src/core/application.cpp:858:9: error: ‘lastSurfaceColor_’ was not declared in this scope; did you mean ‘SDL_SetSurfaceColorMod’?
  858 |         lastSurfaceColor_,
      |         ^~~~~~~~~~~~~~~~~
      |         SDL_SetSurfaceColorMod
/run/media/jpereiratrindade/labeco10T/dev/cpp/SisterAppEngine_base_v330/src/core/application.cpp:859:36: error: ‘currentSeed_’ was not declared in this scope
  859 |         /* seeding & resolution */ currentSeed_, worldResolution_, // v3.7.8
      |                                    ^~~~~~~~~~~~
/run/media/jpereiratrindade/labeco10T/dev/cpp/SisterAppEngine_base_v330/src/core/application.cpp:859:50: error: ‘worldResolution_’ was not declared in this scope
  859 |         /* seeding & resolution */ currentSeed_, worldResolution_, // v3.7.8
      |                                                  ^~~~~~~~~~~~~~~~
/run/media/jpereiratrindade/labeco10T/dev/cpp/SisterAppEngine_base_v330/src/core/application.cpp:860:21: error: ‘lightIntensity_’ was not declared in this scope
  860 |         /* light */ lightIntensity_ // v3.8.1
      |                     ^~~~~~~~~~~~~~~
/run/media/jpereiratrindade/labeco10T/dev/cpp/SisterAppEngine_base_v330/src/core/application.cpp:863:5: error: ‘uiLayer_’ was not declared in this scope
  863 |     uiLayer_->render(uiCtx, cmd);
      |     ^~~~~~~~
/run/media/jpereiratrindade/labeco10T/dev/cpp/SisterAppEngine_base_v330/src/core/application.cpp: At global scope:
/run/media/jpereiratrindade/labeco10T/dev/cpp/SisterAppEngine_base_v330/src/core/application.cpp:899:37: error: ‘Application’ has not been declared; did you mean ‘VkApplicationInfo’?
  899 | std::unique_ptr<graphics::Material> Application::createMaterial(VkRenderPass renderPass, VkExtent2D extent, VkPrimitiveTopology topology, VkPolygonMode polygonMode) {
      |                                     ^~~~~~~~~~~
      |                                     VkApplicationInfo
/run/media/jpereiratrindade/labeco10T/dev/cpp/SisterAppEngine_base_v330/src/core/application.cpp: In function ‘std::unique_ptr<graphics::Material> createMaterial(VkRenderPass, VkExtent2D, VkPrimitiveTopology, VkPolygonMode)’:
/run/media/jpereiratrindade/labeco10T/dev/cpp/SisterAppEngine_base_v330/src/core/application.cpp:900:51: error: ‘ctx_’ was not declared in this scope
  900 |     auto vs = std::make_shared<graphics::Shader>(*ctx_, "shaders/basic.vert.spv");
      |                                                   ^~~~
/run/media/jpereiratrindade/labeco10T/dev/cpp/SisterAppEngine_base_v330/src/core/application.cpp: At global scope:
/run/media/jpereiratrindade/labeco10T/dev/cpp/SisterAppEngine_base_v330/src/core/application.cpp:907:6: error: ‘Application’ has not been declared; did you mean ‘VkApplicationInfo’?
  907 | void Application::requestTerrainReset(int warmupRadius) {
      |      ^~~~~~~~~~~
      |      VkApplicationInfo
/run/media/jpereiratrindade/labeco10T/dev/cpp/SisterAppEngine_base_v330/src/core/application.cpp: In function ‘void requestTerrainReset(int)’:
/run/media/jpereiratrindade/labeco10T/dev/cpp/SisterAppEngine_base_v330/src/core/application.cpp:908:9: error: ‘voxelScene_’ was not declared in this scope; did you mean ‘VoxelScene’?
  908 |     if (voxelScene_) {
      |         ^~~~~~~~~~~
      |         VoxelScene
/run/media/jpereiratrindade/labeco10T/dev/cpp/SisterAppEngine_base_v330/src/core/application.cpp: At global scope:
/run/media/jpereiratrindade/labeco10T/dev/cpp/SisterAppEngine_base_v330/src/core/application.cpp:915:6: error: ‘Application’ has not been declared; did you mean ‘VkApplicationInfo’?
  915 | void Application::saveBookmark(const std::string& name) {
      |      ^~~~~~~~~~~
      |      VkApplicationInfo
/run/media/jpereiratrindade/labeco10T/dev/cpp/SisterAppEngine_base_v330/src/core/application.cpp: In function ‘void saveBookmark(const std::string&)’:
/run/media/jpereiratrindade/labeco10T/dev/cpp/SisterAppEngine_base_v330/src/core/application.cpp:917:66: error: ‘bookmarks_’ was not declared in this scope; did you mean ‘bookmark’?
  917 |     bookmark.name = name.empty() ? ("Bookmark " + std::to_string(bookmarks_.size() + 1)) : name;
      |                                                                  ^~~~~~~~~~
      |                                                                  bookmark
/run/media/jpereiratrindade/labeco10T/dev/cpp/SisterAppEngine_base_v330/src/core/application.cpp:918:25: error: ‘camera_’ was not declared in this scope
  918 |     bookmark.position = camera_.getPosition();
      |                         ^~~~~~~
/run/media/jpereiratrindade/labeco10T/dev/cpp/SisterAppEngine_base_v330/src/core/application.cpp: At global scope:
/run/media/jpereiratrindade/labeco10T/dev/cpp/SisterAppEngine_base_v330/src/core/application.cpp:932:6: error: ‘Application’ has not been declared; did you mean ‘VkApplicationInfo’?
  932 | void Application::loadBookmark(size_t index) {
      |      ^~~~~~~~~~~
      |      VkApplicationInfo
/run/media/jpereiratrindade/labeco10T/dev/cpp/SisterAppEngine_base_v330/src/core/application.cpp: In function ‘void loadBookmark(size_t)’:
/run/media/jpereiratrindade/labeco10T/dev/cpp/SisterAppEngine_base_v330/src/core/application.cpp:933:18: error: ‘bookmarks_’ was not declared in this scope
  933 |     if (index >= bookmarks_.size()) {
      |                  ^~~~~~~~~~
/run/media/jpereiratrindade/labeco10T/dev/cpp/SisterAppEngine_base_v330/src/core/application.cpp:938:28: error: ‘bookmarks_’ was not declared in this scope; did you mean ‘bookmark’?
  938 |     const auto& bookmark = bookmarks_[index];
      |                            ^~~~~~~~~~
      |                            bookmark
/run/media/jpereiratrindade/labeco10T/dev/cpp/SisterAppEngine_base_v330/src/core/application.cpp:941:9: error: ‘camera_’ was not declared in this scope
  941 |     if (camera_.getCameraMode() != bookmark.mode) {
      |         ^~~~~~~
/run/media/jpereiratrindade/labeco10T/dev/cpp/SisterAppEngine_base_v330/src/core/application.cpp:946:5: error: ‘camera_’ was not declared in this scope
  946 |     camera_.teleportTo(bookmark.position);
      |     ^~~~~~~
/run/media/jpereiratrindade/labeco10T/dev/cpp/SisterAppEngine_base_v330/src/core/application.cpp: At global scope:
/run/media/jpereiratrindade/labeco10T/dev/cpp/SisterAppEngine_base_v330/src/core/application.cpp:951:6: error: ‘Application’ has not been declared; did you mean ‘VkApplicationInfo’?
  951 | void Application::deleteBookmark(size_t index) {
      |      ^~~~~~~~~~~
      |      VkApplicationInfo
/run/media/jpereiratrindade/labeco10T/dev/cpp/SisterAppEngine_base_v330/src/core/application.cpp: In function ‘void deleteBookmark(size_t)’:
/run/media/jpereiratrindade/labeco10T/dev/cpp/SisterAppEngine_base_v330/src/core/application.cpp:952:18: error: ‘bookmarks_’ was not declared in this scope
  952 |     if (index >= bookmarks_.size()) {
      |                  ^~~~~~~~~~
/run/media/jpereiratrindade/labeco10T/dev/cpp/SisterAppEngine_base_v330/src/core/application.cpp:957:24: error: ‘bookmarks_’ was not declared in this scope
  957 |     std::string name = bookmarks_[index].name;
      |                        ^~~~~~~~~~
/run/media/jpereiratrindade/labeco10T/dev/cpp/SisterAppEngine_base_v330/src/core/application.cpp: At global scope:
/run/media/jpereiratrindade/labeco10T/dev/cpp/SisterAppEngine_base_v330/src/core/application.cpp:964:6: error: ‘Application’ has not been declared; did you mean ‘VkApplicationInfo’?
  964 | void Application::regenerateFiniteWorld(int size, float scale, float amplitude, float resolution, float persistence, int seed, float waterLevel) {
      |      ^~~~~~~~~~~
      |      VkApplicationInfo
/run/media/jpereiratrindade/labeco10T/dev/cpp/SisterAppEngine_base_v330/src/core/application.cpp: In function ‘void regenerateFiniteWorld(int, float, float, float, float, int, float)’:
/run/media/jpereiratrindade/labeco10T/dev/cpp/SisterAppEngine_base_v330/src/core/application.cpp:966:5: error: ‘deferredRegenSize_’ was not declared in this scope
  966 |     deferredRegenSize_ = size;
      |     ^~~~~~~~~~~~~~~~~~
/run/media/jpereiratrindade/labeco10T/dev/cpp/SisterAppEngine_base_v330/src/core/application.cpp:967:5: error: ‘deferredRegenScale_’ was not declared in this scope
  967 |     deferredRegenScale_ = scale;
      |     ^~~~~~~~~~~~~~~~~~~
/run/media/jpereiratrindade/labeco10T/dev/cpp/SisterAppEngine_base_v330/src/core/application.cpp:968:5: error: ‘deferredRegenAmplitude_’ was not declared in this scope
  968 |     deferredRegenAmplitude_ = amplitude;
      |     ^~~~~~~~~~~~~~~~~~~~~~~
/run/media/jpereiratrindade/labeco10T/dev/cpp/SisterAppEngine_base_v330/src/core/application.cpp:969:5: error: ‘deferredRegenResolution_’ was not declared in this scope
  969 |     deferredRegenResolution_ = resolution; // v3.6.5
      |     ^~~~~~~~~~~~~~~~~~~~~~~~
/run/media/jpereiratrindade/labeco10T/dev/cpp/SisterAppEngine_base_v330/src/core/application.cpp:970:5: error: ‘deferredRegenPersistence_’ was not declared in this scope
  970 |     deferredRegenPersistence_ = persistence; // v3.7.1
      |     ^~~~~~~~~~~~~~~~~~~~~~~~~
/run/media/jpereiratrindade/labeco10T/dev/cpp/SisterAppEngine_base_v330/src/core/application.cpp:971:5: error: ‘deferredRegenSeed_’ was not declared in this scope
  971 |     deferredRegenSeed_ = seed; // v3.7.8
      |     ^~~~~~~~~~~~~~~~~~
/run/media/jpereiratrindade/labeco10T/dev/cpp/SisterAppEngine_base_v330/src/core/application.cpp:972:5: error: ‘deferredRegenWaterLevel_’ was not declared in this scope
  972 |     deferredRegenWaterLevel_ = waterLevel; // v3.8.0
      |     ^~~~~~~~~~~~~~~~~~~~~~~~
/run/media/jpereiratrindade/labeco10T/dev/cpp/SisterAppEngine_base_v330/src/core/application.cpp:973:5: error: ‘regenRequested_’ was not declared in this scope
  973 |     regenRequested_ = true;
      |     ^~~~~~~~~~~~~~~
/run/media/jpereiratrindade/labeco10T/dev/cpp/SisterAppEngine_base_v330/src/core/application.cpp: At global scope:
/run/media/jpereiratrindade/labeco10T/dev/cpp/SisterAppEngine_base_v330/src/core/application.cpp:977:6: error: ‘Application’ has not been declared; did you mean ‘VkApplicationInfo’?
  977 | void Application::performMeshUpdate() {
      |      ^~~~~~~~~~~
      |      VkApplicationInfo
/run/media/jpereiratrindade/labeco10T/dev/cpp/SisterAppEngine_base_v330/src/core/application.cpp: In function ‘void performMeshUpdate()’:
/run/media/jpereiratrindade/labeco10T/dev/cpp/SisterAppEngine_base_v330/src/core/application.cpp:978:10: error: ‘finiteRenderer_’ was not declared in this scope
  978 |     if (!finiteRenderer_ || !finiteMap_) return;
      |          ^~~~~~~~~~~~~~~
/run/media/jpereiratrindade/labeco10T/dev/cpp/SisterAppEngine_base_v330/src/core/application.cpp:978:30: error: ‘finiteMap_’ was not declared in this scope; did you mean ‘finitel’?
  978 |     if (!finiteRenderer_ || !finiteMap_) return;
      |                              ^~~~~~~~~~
      |                              finitel
/run/media/jpereiratrindade/labeco10T/dev/cpp/SisterAppEngine_base_v330/src/core/application.cpp:982:22: error: ‘ctx_’ was not declared in this scope
  982 |     vkDeviceWaitIdle(ctx_->device());
      |                      ^~~~
/run/media/jpereiratrindade/labeco10T/dev/cpp/SisterAppEngine_base_v330/src/core/application.cpp:985:5: error: ‘finiteRenderer_’ was not declared in this scope
  985 |     finiteRenderer_->buildMesh(*finiteMap_, worldResolution_);
      |     ^~~~~~~~~~~~~~~
/run/media/jpereiratrindade/labeco10T/dev/cpp/SisterAppEngine_base_v330/src/core/application.cpp:985:33: error: ‘finiteMap_’ was not declared in this scope; did you mean ‘finitel’?
  985 |     finiteRenderer_->buildMesh(*finiteMap_, worldResolution_);
      |                                 ^~~~~~~~~~
      |                                 finitel
/run/media/jpereiratrindade/labeco10T/dev/cpp/SisterAppEngine_base_v330/src/core/application.cpp:985:45: error: ‘worldResolution_’ was not declared in this scope
  985 |     finiteRenderer_->buildMesh(*finiteMap_, worldResolution_);
      |                                             ^~~~~~~~~~~~~~~~
/run/media/jpereiratrindade/labeco10T/dev/cpp/SisterAppEngine_base_v330/src/core/application.cpp:987:5: error: ‘meshUpdateRequested_’ was not declared in this scope
  987 |     meshUpdateRequested_ = false;
      |     ^~~~~~~~~~~~~~~~~~~~
/run/media/jpereiratrindade/labeco10T/dev/cpp/SisterAppEngine_base_v330/src/core/application.cpp: At global scope:
/run/media/jpereiratrindade/labeco10T/dev/cpp/SisterAppEngine_base_v330/src/core/application.cpp:990:6: error: ‘Application’ has not been declared; did you mean ‘VkApplicationInfo’?
  990 | void Application::performRegeneration() {
      |      ^~~~~~~~~~~
      |      VkApplicationInfo
/run/media/jpereiratrindade/labeco10T/dev/cpp/SisterAppEngine_base_v330/src/core/application.cpp: In function ‘void performRegeneration()’:
/run/media/jpereiratrindade/labeco10T/dev/cpp/SisterAppEngine_base_v330/src/core/application.cpp:991:10: error: ‘regenRequested_’ was not declared in this scope
  991 |     if (!regenRequested_) return;
      |          ^~~~~~~~~~~~~~~
/run/media/jpereiratrindade/labeco10T/dev/cpp/SisterAppEngine_base_v330/src/core/application.cpp:993:70: error: ‘deferredRegenSize_’ was not declared in this scope
  993 |     std::cout << "[SisterApp] Performing Deferred Regeneration: " << deferredRegenSize_ << "x" << deferredRegenSize_ << std::endl;
      |                                                                      ^~~~~~~~~~~~~~~~~~
/run/media/jpereiratrindade/labeco10T/dev/cpp/SisterAppEngine_base_v330/src/core/application.cpp:996:22: error: ‘ctx_’ was not declared in this scope
  996 |     vkDeviceWaitIdle(ctx_->device());
      |                      ^~~~
/run/media/jpereiratrindade/labeco10T/dev/cpp/SisterAppEngine_base_v330/src/core/application.cpp:999:5: error: ‘finiteRenderer_’ was not declared in this scope
  999 |     finiteRenderer_.reset();
      |     ^~~~~~~~~~~~~~~
/run/media/jpereiratrindade/labeco10T/dev/cpp/SisterAppEngine_base_v330/src/core/application.cpp:1000:5: error: ‘finiteGenerator_’ was not declared in this scope
 1000 |     finiteGenerator_.reset();
      |     ^~~~~~~~~~~~~~~~
/run/media/jpereiratrindade/labeco10T/dev/cpp/SisterAppEngine_base_v330/src/core/application.cpp:1001:5: error: ‘finiteMap_’ was not declared in this scope; did you mean ‘finitel’?
 1001 |     finiteMap_.reset();
      |     ^~~~~~~~~~
      |     finitel
/run/media/jpereiratrindade/labeco10T/dev/cpp/SisterAppEngine_base_v330/src/core/application.cpp:1005:68: error: ‘deferredRegenSeed_’ was not declared in this scope
 1005 |     finiteGenerator_ = std::make_unique<terrain::TerrainGenerator>(deferredRegenSeed_);
      |                                                                    ^~~~~~~~~~~~~~~~~~
/run/media/jpereiratrindade/labeco10T/dev/cpp/SisterAppEngine_base_v330/src/core/application.cpp:1008:5: error: ‘currentSeed_’ was not declared in this scope
 1008 |     currentSeed_ = deferredRegenSeed_;
      |     ^~~~~~~~~~~~
/run/media/jpereiratrindade/labeco10T/dev/cpp/SisterAppEngine_base_v330/src/core/application.cpp:1011:71: error: ‘swapchain_’ was not declared in this scope
 1011 |     finiteRenderer_ = std::make_unique<shape::TerrainRenderer>(*ctx_, swapchain_->renderPass());
      |                                                                       ^~~~~~~~~~
/run/media/jpereiratrindade/labeco10T/dev/cpp/SisterAppEngine_base_v330/src/core/application.cpp:1014:24: error: ‘deferredRegenAmplitude_’ was not declared in this scope
 1014 |     config.maxHeight = deferredRegenAmplitude_;
      |                        ^~~~~~~~~~~~~~~~~~~~~~~
/run/media/jpereiratrindade/labeco10T/dev/cpp/SisterAppEngine_base_v330/src/core/application.cpp:1015:25: error: ‘deferredRegenScale_’ was not declared in this scope
 1015 |     config.noiseScale = deferredRegenScale_;
      |                         ^~~~~~~~~~~~~~~~~~~
/run/media/jpereiratrindade/labeco10T/dev/cpp/SisterAppEngine_base_v330/src/core/application.cpp:1016:25: error: ‘deferredRegenResolution_’ was not declared in this scope
 1016 |     config.resolution = deferredRegenResolution_; // v3.6.6
      |                         ^~~~~~~~~~~~~~~~~~~~~~~~
/run/media/jpereiratrindade/labeco10T/dev/cpp/SisterAppEngine_base_v330/src/core/application.cpp:1017:26: error: ‘deferredRegenPersistence_’ was not declared in this scope
 1017 |     config.persistence = deferredRegenPersistence_; // v3.7.1
      |                          ^~~~~~~~~~~~~~~~~~~~~~~~~
/run/media/jpereiratrindade/labeco10T/dev/cpp/SisterAppEngine_base_v330/src/core/application.cpp:1019:25: error: ‘deferredRegenWaterLevel_’ was not declared in this scope
 1019 |     config.waterLevel = deferredRegenWaterLevel_; // v3.8.0
      |                         ^~~~~~~~~~~~~~~~~~~~~~~~
/run/media/jpereiratrindade/labeco10T/dev/cpp/SisterAppEngine_base_v330/src/core/application.cpp:1034:5: error: ‘worldResolution_’ was not declared in this scope
 1034 |     worldResolution_ = deferredRegenResolution_;
      |     ^~~~~~~~~~~~~~~~
/run/media/jpereiratrindade/labeco10T/dev/cpp/SisterAppEngine_base_v330/src/core/application.cpp:1037:9: error: ‘uiLayer_’ was not declared in this scope
 1037 |     if (uiLayer_) {
      |         ^~~~~~~~
/run/media/jpereiratrindade/labeco10T/dev/cpp/SisterAppEngine_base_v330/src/core/application.cpp:1047:5: error: ‘camera_’ was not declared in this scope
 1047 |     camera_.teleportTo({cx, h + 20.0f, cz});
      |     ^~~~~~~
/run/media/jpereiratrindade/labeco10T/dev/cpp/SisterAppEngine_base_v330/src/core/application.cpp:1049:5: error: ‘regenRequested_’ was not declared in this scope
 1049 |     regenRequested_ = false;
      |     ^~~~~~~~~~~~~~~
/run/media/jpereiratrindade/labeco10T/dev/cpp/SisterAppEngine_base_v330/src/core/application.cpp: At global scope:
/run/media/jpereiratrindade/labeco10T/dev/cpp/SisterAppEngine_base_v330/src/core/application.cpp:1053:1: error: expected declaration before ‘}’ token
 1053 | } // namespace core
      | ^
make[2]: *** [CMakeFiles/sisterapp.dir/build.make:205: CMakeFiles/sisterapp.dir/src/core/application.cpp.o] Error 1
make[1]: *** [CMakeFiles/Makefile2:90: CMakeFiles/sisterapp.dir/all] Error 2
make: *** [Makefile:91: all] Error 2
