[ 17%] Built target shaders_spirv
[ 25%] Building CXX object CMakeFiles/sisterapp.dir/main.cpp.o
[ 25%] Building CXX object CMakeFiles/sisterapp.dir/src/imgui_backend.cpp.o
[ 25%] Building CXX object CMakeFiles/sisterapp.dir/src/voxel_scene.cpp.o
[ 28%] Building CXX object CMakeFiles/sisterapp.dir/src/renderer.cpp.o
[ 30%] Building CXX object CMakeFiles/sisterapp.dir/src/core/graphics_context.cpp.o
[ 33%] Building CXX object CMakeFiles/sisterapp.dir/src/core/input_manager.cpp.o
[ 35%] Building CXX object CMakeFiles/sisterapp.dir/src/core/application.cpp.o
[ 38%] Building CXX object CMakeFiles/sisterapp.dir/src/core/swapchain.cpp.o
[ 41%] Building CXX object CMakeFiles/sisterapp.dir/src/core/command_pool.cpp.o
[ 43%] Building CXX object CMakeFiles/sisterapp.dir/src/core/sync_objects.cpp.o
/run/media/jpereiratrindade/labeco10T/dev/cpp/SisterAppEngine_base_v330/src/core/swapchain.cpp:79:5: error: expected unqualified-id before ‘throw’
   79 |     throw std::runtime_error("failed to find supported depth format!");
      |     ^~~~~
/run/media/jpereiratrindade/labeco10T/dev/cpp/SisterAppEngine_base_v330/src/core/swapchain.cpp:96:1: error: ‘Swapchain’ does not name a type; did you mean ‘VkSwapchainKHR’?
   96 | Swapchain::Swapchain(const GraphicsContext& ctx, SDL_Window* window, bool vsync)
      | ^~~~~~~~~
      | VkSwapchainKHR
/run/media/jpereiratrindade/labeco10T/dev/cpp/SisterAppEngine_base_v330/src/core/swapchain.cpp:105:1: error: ‘Swapchain’ does not name a type; did you mean ‘VkSwapchainKHR’?
  105 | Swapchain::~Swapchain() {
      | ^~~~~~~~~
      | VkSwapchainKHR
/run/media/jpereiratrindade/labeco10T/dev/cpp/SisterAppEngine_base_v330/src/core/swapchain.cpp:109:6: error: ‘Swapchain’ has not been declared; did you mean ‘VkSwapchainKHR’?
  109 | void Swapchain::recreate(SDL_Window* window, bool vsync) {
      |      ^~~~~~~~~
      |      VkSwapchainKHR
/run/media/jpereiratrindade/labeco10T/dev/cpp/SisterAppEngine_base_v330/src/core/swapchain.cpp: In function ‘void recreate(SDL_Window*, bool)’:
/run/media/jpereiratrindade/labeco10T/dev/cpp/SisterAppEngine_base_v330/src/core/swapchain.cpp:120:22: error: ‘ctx_’ was not declared in this scope
  120 |     vkDeviceWaitIdle(ctx_.device());
      |                      ^~~~
/run/media/jpereiratrindade/labeco10T/dev/cpp/SisterAppEngine_base_v330/src/core/swapchain.cpp:122:5: error: ‘cleanup’ was not declared in this scope
  122 |     cleanup();
      |     ^~~~~~~
/run/media/jpereiratrindade/labeco10T/dev/cpp/SisterAppEngine_base_v330/src/core/swapchain.cpp:124:5: error: ‘createSwapchain’ was not declared in this scope; did you mean ‘vkCreateSwapchainKHR’?
  124 |     createSwapchain(window, vsync);
      |     ^~~~~~~~~~~~~~~
      |     vkCreateSwapchainKHR
/run/media/jpereiratrindade/labeco10T/dev/cpp/SisterAppEngine_base_v330/src/core/swapchain.cpp:125:5: error: ‘createImageViews’ was not declared in this scope; did you mean ‘vkCreateImageView’?
  125 |     createImageViews();
      |     ^~~~~~~~~~~~~~~~
      |     vkCreateImageView
/run/media/jpereiratrindade/labeco10T/dev/cpp/SisterAppEngine_base_v330/src/core/swapchain.cpp:126:5: error: ‘createDepthResources’ was not declared in this scope
  126 |     createDepthResources();
      |     ^~~~~~~~~~~~~~~~~~~~
/run/media/jpereiratrindade/labeco10T/dev/cpp/SisterAppEngine_base_v330/src/core/swapchain.cpp:127:5: error: ‘createRenderPass’ was not declared in this scope; did you mean ‘vkCreateRenderPass’?
  127 |     createRenderPass();
      |     ^~~~~~~~~~~~~~~~
      |     vkCreateRenderPass
/run/media/jpereiratrindade/labeco10T/dev/cpp/SisterAppEngine_base_v330/src/core/swapchain.cpp:128:5: error: ‘createFramebuffers’ was not declared in this scope; did you mean ‘vkCreateFramebuffer’?
  128 |     createFramebuffers();
      |     ^~~~~~~~~~~~~~~~~~
      |     vkCreateFramebuffer
/run/media/jpereiratrindade/labeco10T/dev/cpp/SisterAppEngine_base_v330/src/core/swapchain.cpp: At global scope:
/run/media/jpereiratrindade/labeco10T/dev/cpp/SisterAppEngine_base_v330/src/core/swapchain.cpp:131:6: error: ‘Swapchain’ has not been declared; did you mean ‘VkSwapchainKHR’?
  131 | void Swapchain::cleanup() {
      |      ^~~~~~~~~
      |      VkSwapchainKHR
/run/media/jpereiratrindade/labeco10T/dev/cpp/SisterAppEngine_base_v330/src/core/swapchain.cpp: In function ‘void cleanup()’:
/run/media/jpereiratrindade/labeco10T/dev/cpp/SisterAppEngine_base_v330/src/core/swapchain.cpp:132:23: error: ‘ctx_’ was not declared in this scope
  132 |     VkDevice device = ctx_.device();
      |                       ^~~~
/run/media/jpereiratrindade/labeco10T/dev/cpp/SisterAppEngine_base_v330/src/core/swapchain.cpp:134:20: error: ‘framebuffers_’ was not declared in this scope; did you mean ‘VkFramebuffer_T’?
  134 |     for (auto fb : framebuffers_) {
      |                    ^~~~~~~~~~~~~
      |                    VkFramebuffer_T
/run/media/jpereiratrindade/labeco10T/dev/cpp/SisterAppEngine_base_v330/src/core/swapchain.cpp:137:5: error: ‘framebuffers_’ was not declared in this scope; did you mean ‘VkFramebuffer_T’?
  137 |     framebuffers_.clear();
      |     ^~~~~~~~~~~~~
      |     VkFramebuffer_T
/run/media/jpereiratrindade/labeco10T/dev/cpp/SisterAppEngine_base_v330/src/core/swapchain.cpp:139:9: error: ‘renderPass_’ was not declared in this scope; did you mean ‘VkRenderPass_T’?
  139 |     if (renderPass_ != VK_NULL_HANDLE) {
      |         ^~~~~~~~~~~
      |         VkRenderPass_T
/run/media/jpereiratrindade/labeco10T/dev/cpp/SisterAppEngine_base_v330/src/core/swapchain.cpp:144:9: error: ‘depthImageView_’ was not declared in this scope
  144 |     if (depthImageView_ != VK_NULL_HANDLE) {
      |         ^~~~~~~~~~~~~~~
/run/media/jpereiratrindade/labeco10T/dev/cpp/SisterAppEngine_base_v330/src/core/swapchain.cpp:148:9: error: ‘depthImage_’ was not declared in this scope
  148 |     if (depthImage_ != VK_NULL_HANDLE) {
      |         ^~~~~~~~~~~
/run/media/jpereiratrindade/labeco10T/dev/cpp/SisterAppEngine_base_v330/src/core/swapchain.cpp:152:9: error: ‘depthMemory_’ was not declared in this scope
  152 |     if (depthMemory_ != VK_NULL_HANDLE) {
      |         ^~~~~~~~~~~~
/run/media/jpereiratrindade/labeco10T/dev/cpp/SisterAppEngine_base_v330/src/core/swapchain.cpp:157:22: error: ‘imageViews_’ was not declared in this scope; did you mean ‘VkImageView_T’?
  157 |     for (auto view : imageViews_) {
      |                      ^~~~~~~~~~~
      |                      VkImageView_T
/run/media/jpereiratrindade/labeco10T/dev/cpp/SisterAppEngine_base_v330/src/core/swapchain.cpp:160:5: error: ‘imageViews_’ was not declared in this scope; did you mean ‘VkImageView_T’?
  160 |     imageViews_.clear();
      |     ^~~~~~~~~~~
      |     VkImageView_T
/run/media/jpereiratrindade/labeco10T/dev/cpp/SisterAppEngine_base_v330/src/core/swapchain.cpp:162:9: error: ‘swapchain_’ was not declared in this scope
  162 |     if (swapchain_ != VK_NULL_HANDLE) {
      |         ^~~~~~~~~~
/run/media/jpereiratrindade/labeco10T/dev/cpp/SisterAppEngine_base_v330/src/core/swapchain.cpp: At global scope:
/run/media/jpereiratrindade/labeco10T/dev/cpp/SisterAppEngine_base_v330/src/core/swapchain.cpp:168:6: error: ‘Swapchain’ has not been declared; did you mean ‘VkSwapchainKHR’?
  168 | void Swapchain::createSwapchain(SDL_Window* window, bool vsync) {
      |      ^~~~~~~~~
      |      VkSwapchainKHR
/run/media/jpereiratrindade/labeco10T/dev/cpp/SisterAppEngine_base_v330/src/core/swapchain.cpp: In function ‘void createSwapchain(SDL_Window*, bool)’:
/run/media/jpereiratrindade/labeco10T/dev/cpp/SisterAppEngine_base_v330/src/core/swapchain.cpp:170:47: error: ‘ctx_’ was not declared in this scope
  170 |     vkGetPhysicalDeviceSurfaceCapabilitiesKHR(ctx_.physicalDevice(), ctx_.surface(), &caps);
      |                                               ^~~~
/run/media/jpereiratrindade/labeco10T/dev/cpp/SisterAppEngine_base_v330/src/core/swapchain.cpp:182:39: error: ‘chooseSurfaceFormat’ was not declared in this scope; did you mean ‘core::{anonymous}::chooseSurfaceFormat’?
  182 |     VkSurfaceFormatKHR chosenFormat = chooseSurfaceFormat(formats);
      |                                       ^~~~~~~~~~~~~~~~~~~
      |                                       core::{anonymous}::chooseSurfaceFormat
/run/media/jpereiratrindade/labeco10T/dev/cpp/SisterAppEngine_base_v330/src/core/swapchain.cpp:13:20: note: ‘core::{anonymous}::chooseSurfaceFormat’ declared here
   13 | VkSurfaceFormatKHR chooseSurfaceFormat(const std::vector<VkSurfaceFormatKHR>& formats) {
      |                    ^~~~~~~~~~~~~~~~~~~
/run/media/jpereiratrindade/labeco10T/dev/cpp/SisterAppEngine_base_v330/src/core/swapchain.cpp:183:38: error: ‘choosePresentMode’ was not declared in this scope; did you mean ‘core::{anonymous}::choosePresentMode’?
  183 |     VkPresentModeKHR chosenPresent = choosePresentMode(modes, vsync);
      |                                      ^~~~~~~~~~~~~~~~~
      |                                      core::{anonymous}::choosePresentMode
/run/media/jpereiratrindade/labeco10T/dev/cpp/SisterAppEngine_base_v330/src/core/swapchain.cpp:22:18: note: ‘core::{anonymous}::choosePresentMode’ declared here
   22 | VkPresentModeKHR choosePresentMode(const std::vector<VkPresentModeKHR>& modes, bool vsync) {
      |                  ^~~~~~~~~~~~~~~~~
/run/media/jpereiratrindade/labeco10T/dev/cpp/SisterAppEngine_base_v330/src/core/swapchain.cpp:184:31: error: ‘chooseExtent’ was not declared in this scope; did you mean ‘core::{anonymous}::chooseExtent’?
  184 |     VkExtent2D chosenExtent = chooseExtent(caps, window);
      |                               ^~~~~~~~~~~~
      |                               core::{anonymous}::chooseExtent
/run/media/jpereiratrindade/labeco10T/dev/cpp/SisterAppEngine_base_v330/src/core/swapchain.cpp:46:12: note: ‘core::{anonymous}::chooseExtent’ declared here
   46 | VkExtent2D chooseExtent(const VkSurfaceCapabilitiesKHR& caps, SDL_Window* window) {
      |            ^~~~~~~~~~~~
[ 46%] Building CXX object CMakeFiles/sisterapp.dir/src/resources/buffer.cpp.o
/run/media/jpereiratrindade/labeco10T/dev/cpp/SisterAppEngine_base_v330/src/core/swapchain.cpp:207:61: error: ‘swapchain_’ was not declared in this scope
  207 |     if (vkCreateSwapchainKHR(ctx_.device(), &sci, nullptr, &swapchain_) != VK_SUCCESS) {
      |                                                             ^~~~~~~~~~
/run/media/jpereiratrindade/labeco10T/dev/cpp/SisterAppEngine_base_v330/src/core/swapchain.cpp:211:5: error: ‘imageFormat_’ was not declared in this scope
  211 |     imageFormat_ = chosenFormat.format;
      |     ^~~~~~~~~~~~
/run/media/jpereiratrindade/labeco10T/dev/cpp/SisterAppEngine_base_v330/src/core/swapchain.cpp:212:5: error: ‘extent_’ was not declared in this scope
  212 |     extent_ = chosenExtent;
      |     ^~~~~~~
/run/media/jpereiratrindade/labeco10T/dev/cpp/SisterAppEngine_base_v330/src/core/swapchain.cpp:214:44: error: ‘swapchain_’ was not declared in this scope
  214 |     vkGetSwapchainImagesKHR(ctx_.device(), swapchain_, &imageCount, nullptr);
      |                                            ^~~~~~~~~~
/run/media/jpereiratrindade/labeco10T/dev/cpp/SisterAppEngine_base_v330/src/core/swapchain.cpp:215:5: error: ‘images_’ was not declared in this scope
  215 |     images_.resize(imageCount);
      |     ^~~~~~~
/run/media/jpereiratrindade/labeco10T/dev/cpp/SisterAppEngine_base_v330/src/core/swapchain.cpp: At global scope:
/run/media/jpereiratrindade/labeco10T/dev/cpp/SisterAppEngine_base_v330/src/core/swapchain.cpp:219:6: error: ‘Swapchain’ has not been declared; did you mean ‘VkSwapchainKHR’?
  219 | void Swapchain::createImageViews() {
      |      ^~~~~~~~~
      |      VkSwapchainKHR
/run/media/jpereiratrindade/labeco10T/dev/cpp/SisterAppEngine_base_v330/src/core/swapchain.cpp: In function ‘void createImageViews()’:
/run/media/jpereiratrindade/labeco10T/dev/cpp/SisterAppEngine_base_v330/src/core/swapchain.cpp:220:5: error: ‘imageViews_’ was not declared in this scope; did you mean ‘VkImageView_T’?
  220 |     imageViews_.resize(images_.size());
      |     ^~~~~~~~~~~
      |     VkImageView_T
/run/media/jpereiratrindade/labeco10T/dev/cpp/SisterAppEngine_base_v330/src/core/swapchain.cpp:220:24: error: ‘images_’ was not declared in this scope
  220 |     imageViews_.resize(images_.size());
      |                        ^~~~~~~
/run/media/jpereiratrindade/labeco10T/dev/cpp/SisterAppEngine_base_v330/src/core/swapchain.cpp:226:29: error: ‘imageFormat_’ was not declared in this scope
  226 |         createInfo.format = imageFormat_;
      |                             ^~~~~~~~~~~~
/run/media/jpereiratrindade/labeco10T/dev/cpp/SisterAppEngine_base_v330/src/core/swapchain.cpp:237:31: error: ‘ctx_’ was not declared in this scope
  237 |         if (vkCreateImageView(ctx_.device(), &createInfo, nullptr, &imageViews_[i]) != VK_SUCCESS) {
      |                               ^~~~
/run/media/jpereiratrindade/labeco10T/dev/cpp/SisterAppEngine_base_v330/src/core/swapchain.cpp: At global scope:
/run/media/jpereiratrindade/labeco10T/dev/cpp/SisterAppEngine_base_v330/src/core/swapchain.cpp:243:6: error: ‘Swapchain’ has not been declared; did you mean ‘VkSwapchainKHR’?
  243 | void Swapchain::createDepthResources() {
      |      ^~~~~~~~~
      |      VkSwapchainKHR
/run/media/jpereiratrindade/labeco10T/dev/cpp/SisterAppEngine_base_v330/src/core/swapchain.cpp: In function ‘void createDepthResources()’:
/run/media/jpereiratrindade/labeco10T/dev/cpp/SisterAppEngine_base_v330/src/core/swapchain.cpp:244:5: error: ‘depthFormat_’ was not declared in this scope
  244 |     depthFormat_ = findDepthFormat(ctx_.physicalDevice());
      |     ^~~~~~~~~~~~
/run/media/jpereiratrindade/labeco10T/dev/cpp/SisterAppEngine_base_v330/src/core/swapchain.cpp:244:36: error: ‘ctx_’ was not declared in this scope
  244 |     depthFormat_ = findDepthFormat(ctx_.physicalDevice());
      |                                    ^~~~
/run/media/jpereiratrindade/labeco10T/dev/cpp/SisterAppEngine_base_v330/src/core/swapchain.cpp:244:20: error: ‘findDepthFormat’ was not declared in this scope; did you mean ‘core::{anonymous}::findDepthFormat’?
  244 |     depthFormat_ = findDepthFormat(ctx_.physicalDevice());
      |                    ^~~~~~~~~~~~~~~
      |                    core::{anonymous}::findDepthFormat
/run/media/jpereiratrindade/labeco10T/dev/cpp/SisterAppEngine_base_v330/src/core/swapchain.cpp:64:10: note: ‘core::{anonymous}::findDepthFormat’ declared here
   64 | VkFormat findDepthFormat(VkPhysicalDevice gpu) {
      |          ^~~~~~~~~~~~~~~
/run/media/jpereiratrindade/labeco10T/dev/cpp/SisterAppEngine_base_v330/src/core/swapchain.cpp:249:30: error: ‘extent_’ was not declared in this scope
  249 |     imageInfo.extent.width = extent_.width;
      |                              ^~~~~~~
/run/media/jpereiratrindade/labeco10T/dev/cpp/SisterAppEngine_base_v330/src/core/swapchain.cpp:261:60: error: ‘depthImage_’ was not declared in this scope
  261 |     if (vkCreateImage(ctx_.device(), &imageInfo, nullptr, &depthImage_) != VK_SUCCESS) {
      |                                                            ^~~~~~~~~~~
/run/media/jpereiratrindade/labeco10T/dev/cpp/SisterAppEngine_base_v330/src/core/swapchain.cpp:266:49: error: ‘depthImage_’ was not declared in this scope
  266 |     vkGetImageMemoryRequirements(ctx_.device(), depthImage_, &memRequirements);
      |                                                 ^~~~~~~~~~~
/run/media/jpereiratrindade/labeco10T/dev/cpp/SisterAppEngine_base_v330/src/core/swapchain.cpp:271:33: error: ‘findMemoryType’ was not declared in this scope; did you mean ‘core::findMemoryType’?
  271 |     allocInfo.memoryTypeIndex = findMemoryType(ctx_.physicalDevice(), memRequirements.memoryTypeBits, VK_MEMORY_PROPERTY_DEVICE_LOCAL_BIT);
      |                                 ^~~~~~~~~~~~~~
      |                                 core::findMemoryType
/run/media/jpereiratrindade/labeco10T/dev/cpp/SisterAppEngine_base_v330/src/core/swapchain.cpp:82:10: note: ‘core::findMemoryType’ declared here
   82 | uint32_t findMemoryType(VkPhysicalDevice gpu, uint32_t typeFilter, VkMemoryPropertyFlags properties) {
      |          ^~~~~~~~~~~~~~
/run/media/jpereiratrindade/labeco10T/dev/cpp/SisterAppEngine_base_v330/src/core/swapchain.cpp:273:63: error: ‘depthMemory_’ was not declared in this scope
  273 |     if (vkAllocateMemory(ctx_.device(), &allocInfo, nullptr, &depthMemory_) != VK_SUCCESS) {
      |                                                               ^~~~~~~~~~~~
/run/media/jpereiratrindade/labeco10T/dev/cpp/SisterAppEngine_base_v330/src/core/swapchain.cpp:277:51: error: ‘depthMemory_’ was not declared in this scope
  277 |     vkBindImageMemory(ctx_.device(), depthImage_, depthMemory_, 0);
      |                                                   ^~~~~~~~~~~~
/run/media/jpereiratrindade/labeco10T/dev/cpp/SisterAppEngine_base_v330/src/core/swapchain.cpp:290:63: error: ‘depthImageView_’ was not declared in this scope; did you mean ‘createImageViews’?
  290 |     if (vkCreateImageView(ctx_.device(), &viewInfo, nullptr, &depthImageView_) != VK_SUCCESS) {
      |                                                               ^~~~~~~~~~~~~~~
      |                                                               createImageViews
/run/media/jpereiratrindade/labeco10T/dev/cpp/SisterAppEngine_base_v330/src/core/swapchain.cpp: At global scope:
/run/media/jpereiratrindade/labeco10T/dev/cpp/SisterAppEngine_base_v330/src/core/swapchain.cpp:295:6: error: ‘Swapchain’ has not been declared; did you mean ‘VkSwapchainKHR’?
  295 | void Swapchain::createRenderPass() {
      |      ^~~~~~~~~
      |      VkSwapchainKHR
/run/media/jpereiratrindade/labeco10T/dev/cpp/SisterAppEngine_base_v330/src/core/swapchain.cpp: In function ‘void createRenderPass()’:
/run/media/jpereiratrindade/labeco10T/dev/cpp/SisterAppEngine_base_v330/src/core/swapchain.cpp:297:30: error: ‘imageFormat_’ was not declared in this scope
  297 |     colorAttachment.format = imageFormat_;
      |                              ^~~~~~~~~~~~
/run/media/jpereiratrindade/labeco10T/dev/cpp/SisterAppEngine_base_v330/src/core/swapchain.cpp:307:30: error: ‘depthFormat_’ was not declared in this scope
  307 |     depthAttachment.format = depthFormat_;
      |                              ^~~~~~~~~~~~
/run/media/jpereiratrindade/labeco10T/dev/cpp/SisterAppEngine_base_v330/src/core/swapchain.cpp:347:28: error: ‘ctx_’ was not declared in this scope
  347 |     if (vkCreateRenderPass(ctx_.device(), &renderPassInfo, nullptr, &renderPass_) != VK_SUCCESS) {
      |                            ^~~~
/run/media/jpereiratrindade/labeco10T/dev/cpp/SisterAppEngine_base_v330/src/core/swapchain.cpp:347:70: error: ‘renderPass_’ was not declared in this scope; did you mean ‘VkRenderPass_T’?
  347 |     if (vkCreateRenderPass(ctx_.device(), &renderPassInfo, nullptr, &renderPass_) != VK_SUCCESS) {
      |                                                                      ^~~~~~~~~~~
      |                                                                      VkRenderPass_T
/run/media/jpereiratrindade/labeco10T/dev/cpp/SisterAppEngine_base_v330/src/core/swapchain.cpp: At global scope:
/run/media/jpereiratrindade/labeco10T/dev/cpp/SisterAppEngine_base_v330/src/core/swapchain.cpp:352:6: error: ‘Swapchain’ has not been declared; did you mean ‘VkSwapchainKHR’?
  352 | void Swapchain::createFramebuffers() {
      |      ^~~~~~~~~
      |      VkSwapchainKHR
/run/media/jpereiratrindade/labeco10T/dev/cpp/SisterAppEngine_base_v330/src/core/swapchain.cpp: In function ‘void createFramebuffers()’:
/run/media/jpereiratrindade/labeco10T/dev/cpp/SisterAppEngine_base_v330/src/core/swapchain.cpp:353:5: error: ‘framebuffers_’ was not declared in this scope; did you mean ‘VkFramebuffer_T’?
  353 |     framebuffers_.resize(imageViews_.size());
      |     ^~~~~~~~~~~~~
      |     VkFramebuffer_T
/run/media/jpereiratrindade/labeco10T/dev/cpp/SisterAppEngine_base_v330/src/core/swapchain.cpp:353:26: error: ‘imageViews_’ was not declared in this scope; did you mean ‘VkImageView_T’?
  353 |     framebuffers_.resize(imageViews_.size());
      |                          ^~~~~~~~~~~
      |                          VkImageView_T
[ 48%] Building CXX object CMakeFiles/sisterapp.dir/src/graphics/mesh.cpp.o
/run/media/jpereiratrindade/labeco10T/dev/cpp/SisterAppEngine_base_v330/src/core/swapchain.cpp:358:13: error: ‘depthImageView_’ was not declared in this scope; did you mean ‘createImageViews’?
  358 |             depthImageView_
      |             ^~~~~~~~~~~~~~~
      |             createImageViews
[ 51%] Building CXX object CMakeFiles/sisterapp.dir/src/graphics/geometry_utils.cpp.o
/run/media/jpereiratrindade/labeco10T/dev/cpp/SisterAppEngine_base_v330/src/core/swapchain.cpp:363:38: error: ‘renderPass_’ was not declared in this scope; did you mean ‘VkRenderPass_T’?
  363 |         framebufferInfo.renderPass = renderPass_;
      |                                      ^~~~~~~~~~~
      |                                      VkRenderPass_T
/run/media/jpereiratrindade/labeco10T/dev/cpp/SisterAppEngine_base_v330/src/core/swapchain.cpp:366:33: error: ‘extent_’ was not declared in this scope
  366 |         framebufferInfo.width = extent_.width;
      |                                 ^~~~~~~
/run/media/jpereiratrindade/labeco10T/dev/cpp/SisterAppEngine_base_v330/src/core/swapchain.cpp:370:33: error: ‘ctx_’ was not declared in this scope
  370 |         if (vkCreateFramebuffer(ctx_.device(), &framebufferInfo, nullptr, &framebuffers_[i]) != VK_SUCCESS) {
      |                                 ^~~~
/run/media/jpereiratrindade/labeco10T/dev/cpp/SisterAppEngine_base_v330/src/core/swapchain.cpp: At global scope:
/run/media/jpereiratrindade/labeco10T/dev/cpp/SisterAppEngine_base_v330/src/core/swapchain.cpp:376:1: error: expected declaration before ‘}’ token
  376 | } // namespace core
      | ^
/run/media/jpereiratrindade/labeco10T/dev/cpp/SisterAppEngine_base_v330/src/core/swapchain.cpp: In function ‘VkFormat core::{anonymous}::findDepthFormat(VkPhysicalDevice)’:
/run/media/jpereiratrindade/labeco10T/dev/cpp/SisterAppEngine_base_v330/src/core/swapchain.cpp:78:5: warning: control reaches end of non-void function [-Wreturn-type]
   78 |     }
      |     ^
/run/media/jpereiratrindade/labeco10T/dev/cpp/SisterAppEngine_base_v330/src/core/swapchain.cpp: At global scope:
/run/media/jpereiratrindade/labeco10T/dev/cpp/SisterAppEngine_base_v330/src/core/swapchain.cpp:64:10: warning: ‘VkFormat core::{anonymous}::findDepthFormat(VkPhysicalDevice)’ defined but not used [-Wunused-function]
   64 | VkFormat findDepthFormat(VkPhysicalDevice gpu) {
      |          ^~~~~~~~~~~~~~~
/run/media/jpereiratrindade/labeco10T/dev/cpp/SisterAppEngine_base_v330/src/core/swapchain.cpp:46:12: warning: ‘VkExtent2D core::{anonymous}::chooseExtent(const VkSurfaceCapabilitiesKHR&, SDL_Window*)’ defined but not used [-Wunused-function]
   46 | VkExtent2D chooseExtent(const VkSurfaceCapabilitiesKHR& caps, SDL_Window* window) {
      |            ^~~~~~~~~~~~
/run/media/jpereiratrindade/labeco10T/dev/cpp/SisterAppEngine_base_v330/src/core/swapchain.cpp:22:18: warning: ‘VkPresentModeKHR core::{anonymous}::choosePresentMode(const std::vector<VkPresentModeKHR>&, bool)’ defined but not used [-Wunused-function]
   22 | VkPresentModeKHR choosePresentMode(const std::vector<VkPresentModeKHR>& modes, bool vsync) {
      |                  ^~~~~~~~~~~~~~~~~
/run/media/jpereiratrindade/labeco10T/dev/cpp/SisterAppEngine_base_v330/src/core/swapchain.cpp:13:20: warning: ‘VkSurfaceFormatKHR core::{anonymous}::chooseSurfaceFormat(const std::vector<VkSurfaceFormatKHR>&)’ defined but not used [-Wunused-function]
   13 | VkSurfaceFormatKHR chooseSurfaceFormat(const std::vector<VkSurfaceFormatKHR>& formats) {
      |                    ^~~~~~~~~~~~~~~~~~~
make[2]: *** [CMakeFiles/sisterapp.dir/build.make:219: CMakeFiles/sisterapp.dir/src/core/swapchain.cpp.o] Error 1
make[2]: ** Esperando que outros processos terminem.
make[1]: *** [CMakeFiles/Makefile2:90: CMakeFiles/sisterapp.dir/all] Error 2
make: *** [Makefile:91: all] Error 2
