[ 11%] Built target shaders_spirv
[ 13%] Building CXX object CMakeFiles/sisterapp.dir/main.cpp.o
[ 16%] Building CXX object CMakeFiles/sisterapp.dir/src/core/application.cpp.o
[ 18%] Building CXX object CMakeFiles/sisterapp.dir/src/ui/minimap.cpp.o
[ 23%] Building CXX object CMakeFiles/sisterapp.dir/src/ui/ui_layer.cpp.o
[ 23%] Building CXX object CMakeFiles/sisterapp.dir/src/graphics/camera.cpp.o
/run/media/jpereiratrindade/labeco10T/dev/cpp/SisterAppEngine_base_v330/src/ui/minimap.cpp:195: warning: ignoring ‘#pragma omp parallel’ [-Wunknown-pragmas]
  195 |     #pragma omp parallel for collapse(2)
In file included from /run/media/jpereiratrindade/labeco10T/dev/cpp/SisterAppEngine_base_v330/src/graphics/camera.cpp:1:
/run/media/jpereiratrindade/labeco10T/dev/cpp/SisterAppEngine_base_v330/src/graphics/camera.h:15:23: error: non-member function ‘bool graphics::isOnGround()’ cannot have cv-qualifier
   15 |     bool isOnGround() const { return onGround_; }
      |                       ^~~~~
/run/media/jpereiratrindade/labeco10T/dev/cpp/SisterAppEngine_base_v330/src/graphics/camera.h: In function ‘bool graphics::isOnGround()’:
/run/media/jpereiratrindade/labeco10T/dev/cpp/SisterAppEngine_base_v330/src/graphics/camera.h:15:38: error: ‘onGround_’ was not declared in this scope
   15 |     bool isOnGround() const { return onGround_; }
      |                                      ^~~~~~~~~
/run/media/jpereiratrindade/labeco10T/dev/cpp/SisterAppEngine_base_v330/src/graphics/camera.h: At global scope:
/run/media/jpereiratrindade/labeco10T/dev/cpp/SisterAppEngine_base_v330/src/graphics/camera.h:17:1: error: expected unqualified-id before ‘private’
   17 | private:
      | ^~~~~~~
/run/media/jpereiratrindade/labeco10T/dev/cpp/SisterAppEngine_base_v330/src/graphics/camera.h:24:5: error: ‘CameraMode’ does not name a type
   24 |     CameraMode mode_ = CameraMode::Orbital;
      |     ^~~~~~~~~~
/run/media/jpereiratrindade/labeco10T/dev/cpp/SisterAppEngine_base_v330/src/graphics/camera.h:69:1: error: expected declaration before ‘}’ token
   69 | } // namespace graphics
      | ^
In file included from /run/media/jpereiratrindade/labeco10T/dev/cpp/SisterAppEngine_base_v330/src/ui/ui_layer.h:3,
                 from /run/media/jpereiratrindade/labeco10T/dev/cpp/SisterAppEngine_base_v330/src/ui/ui_layer.cpp:1:
/run/media/jpereiratrindade/labeco10T/dev/cpp/SisterAppEngine_base_v330/src/ui/../graphics/camera.h:15:23: error: non-member function ‘bool graphics::isOnGround()’ cannot have cv-qualifier
   15 |     bool isOnGround() const { return onGround_; }
      |                       ^~~~~
/run/media/jpereiratrindade/labeco10T/dev/cpp/SisterAppEngine_base_v330/src/ui/../graphics/camera.h: In function ‘bool graphics::isOnGround()’:
/run/media/jpereiratrindade/labeco10T/dev/cpp/SisterAppEngine_base_v330/src/ui/../graphics/camera.h:15:38: error: ‘onGround_’ was not declared in this scope
   15 |     bool isOnGround() const { return onGround_; }
      |                                      ^~~~~~~~~
/run/media/jpereiratrindade/labeco10T/dev/cpp/SisterAppEngine_base_v330/src/ui/../graphics/camera.h: At global scope:
/run/media/jpereiratrindade/labeco10T/dev/cpp/SisterAppEngine_base_v330/src/ui/../graphics/camera.h:17:1: error: expected unqualified-id before ‘private’
   17 | private:
      | ^~~~~~~
/run/media/jpereiratrindade/labeco10T/dev/cpp/SisterAppEngine_base_v330/src/ui/../graphics/camera.h:24:5: error: ‘CameraMode’ does not name a type
   24 |     CameraMode mode_ = CameraMode::Orbital;
      |     ^~~~~~~~~~
/run/media/jpereiratrindade/labeco10T/dev/cpp/SisterAppEngine_base_v330/src/ui/../graphics/camera.h:69:1: error: expected declaration before ‘}’ token
   69 | } // namespace graphics
      | ^
/run/media/jpereiratrindade/labeco10T/dev/cpp/SisterAppEngine_base_v330/src/graphics/camera.cpp:13:1: error: ‘Camera’ does not name a type
   13 | Camera::Camera(float fov, float aspect, float nearZ, float farZ)
      | ^~~~~~
/run/media/jpereiratrindade/labeco10T/dev/cpp/SisterAppEngine_base_v330/src/graphics/camera.cpp:26:6: error: ‘Camera’ has not been declared
   26 | void Camera::update(float dt) {
      |      ^~~~~~
/run/media/jpereiratrindade/labeco10T/dev/cpp/SisterAppEngine_base_v330/src/graphics/camera.cpp: In function ‘void graphics::update(float)’:
/run/media/jpereiratrindade/labeco10T/dev/cpp/SisterAppEngine_base_v330/src/graphics/camera.cpp:28:21: error: ‘updateView’ was not declared in this scope
   28 |     if (dirtyView_) updateView();
      |                     ^~~~~~~~~~
/run/media/jpereiratrindade/labeco10T/dev/cpp/SisterAppEngine_base_v330/src/graphics/camera.cpp: At global scope:
/run/media/jpereiratrindade/labeco10T/dev/cpp/SisterAppEngine_base_v330/src/graphics/camera.cpp:32:6: error: ‘Camera’ has not been declared
   32 | void Camera::reset() {
      |      ^~~~~~
/run/media/jpereiratrindade/labeco10T/dev/cpp/SisterAppEngine_base_v330/src/graphics/camera.cpp:40:6: error: ‘Camera’ has not been declared
   40 | void Camera::processEvent(const SDL_Event& event) {
      |      ^~~~~~
/run/media/jpereiratrindade/labeco10T/dev/cpp/SisterAppEngine_base_v330/src/graphics/camera.cpp: In function ‘void graphics::processEvent(const SDL_Event&)’:
/run/media/jpereiratrindade/labeco10T/dev/cpp/SisterAppEngine_base_v330/src/graphics/camera.cpp:41:9: error: ‘mode_’ was not declared in this scope; did you mean ‘mode_t’?
   41 |     if (mode_ == CameraMode::Orbital) {
      |         ^~~~~
      |         mode_t
/run/media/jpereiratrindade/labeco10T/dev/cpp/SisterAppEngine_base_v330/src/graphics/camera.cpp:41:18: error: ‘CameraMode’ has not been declared
   41 |     if (mode_ == CameraMode::Orbital) {
      |                  ^~~~~~~~~~
In file included from /run/media/jpereiratrindade/labeco10T/dev/cpp/SisterAppEngine_base_v330/src/ui/ui_layer.h:9:
/run/media/jpereiratrindade/labeco10T/dev/cpp/SisterAppEngine_base_v330/src/ui/bookmark.h:15:15: error: ‘CameraMode’ in namespace ‘graphics’ does not name a type
   15 |     graphics::CameraMode mode;
      |               ^~~~~~~~~~
In file included from /run/media/jpereiratrindade/labeco10T/dev/cpp/SisterAppEngine_base_v330/src/core/application.h:11,
                 from /run/media/jpereiratrindade/labeco10T/dev/cpp/SisterAppEngine_base_v330/main.cpp:1:
/run/media/jpereiratrindade/labeco10T/dev/cpp/SisterAppEngine_base_v330/src/core/../graphics/camera.h:15:23: error: non-member function ‘bool graphics::isOnGround()’ cannot have cv-qualifier
   15 |     bool isOnGround() const { return onGround_; }
      |                       ^~~~~
In file included from /run/media/jpereiratrindade/labeco10T/dev/cpp/SisterAppEngine_base_v330/src/core/application.h:11,
                 from /run/media/jpereiratrindade/labeco10T/dev/cpp/SisterAppEngine_base_v330/src/core/application.cpp:1:
/run/media/jpereiratrindade/labeco10T/dev/cpp/SisterAppEngine_base_v330/src/core/../graphics/camera.h:15:23: error: non-member function ‘bool graphics::isOnGround()’ cannot have cv-qualifier
   15 |     bool isOnGround() const { return onGround_; }
      |                       ^~~~~
/run/media/jpereiratrindade/labeco10T/dev/cpp/SisterAppEngine_base_v330/src/graphics/camera.cpp:102:26: error: ‘getFovDegrees’ was not declared in this scope
  102 |              float fov = getFovDegrees();
      |                          ^~~~~~~~~~~~~
/run/media/jpereiratrindade/labeco10T/dev/cpp/SisterAppEngine_base_v330/src/core/../graphics/camera.h: In function ‘bool graphics::isOnGround()’:
/run/media/jpereiratrindade/labeco10T/dev/cpp/SisterAppEngine_base_v330/src/core/../graphics/camera.h:15:38: error: ‘onGround_’ was not declared in this scope
   15 |     bool isOnGround() const { return onGround_; }
      |                                      ^~~~~~~~~
/run/media/jpereiratrindade/labeco10T/dev/cpp/SisterAppEngine_base_v330/src/core/../graphics/camera.h: At global scope:
/run/media/jpereiratrindade/labeco10T/dev/cpp/SisterAppEngine_base_v330/src/core/../graphics/camera.h:17:1: error: expected unqualified-id before ‘private’
   17 | private:
      | ^~~~~~~
/run/media/jpereiratrindade/labeco10T/dev/cpp/SisterAppEngine_base_v330/src/core/../graphics/camera.h:24:5: error: ‘CameraMode’ does not name a type
   24 |     CameraMode mode_ = CameraMode::Orbital;
      |     ^~~~~~~~~~
/run/media/jpereiratrindade/labeco10T/dev/cpp/SisterAppEngine_base_v330/src/core/../graphics/camera.h:69:1: error: expected declaration before ‘}’ token
   69 | } // namespace graphics
      | ^
In file included from /run/media/jpereiratrindade/labeco10T/dev/cpp/SisterAppEngine_base_v330/src/ui/minimap.h:5,
                 from /run/media/jpereiratrindade/labeco10T/dev/cpp/SisterAppEngine_base_v330/src/ui/minimap.cpp:1:
/run/media/jpereiratrindade/labeco10T/dev/cpp/SisterAppEngine_base_v330/src/ui/../graphics/camera.h:15:23: error: non-member function ‘bool graphics::isOnGround()’ cannot have cv-qualifier
   15 |     bool isOnGround() const { return onGround_; }
      |                       ^~~~~
/run/media/jpereiratrindade/labeco10T/dev/cpp/SisterAppEngine_base_v330/src/graphics/camera.cpp:105:14: error: ‘setFovDegrees’ was not declared in this scope
  105 |              setFovDegrees(fov);
      |              ^~~~~~~~~~~~~
/run/media/jpereiratrindade/labeco10T/dev/cpp/SisterAppEngine_base_v330/src/graphics/camera.cpp: At global scope:
/run/media/jpereiratrindade/labeco10T/dev/cpp/SisterAppEngine_base_v330/src/graphics/camera.cpp:138:6: error: ‘Camera’ has not been declared
  138 | void Camera::processKeyboard(const Uint8* keyState, float dt) {
      |      ^~~~~~
/run/media/jpereiratrindade/labeco10T/dev/cpp/SisterAppEngine_base_v330/src/core/../graphics/camera.h: In function ‘bool graphics::isOnGround()’:
/run/media/jpereiratrindade/labeco10T/dev/cpp/SisterAppEngine_base_v330/src/core/../graphics/camera.h:15:38: error: ‘onGround_’ was not declared in this scope
   15 |     bool isOnGround() const { return onGround_; }
      |                                      ^~~~~~~~~
/run/media/jpereiratrindade/labeco10T/dev/cpp/SisterAppEngine_base_v330/src/core/../graphics/camera.h: At global scope:
/run/media/jpereiratrindade/labeco10T/dev/cpp/SisterAppEngine_base_v330/src/core/../graphics/camera.h:17:1: error: expected unqualified-id before ‘private’
   17 | private:
      | ^~~~~~~
/run/media/jpereiratrindade/labeco10T/dev/cpp/SisterAppEngine_base_v330/src/core/../graphics/camera.h:24:5: error: ‘CameraMode’ does not name a type
   24 |     CameraMode mode_ = CameraMode::Orbital;
      |     ^~~~~~~~~~
/run/media/jpereiratrindade/labeco10T/dev/cpp/SisterAppEngine_base_v330/src/core/../graphics/camera.h:69:1: error: expected declaration before ‘}’ token
   69 | } // namespace graphics
      | ^
/run/media/jpereiratrindade/labeco10T/dev/cpp/SisterAppEngine_base_v330/src/graphics/camera.cpp: In function ‘void graphics::processKeyboard(const Uint8*, float)’:
/run/media/jpereiratrindade/labeco10T/dev/cpp/SisterAppEngine_base_v330/src/graphics/camera.cpp:139:9: error: ‘mode_’ was not declared in this scope; did you mean ‘mode_t’?
  139 |     if (mode_ != CameraMode::FreeFlight) return;
      |         ^~~~~
      |         mode_t
/run/media/jpereiratrindade/labeco10T/dev/cpp/SisterAppEngine_base_v330/src/graphics/camera.cpp:139:18: error: ‘CameraMode’ has not been declared
  139 |     if (mode_ != CameraMode::FreeFlight) return;
      |                  ^~~~~~~~~~
/run/media/jpereiratrindade/labeco10T/dev/cpp/SisterAppEngine_base_v330/src/ui/../graphics/camera.h: In function ‘bool graphics::isOnGround()’:
/run/media/jpereiratrindade/labeco10T/dev/cpp/SisterAppEngine_base_v330/src/ui/../graphics/camera.h:15:38: error: ‘onGround_’ was not declared in this scope
   15 |     bool isOnGround() const { return onGround_; }
      |                                      ^~~~~~~~~
/run/media/jpereiratrindade/labeco10T/dev/cpp/SisterAppEngine_base_v330/src/ui/../graphics/camera.h: At global scope:
/run/media/jpereiratrindade/labeco10T/dev/cpp/SisterAppEngine_base_v330/src/ui/../graphics/camera.h:17:1: error: expected unqualified-id before ‘private’
   17 | private:
      | ^~~~~~~
/run/media/jpereiratrindade/labeco10T/dev/cpp/SisterAppEngine_base_v330/src/ui/../graphics/camera.h:24:5: error: ‘CameraMode’ does not name a type
   24 |     CameraMode mode_ = CameraMode::Orbital;
      |     ^~~~~~~~~~
/run/media/jpereiratrindade/labeco10T/dev/cpp/SisterAppEngine_base_v330/src/ui/../graphics/camera.h:69:1: error: expected declaration before ‘}’ token
   69 | } // namespace graphics
      | ^
/run/media/jpereiratrindade/labeco10T/dev/cpp/SisterAppEngine_base_v330/src/ui/minimap.h:23:17: error: ‘graphics::Camera’ has not been declared
   23 |     void render(graphics::Camera& camera);
      |                 ^~~~~~~~
/run/media/jpereiratrindade/labeco10T/dev/cpp/SisterAppEngine_base_v330/src/graphics/camera.cpp:203:9: error: ‘addRoll’ was not declared in this scope; did you mean ‘atoll’?
  203 |         addRoll(-rollSpeed * dt);
      |         ^~~~~~~
      |         atoll
/run/media/jpereiratrindade/labeco10T/dev/cpp/SisterAppEngine_base_v330/src/graphics/camera.cpp:206:9: error: ‘addRoll’ was not declared in this scope; did you mean ‘atoll’?
  206 |         addRoll(rollSpeed * dt);
      |         ^~~~~~~
      |         atoll
/run/media/jpereiratrindade/labeco10T/dev/cpp/SisterAppEngine_base_v330/src/graphics/camera.cpp: At global scope:
/run/media/jpereiratrindade/labeco10T/dev/cpp/SisterAppEngine_base_v330/src/graphics/camera.cpp:213:6: error: ‘Camera’ has not been declared
  213 | void Camera::setCameraMode(CameraMode mode) {
      |      ^~~~~~
/run/media/jpereiratrindade/labeco10T/dev/cpp/SisterAppEngine_base_v330/src/graphics/camera.cpp:213:6: error: variable or field ‘setCameraMode’ declared void
/run/media/jpereiratrindade/labeco10T/dev/cpp/SisterAppEngine_base_v330/src/graphics/camera.cpp:213:28: error: ‘CameraMode’ was not declared in this scope
  213 | void Camera::setCameraMode(CameraMode mode) {
      |                            ^~~~~~~~~~
/run/media/jpereiratrindade/labeco10T/dev/cpp/SisterAppEngine_base_v330/src/graphics/camera.cpp:233:6: error: ‘Camera’ has not been declared
  233 | void Camera::teleportTo(const math::Vec3& pos) {
      |      ^~~~~~
In file included from /run/media/jpereiratrindade/labeco10T/dev/cpp/SisterAppEngine_base_v330/src/core/../ui/ui_layer.h:9,
                 from /run/media/jpereiratrindade/labeco10T/dev/cpp/SisterAppEngine_base_v330/src/core/application.h:17:
/run/media/jpereiratrindade/labeco10T/dev/cpp/SisterAppEngine_base_v330/src/core/../ui/bookmark.h:15:15: error: ‘CameraMode’ in namespace ‘graphics’ does not name a type
   15 |     graphics::CameraMode mode;
      |               ^~~~~~~~~~
/run/media/jpereiratrindade/labeco10T/dev/cpp/SisterAppEngine_base_v330/src/graphics/camera.cpp: In function ‘void graphics::teleportTo(const math::Vec3&)’:
/run/media/jpereiratrindade/labeco10T/dev/cpp/SisterAppEngine_base_v330/src/graphics/camera.cpp:234:9: error: ‘mode_’ was not declared in this scope; did you mean ‘mode_t’?
  234 |     if (mode_ == CameraMode::FreeFlight) {
      |         ^~~~~
      |         mode_t
/run/media/jpereiratrindade/labeco10T/dev/cpp/SisterAppEngine_base_v330/src/graphics/camera.cpp:234:18: error: ‘CameraMode’ has not been declared
  234 |     if (mode_ == CameraMode::FreeFlight) {
      |                  ^~~~~~~~~~
/run/media/jpereiratrindade/labeco10T/dev/cpp/SisterAppEngine_base_v330/src/graphics/camera.cpp: At global scope:
/run/media/jpereiratrindade/labeco10T/dev/cpp/SisterAppEngine_base_v330/src/graphics/camera.cpp:246:14: error: ‘Camera’ has not been declared
  246 | const float* Camera::viewMatrix() {
      |              ^~~~~~
In file included from /run/media/jpereiratrindade/labeco10T/dev/cpp/SisterAppEngine_base_v330/src/core/../ui/ui_layer.h:9,
                 from /run/media/jpereiratrindade/labeco10T/dev/cpp/SisterAppEngine_base_v330/src/core/application.h:17:
/run/media/jpereiratrindade/labeco10T/dev/cpp/SisterAppEngine_base_v330/src/core/../ui/bookmark.h:15:15: error: ‘CameraMode’ in namespace ‘graphics’ does not name a type
   15 |     graphics::CameraMode mode;
      |               ^~~~~~~~~~
/run/media/jpereiratrindade/labeco10T/dev/cpp/SisterAppEngine_base_v330/src/graphics/camera.cpp: In function ‘const float* graphics::viewMatrix()’:
/run/media/jpereiratrindade/labeco10T/dev/cpp/SisterAppEngine_base_v330/src/graphics/camera.cpp:247:21: error: ‘updateView’ was not declared in this scope
  247 |     if (dirtyView_) updateView();
      |                     ^~~~~~~~~~
/run/media/jpereiratrindade/labeco10T/dev/cpp/SisterAppEngine_base_v330/src/graphics/camera.cpp: At global scope:
/run/media/jpereiratrindade/labeco10T/dev/cpp/SisterAppEngine_base_v330/src/graphics/camera.cpp:251:14: error: ‘Camera’ has not been declared
  251 | const float* Camera::projectionMatrix() {
      |              ^~~~~~
/run/media/jpereiratrindade/labeco10T/dev/cpp/SisterAppEngine_base_v330/src/graphics/camera.cpp:256:6: error: ‘Camera’ has not been declared
  256 | Vec3 Camera::getPosition() const {
      |      ^~~~~~
/run/media/jpereiratrindade/labeco10T/dev/cpp/SisterAppEngine_base_v330/src/graphics/camera.cpp:256:28: error: non-member function ‘math::Vec3 graphics::getPosition()’ cannot have cv-qualifier
  256 | Vec3 Camera::getPosition() const {
      |                            ^~~~~
/run/media/jpereiratrindade/labeco10T/dev/cpp/SisterAppEngine_base_v330/src/graphics/camera.cpp: In function ‘math::Vec3 graphics::getPosition()’:
/run/media/jpereiratrindade/labeco10T/dev/cpp/SisterAppEngine_base_v330/src/graphics/camera.cpp:257:9: error: ‘mode_’ was not declared in this scope; did you mean ‘mode_t’?
  257 |     if (mode_ == CameraMode::Orbital) {
      |         ^~~~~
      |         mode_t
/run/media/jpereiratrindade/labeco10T/dev/cpp/SisterAppEngine_base_v330/src/graphics/camera.cpp:257:18: error: ‘CameraMode’ has not been declared
  257 |     if (mode_ == CameraMode::Orbital) {
      |                  ^~~~~~~~~~
In file included from /run/media/jpereiratrindade/labeco10T/dev/cpp/SisterAppEngine_base_v330/src/ui/ui_layer.h:15:
/run/media/jpereiratrindade/labeco10T/dev/cpp/SisterAppEngine_base_v330/src/ui/minimap.h:23:17: error: ‘graphics::Camera’ has not been declared
   23 |     void render(graphics::Camera& camera);
      |                 ^~~~~~~~
/run/media/jpereiratrindade/labeco10T/dev/cpp/SisterAppEngine_base_v330/src/graphics/camera.cpp: At global scope:
/run/media/jpereiratrindade/labeco10T/dev/cpp/SisterAppEngine_base_v330/src/graphics/camera.cpp:267:6: error: ‘Camera’ has not been declared
  267 | void Camera::updateView() {
      |      ^~~~~~
/run/media/jpereiratrindade/labeco10T/dev/cpp/SisterAppEngine_base_v330/src/ui/ui_layer.h:30:15: error: ‘Camera’ in namespace ‘graphics’ does not name a type
   30 |     graphics::Camera& camera;
      |               ^~~~~~
/run/media/jpereiratrindade/labeco10T/dev/cpp/SisterAppEngine_base_v330/src/graphics/camera.cpp: In function ‘void graphics::updateView()’:
/run/media/jpereiratrindade/labeco10T/dev/cpp/SisterAppEngine_base_v330/src/graphics/camera.cpp:268:9: error: ‘mode_’ was not declared in this scope; did you mean ‘mode_t’?
  268 |     if (mode_ == CameraMode::Orbital) {
      |         ^~~~~
      |         mode_t
/run/media/jpereiratrindade/labeco10T/dev/cpp/SisterAppEngine_base_v330/src/graphics/camera.cpp:268:18: error: ‘CameraMode’ has not been declared
  268 |     if (mode_ == CameraMode::Orbital) {
      |                  ^~~~~~~~~~
In file included from /run/media/jpereiratrindade/labeco10T/dev/cpp/SisterAppEngine_base_v330/src/core/../ui/ui_layer.h:15:
/run/media/jpereiratrindade/labeco10T/dev/cpp/SisterAppEngine_base_v330/src/core/../ui/minimap.h:23:17: error: ‘graphics::Camera’ has not been declared
   23 |     void render(graphics::Camera& camera);
      |                 ^~~~~~~~
/run/media/jpereiratrindade/labeco10T/dev/cpp/SisterAppEngine_base_v330/src/graphics/camera.cpp: At global scope:
/run/media/jpereiratrindade/labeco10T/dev/cpp/SisterAppEngine_base_v330/src/graphics/camera.cpp:275:6: error: ‘Camera’ has not been declared
  275 | void Camera::updateViewOrbital() {
      |      ^~~~~~
/run/media/jpereiratrindade/labeco10T/dev/cpp/SisterAppEngine_base_v330/src/core/../ui/ui_layer.h:30:15: error: ‘Camera’ in namespace ‘graphics’ does not name a type
   30 |     graphics::Camera& camera;
      |               ^~~~~~
/run/media/jpereiratrindade/labeco10T/dev/cpp/SisterAppEngine_base_v330/src/graphics/camera.cpp:294:6: error: ‘Camera’ has not been declared
  294 | void Camera::updateViewFreeFlight() {
      |      ^~~~~~
/run/media/jpereiratrindade/labeco10T/dev/cpp/SisterAppEngine_base_v330/src/graphics/camera.cpp:317:6: error: ‘Camera’ has not been declared
  317 | void Camera::updateProj() {
      |      ^~~~~~
/run/media/jpereiratrindade/labeco10T/dev/cpp/SisterAppEngine_base_v330/src/graphics/camera.cpp:332:6: error: ‘Camera’ has not been declared
  332 | Vec3 Camera::getRayDirection(float screenX, float screenY, float screenW, float screenH) {
      |      ^~~~~~
In file included from /run/media/jpereiratrindade/labeco10T/dev/cpp/SisterAppEngine_base_v330/src/core/../ui/ui_layer.h:15:
/run/media/jpereiratrindade/labeco10T/dev/cpp/SisterAppEngine_base_v330/src/core/../ui/minimap.h:23:17: error: ‘graphics::Camera’ has not been declared
   23 |     void render(graphics::Camera& camera);
      |                 ^~~~~~~~
/run/media/jpereiratrindade/labeco10T/dev/cpp/SisterAppEngine_base_v330/src/graphics/camera.cpp:382:6: error: ‘Camera’ has not been declared
  382 | void Camera::addRoll(float degrees) {
      |      ^~~~~~
/run/media/jpereiratrindade/labeco10T/dev/cpp/SisterAppEngine_base_v330/src/core/../ui/ui_layer.h:30:15: error: ‘Camera’ in namespace ‘graphics’ does not name a type
   30 |     graphics::Camera& camera;
      |               ^~~~~~
/run/media/jpereiratrindade/labeco10T/dev/cpp/SisterAppEngine_base_v330/src/graphics/camera.cpp:387:6: error: ‘Camera’ has not been declared
  387 | void Camera::setFovDegrees(float degrees) {
      |      ^~~~~~
/run/media/jpereiratrindade/labeco10T/dev/cpp/SisterAppEngine_base_v330/src/graphics/camera.cpp:393:7: error: ‘Camera’ has not been declared
  393 | float Camera::getFovDegrees() const {
      |       ^~~~~~
/run/media/jpereiratrindade/labeco10T/dev/cpp/SisterAppEngine_base_v330/src/graphics/camera.cpp:393:31: error: non-member function ‘float graphics::getFovDegrees()’ cannot have cv-qualifier
  393 | float Camera::getFovDegrees() const {
      |                               ^~~~~
/run/media/jpereiratrindade/labeco10T/dev/cpp/SisterAppEngine_base_v330/src/graphics/camera.cpp:397:6: error: ‘Camera’ has not been declared
  397 | void Camera::applyGravity(float dt) {
      |      ^~~~~~
/run/media/jpereiratrindade/labeco10T/dev/cpp/SisterAppEngine_base_v330/src/ui/minimap.cpp: In member function ‘void ui::Minimap::update(const terrain::TerrainMap&, const terrain::TerrainConfig&)’:
/run/media/jpereiratrindade/labeco10T/dev/cpp/SisterAppEngine_base_v330/src/ui/minimap.cpp:147:19: warning: conversion from ‘int’ to ‘float’ may change value [-Wconversion]
  147 |     worldWidth_ = mapW * config.resolution;
      |                   ^~~~
/run/media/jpereiratrindade/labeco10T/dev/cpp/SisterAppEngine_base_v330/src/ui/minimap.cpp:148:20: warning: conversion from ‘int’ to ‘float’ may change value [-Wconversion]
  148 |     worldHeight_ = mapH * config.resolution;
      |                    ^~~~
/run/media/jpereiratrindade/labeco10T/dev/cpp/SisterAppEngine_base_v330/src/ui/minimap.cpp: In lambda function:
/run/media/jpereiratrindade/labeco10T/dev/cpp/SisterAppEngine_base_v330/src/ui/minimap.cpp:180:26: warning: conversion from ‘int’ to ‘uint8_t’ {aka ‘unsigned char’} may change value [-Wconversion]
  180 |             r = (r + 50) / 2;
      |                 ~~~~~~~~~^~~
/run/media/jpereiratrindade/labeco10T/dev/cpp/SisterAppEngine_base_v330/src/ui/minimap.cpp:181:27: warning: conversion from ‘int’ to ‘uint8_t’ {aka ‘unsigned char’} may change value [-Wconversion]
  181 |             g = (g + 100) / 2;
      |                 ~~~~~~~~~~^~~
/run/media/jpereiratrindade/labeco10T/dev/cpp/SisterAppEngine_base_v330/src/ui/minimap.cpp:182:27: warning: conversion from ‘int’ to ‘uint8_t’ {aka ‘unsigned char’} may change value [-Wconversion]
  182 |             b = (b + 200) / 2;
      |                 ~~~~~~~~~~^~~
/run/media/jpereiratrindade/labeco10T/dev/cpp/SisterAppEngine_base_v330/src/ui/minimap.cpp: In member function ‘void ui::Minimap::update(const terrain::TerrainMap&, const terrain::TerrainConfig&)’:
/run/media/jpereiratrindade/labeco10T/dev/cpp/SisterAppEngine_base_v330/src/ui/minimap.cpp:199:47: warning: conversion from ‘uint32_t’ {aka ‘unsigned int’} to ‘float’ may change value [-Wconversion]
  199 |             float u = static_cast<float>(x) / textureWidth_;
      |                                               ^~~~~~~~~~~~~
/run/media/jpereiratrindade/labeco10T/dev/cpp/SisterAppEngine_base_v330/src/ui/minimap.cpp:200:47: warning: conversion from ‘uint32_t’ {aka ‘unsigned int’} to ‘float’ may change value [-Wconversion]
  200 |             float v = static_cast<float>(y) / textureHeight_;
      |                                               ^~~~~~~~~~~~~~
/run/media/jpereiratrindade/labeco10T/dev/cpp/SisterAppEngine_base_v330/src/ui/minimap.cpp:208:45: warning: conversion from ‘int’ to ‘float’ may change value [-Wconversion]
  208 |             int mapX = static_cast<int>(u * mapW);
      |                                             ^~~~
/run/media/jpereiratrindade/labeco10T/dev/cpp/SisterAppEngine_base_v330/src/ui/minimap.cpp:209:45: warning: conversion from ‘int’ to ‘float’ may change value [-Wconversion]
  209 |             int mapZ = static_cast<int>(v * mapH); // v3.8.0 Fix: V=0 is North (Z=0). No inversion.
      |                                             ^~~~
/run/media/jpereiratrindade/labeco10T/dev/cpp/SisterAppEngine_base_v330/src/ui/minimap.cpp:237:19: warning: conversion from ‘int’ to ‘float’ may change value [-Wconversion]
  237 |     worldWidth_ = w * config.resolution;
      |                   ^
/run/media/jpereiratrindade/labeco10T/dev/cpp/SisterAppEngine_base_v330/src/ui/minimap.cpp:238:20: warning: conversion from ‘int’ to ‘float’ may change value [-Wconversion]
  238 |     worldHeight_ = h * config.resolution;
      |                    ^
/run/media/jpereiratrindade/labeco10T/dev/cpp/SisterAppEngine_base_v330/src/ui/minimap.cpp:259:61: warning: conversion from ‘int’ to ‘float’ may change value [-Wconversion]
  259 |                     float globalU = static_cast<float>(x) / w;
      |                                                             ^
/run/media/jpereiratrindade/labeco10T/dev/cpp/SisterAppEngine_base_v330/src/ui/minimap.cpp:260:61: warning: conversion from ‘int’ to ‘float’ may change value [-Wconversion]
  260 |                     float globalV = static_cast<float>(z) / h; // v3.8.0 Fix: V aligned with Z
      |                                                             ^
/run/media/jpereiratrindade/labeco10T/dev/cpp/SisterAppEngine_base_v330/src/ui/minimap.cpp: At global scope:
/run/media/jpereiratrindade/labeco10T/dev/cpp/SisterAppEngine_base_v330/src/ui/minimap.cpp:278:6: error: variable or field ‘render’ declared void
  278 | void Minimap::render(graphics::Camera& camera) {
      |      ^~~~~~~
/run/media/jpereiratrindade/labeco10T/dev/cpp/SisterAppEngine_base_v330/src/ui/minimap.cpp:278:32: error: ‘Camera’ is not a member of ‘graphics’
  278 | void Minimap::render(graphics::Camera& camera) {
      |                                ^~~~~~
/run/media/jpereiratrindade/labeco10T/dev/cpp/SisterAppEngine_base_v330/src/graphics/camera.cpp: In function ‘void graphics::applyGravity(float)’:
/run/media/jpereiratrindade/labeco10T/dev/cpp/SisterAppEngine_base_v330/src/graphics/camera.cpp:398:9: error: ‘mode_’ was not declared in this scope; did you mean ‘mode_t’?
  398 |     if (mode_ != CameraMode::FreeFlight) return;
      |         ^~~~~
      |         mode_t
/run/media/jpereiratrindade/labeco10T/dev/cpp/SisterAppEngine_base_v330/src/graphics/camera.cpp:398:18: error: ‘CameraMode’ has not been declared
  398 |     if (mode_ != CameraMode::FreeFlight) return;
      |                  ^~~~~~~~~~
/run/media/jpereiratrindade/labeco10T/dev/cpp/SisterAppEngine_base_v330/src/graphics/camera.cpp: At global scope:
/run/media/jpereiratrindade/labeco10T/dev/cpp/SisterAppEngine_base_v330/src/graphics/camera.cpp:417:6: error: ‘Camera’ has not been declared
  417 | void Camera::jump() {
      |      ^~~~~~
/run/media/jpereiratrindade/labeco10T/dev/cpp/SisterAppEngine_base_v330/src/graphics/camera.cpp: In function ‘void graphics::jump()’:
/run/media/jpereiratrindade/labeco10T/dev/cpp/SisterAppEngine_base_v330/src/graphics/camera.cpp:418:9: error: ‘mode_’ was not declared in this scope; did you mean ‘mode_t’?
  418 |     if (mode_ != CameraMode::FreeFlight) return;
      |         ^~~~~
      |         mode_t
/run/media/jpereiratrindade/labeco10T/dev/cpp/SisterAppEngine_base_v330/src/graphics/camera.cpp:418:18: error: ‘CameraMode’ has not been declared
  418 |     if (mode_ != CameraMode::FreeFlight) return;
      |                  ^~~~~~~~~~
/run/media/jpereiratrindade/labeco10T/dev/cpp/SisterAppEngine_base_v330/src/ui/minimap.cpp:278:40: error: ‘camera’ was not declared in this scope
  278 | void Minimap::render(graphics::Camera& camera) {
      |                                        ^~~~~~
/run/media/jpereiratrindade/labeco10T/dev/cpp/SisterAppEngine_base_v330/src/ui/minimap.cpp: In member function ‘void ui::Minimap::transitionImageLayout(VkImage, VkFormat, VkImageLayout, VkImageLayout)’:
/run/media/jpereiratrindade/labeco10T/dev/cpp/SisterAppEngine_base_v330/src/ui/minimap.cpp:404:61: warning: unused parameter ‘format’ [-Wunused-parameter]
  404 | void Minimap::transitionImageLayout(VkImage image, VkFormat format, VkImageLayout oldLayout, VkImageLayout newLayout) {
      |                                                    ~~~~~~~~~^~~~~~
/run/media/jpereiratrindade/labeco10T/dev/cpp/SisterAppEngine_base_v330/src/graphics/camera.cpp: In function ‘math::Vec3 graphics::getPosition()’:
/run/media/jpereiratrindade/labeco10T/dev/cpp/SisterAppEngine_base_v330/src/graphics/camera.cpp:265:1: warning: control reaches end of non-void function [-Wreturn-type]
  265 | }
      | ^
/run/media/jpereiratrindade/labeco10T/dev/cpp/SisterAppEngine_base_v330/src/ui/ui_layer.cpp: In member function ‘void ui::UiLayer::render(ui::UiFrameContext&, VkCommandBuffer)’:
/run/media/jpereiratrindade/labeco10T/dev/cpp/SisterAppEngine_base_v330/src/ui/ui_layer.cpp:46:30: error: ‘struct ui::UiFrameContext’ has no member named ‘camera’
   46 |         minimap_->render(ctx.camera);
      |                              ^~~~~~
/run/media/jpereiratrindade/labeco10T/dev/cpp/SisterAppEngine_base_v330/src/ui/ui_layer.cpp: In member function ‘void ui::UiLayer::drawStats(ui::UiFrameContext&)’:
/run/media/jpereiratrindade/labeco10T/dev/cpp/SisterAppEngine_base_v330/src/ui/ui_layer.cpp:77:37: error: ‘struct ui::UiFrameContext’ has no member named ‘camera’
   77 |         ImGui::Text("Mode: %s", ctx.camera.getCameraMode() == graphics::CameraMode::FreeFlight ? "Free Flight" : "Orbital");
      |                                     ^~~~~~
/run/media/jpereiratrindade/labeco10T/dev/cpp/SisterAppEngine_base_v330/src/ui/ui_layer.cpp:77:73: error: ‘graphics::CameraMode’ has not been declared
   77 |         ImGui::Text("Mode: %s", ctx.camera.getCameraMode() == graphics::CameraMode::FreeFlight ? "Free Flight" : "Orbital");
      |                                                                         ^~~~~~~~~~
/run/media/jpereiratrindade/labeco10T/dev/cpp/SisterAppEngine_base_v330/src/ui/ui_layer.cpp:78:24: error: ‘struct ui::UiFrameContext’ has no member named ‘camera’
   78 |         auto pos = ctx.camera.getPosition();
      |                        ^~~~~~
/run/media/jpereiratrindade/labeco10T/dev/cpp/SisterAppEngine_base_v330/src/ui/ui_layer.cpp: In member function ‘void ui::UiLayer::drawMenuBar(ui::UiFrameContext&)’:
/run/media/jpereiratrindade/labeco10T/dev/cpp/SisterAppEngine_base_v330/src/ui/ui_layer.cpp:117:22: error: ‘struct ui::UiFrameContext’ has no member named ‘camera’
  117 |                  ctx.camera.reset();
      |                      ^~~~~~
/run/media/jpereiratrindade/labeco10T/dev/cpp/SisterAppEngine_base_v330/src/core/application.h:114:19: error: ‘Camera’ in namespace ‘graphics’ does not name a type
  114 |         graphics::Camera camera_;
      |                   ^~~~~~
make[2]: *** [CMakeFiles/sisterapp.dir/build.make:331: CMakeFiles/sisterapp.dir/src/graphics/camera.cpp.o] Error 1
make[2]: ** Esperando que outros processos terminem.
/run/media/jpereiratrindade/labeco10T/dev/cpp/SisterAppEngine_base_v330/src/ui/ui_layer.cpp: In member function ‘void ui::UiLayer::drawCamera(ui::UiFrameContext&)’:
/run/media/jpereiratrindade/labeco10T/dev/cpp/SisterAppEngine_base_v330/src/ui/ui_layer.cpp:227:33: error: ‘struct ui::UiFrameContext’ has no member named ‘camera’
  227 |     const char* modeName = (ctx.camera.getCameraMode() == graphics::CameraMode::Orbital)
      |                                 ^~~~~~
/run/media/jpereiratrindade/labeco10T/dev/cpp/SisterAppEngine_base_v330/src/ui/ui_layer.cpp:227:69: error: ‘graphics::CameraMode’ has not been declared
  227 |     const char* modeName = (ctx.camera.getCameraMode() == graphics::CameraMode::Orbital)
      |                                                                     ^~~~~~~~~~
/run/media/jpereiratrindade/labeco10T/dev/cpp/SisterAppEngine_base_v330/src/ui/ui_layer.cpp:229:39: error: ‘struct ui::UiFrameContext’ has no member named ‘camera’
  229 |                                : (ctx.camera.isFlying() ? "Free Flight (Creative)" : "Free Flight (Walking)");
      |                                       ^~~~~~
/run/media/jpereiratrindade/labeco10T/dev/cpp/SisterAppEngine_base_v330/src/ui/ui_layer.cpp:232:13: error: ‘struct ui::UiFrameContext’ has no member named ‘camera’
  232 |     if (ctx.camera.getCameraMode() == graphics::CameraMode::FreeFlight) {
      |             ^~~~~~
/run/media/jpereiratrindade/labeco10T/dev/cpp/SisterAppEngine_base_v330/src/ui/ui_layer.cpp:232:49: error: ‘graphics::CameraMode’ has not been declared
  232 |     if (ctx.camera.getCameraMode() == graphics::CameraMode::FreeFlight) {
      |                                                 ^~~~~~~~~~
/run/media/jpereiratrindade/labeco10T/dev/cpp/SisterAppEngine_base_v330/src/ui/ui_layer.cpp:233:27: error: ‘struct ui::UiFrameContext’ has no member named ‘camera’
  233 |         bool flying = ctx.camera.isFlying();
      |                           ^~~~~~
/run/media/jpereiratrindade/labeco10T/dev/cpp/SisterAppEngine_base_v330/src/ui/ui_layer.cpp:235:17: error: ‘struct ui::UiFrameContext’ has no member named ‘camera’
  235 |             ctx.camera.setFlying(flying);
      |                 ^~~~~~
/run/media/jpereiratrindade/labeco10T/dev/cpp/SisterAppEngine_base_v330/src/ui/ui_layer.cpp:241:13: error: ‘struct ui::UiFrameContext’ has no member named ‘camera’
  241 |     if (ctx.camera.getCameraMode() == graphics::CameraMode::Orbital) {
      |             ^~~~~~
/run/media/jpereiratrindade/labeco10T/dev/cpp/SisterAppEngine_base_v330/src/ui/ui_layer.cpp:241:49: error: ‘graphics::CameraMode’ has not been declared
  241 |     if (ctx.camera.getCameraMode() == graphics::CameraMode::Orbital) {
      |                                                 ^~~~~~~~~~
/run/media/jpereiratrindade/labeco10T/dev/cpp/SisterAppEngine_base_v330/src/ui/ui_layer.cpp:258:28: error: ‘struct ui::UiFrameContext’ has no member named ‘camera’
  258 |         float fovDeg = ctx.camera.getFovDegrees();
      |                            ^~~~~~
/run/media/jpereiratrindade/labeco10T/dev/cpp/SisterAppEngine_base_v330/src/ui/ui_layer.cpp:260:17: error: ‘struct ui::UiFrameContext’ has no member named ‘camera’
  260 |             ctx.camera.setFovDegrees(fovDeg);
      |                 ^~~~~~
/run/media/jpereiratrindade/labeco10T/dev/cpp/SisterAppEngine_base_v330/src/ui/ui_layer.cpp:263:29: error: ‘struct ui::UiFrameContext’ has no member named ‘camera’
  263 |         float rollDeg = ctx.camera.getRollDegrees();
      |                             ^~~~~~
/run/media/jpereiratrindade/labeco10T/dev/cpp/SisterAppEngine_base_v330/src/ui/ui_layer.cpp:265:17: error: ‘struct ui::UiFrameContext’ has no member named ‘camera’
  265 |             ctx.camera.resetRoll();
      |                 ^~~~~~
/run/media/jpereiratrindade/labeco10T/dev/cpp/SisterAppEngine_base_v330/src/ui/ui_layer.cpp:266:17: error: ‘struct ui::UiFrameContext’ has no member named ‘camera’
  266 |             ctx.camera.addRoll(rollDeg);
      |                 ^~~~~~
/run/media/jpereiratrindade/labeco10T/dev/cpp/SisterAppEngine_base_v330/src/ui/ui_layer.cpp:286:13: error: ‘struct ui::UiFrameContext’ has no member named ‘camera’
  286 |         ctx.camera.teleportTo({0.0f, 2.0f, 5.0f});
      |             ^~~~~~
/run/media/jpereiratrindade/labeco10T/dev/cpp/SisterAppEngine_base_v330/src/ui/ui_layer.cpp:290:13: error: ‘struct ui::UiFrameContext’ has no member named ‘camera’
  290 |         ctx.camera.teleportTo({10.0f, 2.0f, 10.0f});
      |             ^~~~~~
/run/media/jpereiratrindade/labeco10T/dev/cpp/SisterAppEngine_base_v330/src/ui/ui_layer.cpp:293:13: error: ‘struct ui::UiFrameContext’ has no member named ‘camera’
  293 |         ctx.camera.teleportTo({-10.0f, 2.0f, 10.0f});
      |             ^~~~~~
/run/media/jpereiratrindade/labeco10T/dev/cpp/SisterAppEngine_base_v330/src/ui/ui_layer.cpp:297:13: error: ‘struct ui::UiFrameContext’ has no member named ‘camera’
  297 |         ctx.camera.teleportTo({-10.0f, 2.0f, -10.0f});
      |             ^~~~~~
/run/media/jpereiratrindade/labeco10T/dev/cpp/SisterAppEngine_base_v330/src/ui/ui_layer.cpp: In member function ‘void ui::UiLayer::drawResetCamera(ui::UiFrameContext&)’:
/run/media/jpereiratrindade/labeco10T/dev/cpp/SisterAppEngine_base_v330/src/ui/ui_layer.cpp:411:13: error: ‘struct ui::UiFrameContext’ has no member named ‘camera’
  411 |         ctx.camera.reset();
      |             ^~~~~~
/run/media/jpereiratrindade/labeco10T/dev/cpp/SisterAppEngine_base_v330/src/ui/ui_layer.cpp: In member function ‘void ui::UiLayer::drawFiniteTools(ui::UiFrameContext&)’:
/run/media/jpereiratrindade/labeco10T/dev/cpp/SisterAppEngine_base_v330/src/ui/ui_layer.cpp:445:40: warning: conversion from ‘double’ to ‘float’ changes value from ‘2.0000000000000001e-1’ to ‘2.00000003e-1f’ [-Wfloat-conversion]
  445 |              ImGui::TextColored(ImVec4(0.2,0.4,0.8,1), "0-3%%: Flat");
      |                                        ^~~
/run/media/jpereiratrindade/labeco10T/dev/cpp/SisterAppEngine_base_v330/src/ui/ui_layer.cpp:445:44: warning: conversion from ‘double’ to ‘float’ changes value from ‘4.0000000000000002e-1’ to ‘4.00000006e-1f’ [-Wfloat-conversion]
  445 |              ImGui::TextColored(ImVec4(0.2,0.4,0.8,1), "0-3%%: Flat");
      |                                            ^~~
/run/media/jpereiratrindade/labeco10T/dev/cpp/SisterAppEngine_base_v330/src/ui/ui_layer.cpp:445:48: warning: conversion from ‘double’ to ‘float’ changes value from ‘8.0000000000000004e-1’ to ‘8.00000012e-1f’ [-Wfloat-conversion]
  445 |              ImGui::TextColored(ImVec4(0.2,0.4,0.8,1), "0-3%%: Flat");
      |                                                ^~~
/run/media/jpereiratrindade/labeco10T/dev/cpp/SisterAppEngine_base_v330/src/ui/ui_layer.cpp:446:40: warning: conversion from ‘double’ to ‘float’ changes value from ‘2.0000000000000001e-1’ to ‘2.00000003e-1f’ [-Wfloat-conversion]
  446 |              ImGui::TextColored(ImVec4(0.2,0.8,0.8,1), "3-8%%: Gentle");
      |                                        ^~~
/run/media/jpereiratrindade/labeco10T/dev/cpp/SisterAppEngine_base_v330/src/ui/ui_layer.cpp:446:44: warning: conversion from ‘double’ to ‘float’ changes value from ‘8.0000000000000004e-1’ to ‘8.00000012e-1f’ [-Wfloat-conversion]
  446 |              ImGui::TextColored(ImVec4(0.2,0.8,0.8,1), "3-8%%: Gentle");
      |                                            ^~~
/run/media/jpereiratrindade/labeco10T/dev/cpp/SisterAppEngine_base_v330/src/ui/ui_layer.cpp:446:48: warning: conversion from ‘double’ to ‘float’ changes value from ‘8.0000000000000004e-1’ to ‘8.00000012e-1f’ [-Wfloat-conversion]
  446 |              ImGui::TextColored(ImVec4(0.2,0.8,0.8,1), "3-8%%: Gentle");
      |                                                ^~~
/run/media/jpereiratrindade/labeco10T/dev/cpp/SisterAppEngine_base_v330/src/ui/ui_layer.cpp:447:40: warning: conversion from ‘double’ to ‘float’ changes value from ‘2.0000000000000001e-1’ to ‘2.00000003e-1f’ [-Wfloat-conversion]
  447 |              ImGui::TextColored(ImVec4(0.2,0.8,0.2,1), "8-20%%: Moderate");
      |                                        ^~~
/run/media/jpereiratrindade/labeco10T/dev/cpp/SisterAppEngine_base_v330/src/ui/ui_layer.cpp:447:44: warning: conversion from ‘double’ to ‘float’ changes value from ‘8.0000000000000004e-1’ to ‘8.00000012e-1f’ [-Wfloat-conversion]
  447 |              ImGui::TextColored(ImVec4(0.2,0.8,0.2,1), "8-20%%: Moderate");
      |                                            ^~~
/run/media/jpereiratrindade/labeco10T/dev/cpp/SisterAppEngine_base_v330/src/ui/ui_layer.cpp:447:48: warning: conversion from ‘double’ to ‘float’ changes value from ‘2.0000000000000001e-1’ to ‘2.00000003e-1f’ [-Wfloat-conversion]
  447 |              ImGui::TextColored(ImVec4(0.2,0.8,0.2,1), "8-20%%: Moderate");
      |                                                ^~~
/run/media/jpereiratrindade/labeco10T/dev/cpp/SisterAppEngine_base_v330/src/ui/ui_layer.cpp:448:40: warning: conversion from ‘double’ to ‘float’ changes value from ‘8.0000000000000004e-1’ to ‘8.00000012e-1f’ [-Wfloat-conversion]
  448 |              ImGui::TextColored(ImVec4(0.8,0.8,0.0,1), "20-45%%: Steep");
      |                                        ^~~
/run/media/jpereiratrindade/labeco10T/dev/cpp/SisterAppEngine_base_v330/src/ui/ui_layer.cpp:448:44: warning: conversion from ‘double’ to ‘float’ changes value from ‘8.0000000000000004e-1’ to ‘8.00000012e-1f’ [-Wfloat-conversion]
  448 |              ImGui::TextColored(ImVec4(0.8,0.8,0.0,1), "20-45%%: Steep");
      |                                            ^~~
/run/media/jpereiratrindade/labeco10T/dev/cpp/SisterAppEngine_base_v330/src/ui/ui_layer.cpp:450:40: warning: conversion from ‘double’ to ‘float’ changes value from ‘8.0000000000000004e-1’ to ‘8.00000012e-1f’ [-Wfloat-conversion]
  450 |              ImGui::TextColored(ImVec4(0.8,0.0,0.0,1), ">75%%: Extreme");
      |                                        ^~~
/run/media/jpereiratrindade/labeco10T/dev/cpp/SisterAppEngine_base_v330/src/ui/ui_layer.cpp:531:20: warning: unused variable ‘renderDist’ [-Wunused-variable]
  531 |              float renderDist = (0.01f - ctx.fogDensity) * 10000.0f; // Approx mapping
      |                    ^~~~~~~~~~
/run/media/jpereiratrindade/labeco10T/dev/cpp/SisterAppEngine_base_v330/src/ui/ui_layer.cpp:541:20: warning: unused variable ‘renderDist’ [-Wunused-variable]
  541 |              float renderDist = (0.01f - ctx.fogDensity) * 10000.0f;
      |                    ^~~~~~~~~~
/run/media/jpereiratrindade/labeco10T/dev/cpp/SisterAppEngine_base_v330/src/ui/ui_layer.cpp:607:24: warning: conversion from ‘int’ to ‘float’ may change value [-Wconversion]
  607 |         float totalW = selectedSize * resolution;
      |                        ^~~~~~~~~~~~
/run/media/jpereiratrindade/labeco10T/dev/cpp/SisterAppEngine_base_v330/src/ui/ui_layer.cpp:677:34: error: ‘struct ui::UiFrameContext’ has no member named ‘camera’
  677 |         float currentSpeed = ctx.camera.getMoveSpeed();
      |                                  ^~~~~~
/run/media/jpereiratrindade/labeco10T/dev/cpp/SisterAppEngine_base_v330/src/ui/ui_layer.cpp:679:17: error: ‘struct ui::UiFrameContext’ has no member named ‘camera’
  679 |             ctx.camera.setMoveSpeed(currentSpeed);
      |                 ^~~~~~
/run/media/jpereiratrindade/labeco10T/dev/cpp/SisterAppEngine_base_v330/src/ui/ui_layer.cpp:685:51: warning: conversion from ‘int’ to ‘float’ may change value [-Wconversion]
  685 |                 float cx = ctx.finiteMap->getWidth() / 2.0f;
      |                            ~~~~~~~~~~~~~~~~~~~~~~~^~
/run/media/jpereiratrindade/labeco10T/dev/cpp/SisterAppEngine_base_v330/src/ui/ui_layer.cpp:686:52: warning: conversion from ‘int’ to ‘float’ may change value [-Wconversion]
  686 |                 float cz = ctx.finiteMap->getHeight() / 2.0f;
      |                            ~~~~~~~~~~~~~~~~~~~~~~~~^~
/run/media/jpereiratrindade/labeco10T/dev/cpp/SisterAppEngine_base_v330/src/ui/ui_layer.cpp:688:21: error: ‘struct ui::UiFrameContext’ has no member named ‘camera’
  688 |                 ctx.camera.setTarget({cx, 40.0f, cz});
      |                     ^~~~~~
/run/media/jpereiratrindade/labeco10T/dev/cpp/SisterAppEngine_base_v330/src/ui/ui_layer.cpp:689:21: error: ‘struct ui::UiFrameContext’ has no member named ‘camera’
  689 |                 ctx.camera.setCameraMode(graphics::CameraMode::Orbital);
      |                     ^~~~~~
/run/media/jpereiratrindade/labeco10T/dev/cpp/SisterAppEngine_base_v330/src/ui/ui_layer.cpp:689:52: error: ‘graphics::CameraMode’ has not been declared
  689 |                 ctx.camera.setCameraMode(graphics::CameraMode::Orbital);
      |                                                    ^~~~~~~~~~
/run/media/jpereiratrindade/labeco10T/dev/cpp/SisterAppEngine_base_v330/src/ui/ui_layer.cpp:690:21: error: ‘struct ui::UiFrameContext’ has no member named ‘camera’
  690 |                 ctx.camera.setDistance(ctx.finiteMap->getWidth() * 0.8f); // Fit view
      |                     ^~~~~~
/run/media/jpereiratrindade/labeco10T/dev/cpp/SisterAppEngine_base_v330/src/ui/ui_layer.cpp:690:63: warning: conversion from ‘int’ to ‘float’ may change value [-Wconversion]
  690 |                 ctx.camera.setDistance(ctx.finiteMap->getWidth() * 0.8f); // Fit view
      |                                        ~~~~~~~~~~~~~~~~~~~~~~~^~
/run/media/jpereiratrindade/labeco10T/dev/cpp/SisterAppEngine_base_v330/src/ui/ui_layer.cpp:691:21: error: ‘struct ui::UiFrameContext’ has no member named ‘camera’
  691 |                 ctx.camera.setFarClip(500.0f); // Restore default
      |                     ^~~~~~
/run/media/jpereiratrindade/labeco10T/dev/cpp/SisterAppEngine_base_v330/src/ui/ui_layer.cpp:699:51: warning: conversion from ‘int’ to ‘float’ may change value [-Wconversion]
  699 |                 float cx = ctx.finiteMap->getWidth() / 2.0f;
      |                            ~~~~~~~~~~~~~~~~~~~~~~~^~
/run/media/jpereiratrindade/labeco10T/dev/cpp/SisterAppEngine_base_v330/src/ui/ui_layer.cpp:700:52: warning: conversion from ‘int’ to ‘float’ may change value [-Wconversion]
  700 |                 float cz = ctx.finiteMap->getHeight() / 2.0f;
      |                            ~~~~~~~~~~~~~~~~~~~~~~~~^~
/run/media/jpereiratrindade/labeco10T/dev/cpp/SisterAppEngine_base_v330/src/ui/ui_layer.cpp:703:21: error: ‘struct ui::UiFrameContext’ has no member named ‘camera’
  703 |                 ctx.camera.teleportTo({cx, h + 50.0f, cz});
      |                     ^~~~~~
/run/media/jpereiratrindade/labeco10T/dev/cpp/SisterAppEngine_base_v330/src/ui/ui_layer.cpp:704:21: error: ‘struct ui::UiFrameContext’ has no member named ‘camera’
  704 |                 ctx.camera.setCameraMode(graphics::CameraMode::FreeFlight);
      |                     ^~~~~~
/run/media/jpereiratrindade/labeco10T/dev/cpp/SisterAppEngine_base_v330/src/ui/ui_layer.cpp:704:52: error: ‘graphics::CameraMode’ has not been declared
  704 |                 ctx.camera.setCameraMode(graphics::CameraMode::FreeFlight);
      |                                                    ^~~~~~~~~~
/run/media/jpereiratrindade/labeco10T/dev/cpp/SisterAppEngine_base_v330/src/ui/ui_layer.cpp:705:21: error: ‘struct ui::UiFrameContext’ has no member named ‘camera’
  705 |                 ctx.camera.setFarClip(500.0f); // Restore default
      |                     ^~~~~~
/run/media/jpereiratrindade/labeco10T/dev/cpp/SisterAppEngine_base_v330/src/ui/ui_layer.cpp:719:21: error: ‘struct ui::UiFrameContext’ has no member named ‘camera’
  719 |                 ctx.camera.setCameraMode(graphics::CameraMode::FreeFlight);
      |                     ^~~~~~
/run/media/jpereiratrindade/labeco10T/dev/cpp/SisterAppEngine_base_v330/src/ui/ui_layer.cpp:719:52: error: ‘graphics::CameraMode’ has not been declared
  719 |                 ctx.camera.setCameraMode(graphics::CameraMode::FreeFlight);
      |                                                    ^~~~~~~~~~
/run/media/jpereiratrindade/labeco10T/dev/cpp/SisterAppEngine_base_v330/src/ui/ui_layer.cpp:720:21: error: ‘struct ui::UiFrameContext’ has no member named ‘camera’
  720 |                 ctx.camera.setFlying(true);
      |                     ^~~~~~
/run/media/jpereiratrindade/labeco10T/dev/cpp/SisterAppEngine_base_v330/src/ui/ui_layer.cpp:721:21: error: ‘struct ui::UiFrameContext’ has no member named ‘camera’
  721 |                 ctx.camera.teleportTo({cx, alt, cz});
      |                     ^~~~~~
/run/media/jpereiratrindade/labeco10T/dev/cpp/SisterAppEngine_base_v330/src/ui/ui_layer.cpp:722:21: error: ‘struct ui::UiFrameContext’ has no member named ‘camera’
  722 |                 ctx.camera.setPitch(-89.9f); // Look Straight Down
      |                     ^~~~~~
/run/media/jpereiratrindade/labeco10T/dev/cpp/SisterAppEngine_base_v330/src/ui/ui_layer.cpp:723:21: error: ‘struct ui::UiFrameContext’ has no member named ‘camera’
  723 |                 ctx.camera.setYaw(0.0f);   // North Up
      |                     ^~~~~~
/run/media/jpereiratrindade/labeco10T/dev/cpp/SisterAppEngine_base_v330/src/ui/ui_layer.cpp:727:21: error: ‘struct ui::UiFrameContext’ has no member named ‘camera’
  727 |                 ctx.camera.setFarClip(8000.0f); // Extend view for Top Down
      |                     ^~~~~~
/run/media/jpereiratrindade/labeco10T/dev/cpp/SisterAppEngine_base_v330/src/ui/ui_layer.cpp:548:21: warning: unused variable ‘terrainTypes’ [-Wunused-variable]
  548 |         const char* terrainTypes[] = { "Hills", "Mountains", "Plains", "Valleys" };
      |                     ^~~~~~~~~~~~
/run/media/jpereiratrindade/labeco10T/dev/cpp/SisterAppEngine_base_v330/src/ui/ui_layer.cpp: In member function ‘void ui::UiLayer::drawCrosshair(ui::UiFrameContext&)’:
/run/media/jpereiratrindade/labeco10T/dev/cpp/SisterAppEngine_base_v330/src/ui/ui_layer.cpp:735:13: error: ‘struct ui::UiFrameContext’ has no member named ‘camera’
  735 |     if (ctx.camera.getCameraMode() != graphics::CameraMode::FreeFlight) return;
      |             ^~~~~~
/run/media/jpereiratrindade/labeco10T/dev/cpp/SisterAppEngine_base_v330/src/ui/ui_layer.cpp:735:49: error: ‘graphics::CameraMode’ has not been declared
  735 |     if (ctx.camera.getCameraMode() != graphics::CameraMode::FreeFlight) return;
      |                                                 ^~~~~~~~~~
/run/media/jpereiratrindade/labeco10T/dev/cpp/SisterAppEngine_base_v330/src/core/application.h:114:19: error: ‘Camera’ in namespace ‘graphics’ does not name a type
  114 |         graphics::Camera camera_;
      |                   ^~~~~~
make[2]: *** [CMakeFiles/sisterapp.dir/build.make:401: CMakeFiles/sisterapp.dir/src/ui/minimap.cpp.o] Error 1
make[2]: *** [CMakeFiles/sisterapp.dir/build.make:387: CMakeFiles/sisterapp.dir/src/ui/ui_layer.cpp.o] Error 1
/run/media/jpereiratrindade/labeco10T/dev/cpp/SisterAppEngine_base_v330/src/core/application.cpp: In constructor ‘core::Application::Application()’:
/run/media/jpereiratrindade/labeco10T/dev/cpp/SisterAppEngine_base_v330/src/core/application.cpp:50:7: error: class ‘core::Application’ does not have any field named ‘camera_’
   50 |     : camera_(60.0f * 3.14159f / 180.0f, 16.0f/9.0f, 0.1f, 500.0f)
      |       ^~~~~~~
make[2]: *** [CMakeFiles/sisterapp.dir/build.make:79: CMakeFiles/sisterapp.dir/main.cpp.o] Error 1
/run/media/jpereiratrindade/labeco10T/dev/cpp/SisterAppEngine_base_v330/src/core/application.cpp: In member function ‘void core::Application::init()’:
/run/media/jpereiratrindade/labeco10T/dev/cpp/SisterAppEngine_base_v330/src/core/application.cpp:155:5: error: ‘camera_’ was not declared in this scope
  155 |     camera_.setCameraMode(graphics::CameraMode::FreeFlight);
      |     ^~~~~~~
/run/media/jpereiratrindade/labeco10T/dev/cpp/SisterAppEngine_base_v330/src/core/application.cpp:155:37: error: ‘graphics::CameraMode’ has not been declared
  155 |     camera_.setCameraMode(graphics::CameraMode::FreeFlight);
      |                                     ^~~~~~~~~~
/run/media/jpereiratrindade/labeco10T/dev/cpp/SisterAppEngine_base_v330/src/core/application.cpp: In member function ‘void core::Application::processEvents(double)’:
/run/media/jpereiratrindade/labeco10T/dev/cpp/SisterAppEngine_base_v330/src/core/application.cpp:345:13: error: ‘camera_’ was not declared in this scope
  345 |             camera_.processEvent(event);
      |             ^~~~~~~
/run/media/jpereiratrindade/labeco10T/dev/cpp/SisterAppEngine_base_v330/src/core/application.cpp:416:91: warning: conversion to ‘std::vector<float>::size_type’ {aka ‘long unsigned int’} from ‘int’ may change the sign of the result [-Wsign-conversion]
  416 |                          float flux = finiteMap_->fluxMap()[hitZ * finiteMap_->getWidth() + hitX];
      |                                                             ~~~~~~~~~~~~~~~~~~~~~~~~~~~~~~^~~~~~
/run/media/jpereiratrindade/labeco10T/dev/cpp/SisterAppEngine_base_v330/src/core/application.cpp:417:97: warning: conversion to ‘std::vector<int>::size_type’ {aka ‘long unsigned int’} from ‘int’ may change the sign of the result [-Wsign-conversion]
  417 |                          int basinID = finiteMap_->watershedMap()[hitZ * finiteMap_->getWidth() + hitX];
      |                                                                   ~~~~~~~~~~~~~~~~~~~~~~~~~~~~~~^~~~~~
/run/media/jpereiratrindade/labeco10T/dev/cpp/SisterAppEngine_base_v330/src/core/application.cpp:486:21: error: ‘camera_’ was not declared in this scope
  486 |                 if (camera_.getCameraMode() == graphics::CameraMode::Orbital) {
      |                     ^~~~~~~
/run/media/jpereiratrindade/labeco10T/dev/cpp/SisterAppEngine_base_v330/src/core/application.cpp:486:58: error: ‘graphics::CameraMode’ has not been declared
  486 |                 if (camera_.getCameraMode() == graphics::CameraMode::Orbital) {
      |                                                          ^~~~~~~~~~
/run/media/jpereiratrindade/labeco10T/dev/cpp/SisterAppEngine_base_v330/src/core/application.cpp:487:53: error: ‘graphics::CameraMode’ has not been declared
  487 |                     camera_.setCameraMode(graphics::CameraMode::FreeFlight);
      |                                                     ^~~~~~~~~~
/run/media/jpereiratrindade/labeco10T/dev/cpp/SisterAppEngine_base_v330/src/core/application.cpp:491:53: error: ‘graphics::CameraMode’ has not been declared
  491 |                     camera_.setCameraMode(graphics::CameraMode::Orbital);
      |                                                     ^~~~~~~~~~
/run/media/jpereiratrindade/labeco10T/dev/cpp/SisterAppEngine_base_v330/src/core/application.cpp:499:17: error: ‘camera_’ was not declared in this scope
  499 |                 camera_.setFovDegrees(camera_.getFovDegrees() - 5.0f);
      |                 ^~~~~~~
/run/media/jpereiratrindade/labeco10T/dev/cpp/SisterAppEngine_base_v330/src/core/application.cpp:502:17: error: ‘camera_’ was not declared in this scope
  502 |                 camera_.setFovDegrees(camera_.getFovDegrees() + 5.0f);
      |                 ^~~~~~~
/run/media/jpereiratrindade/labeco10T/dev/cpp/SisterAppEngine_base_v330/src/core/application.cpp:509:21: error: ‘camera_’ was not declared in this scope
  509 |                     camera_.teleportTo({0.0f, 60.0f, 0.0f}); // High above terrain
      |                     ^~~~~~~
/run/media/jpereiratrindade/labeco10T/dev/cpp/SisterAppEngine_base_v330/src/core/application.cpp:515:21: error: ‘camera_’ was not declared in this scope
  515 |                     camera_.teleportTo({10.0f, 60.0f, 10.0f});
      |                     ^~~~~~~
/run/media/jpereiratrindade/labeco10T/dev/cpp/SisterAppEngine_base_v330/src/core/application.cpp:519:21: error: ‘camera_’ was not declared in this scope
  519 |                     camera_.teleportTo({-10.0f, 60.0f, 10.0f});
      |                     ^~~~~~~
/run/media/jpereiratrindade/labeco10T/dev/cpp/SisterAppEngine_base_v330/src/core/application.cpp:523:21: error: ‘camera_’ was not declared in this scope
  523 |                     camera_.teleportTo({-10.0f, 60.0f, -10.0f});
      |                     ^~~~~~~
/run/media/jpereiratrindade/labeco10T/dev/cpp/SisterAppEngine_base_v330/src/core/application.cpp:527:21: error: ‘camera_’ was not declared in this scope
  527 |                     camera_.teleportTo({10.0f, 60.0f, -10.0f});
      |                     ^~~~~~~
/run/media/jpereiratrindade/labeco10T/dev/cpp/SisterAppEngine_base_v330/src/core/application.cpp:547:25: error: ‘camera_’ was not declared in this scope
  547 |                     if (camera_.getCameraMode() == graphics::CameraMode::FreeFlight) {
      |                         ^~~~~~~
/run/media/jpereiratrindade/labeco10T/dev/cpp/SisterAppEngine_base_v330/src/core/application.cpp:547:62: error: ‘graphics::CameraMode’ has not been declared
  547 |                     if (camera_.getCameraMode() == graphics::CameraMode::FreeFlight) {
      |                                                              ^~~~~~~~~~
/run/media/jpereiratrindade/labeco10T/dev/cpp/SisterAppEngine_base_v330/src/core/application.cpp: In member function ‘void core::Application::update(double)’:
/run/media/jpereiratrindade/labeco10T/dev/cpp/SisterAppEngine_base_v330/src/core/application.cpp:579:5: error: ‘camera_’ was not declared in this scope
  579 |     camera_.processKeyboard(keyState, static_cast<float>(dt));
      |     ^~~~~~~
/run/media/jpereiratrindade/labeco10T/dev/cpp/SisterAppEngine_base_v330/src/core/application.cpp:576:12: warning: unused variable ‘nowMs’ [-Wunused-variable]
  576 |     Uint32 nowMs = SDL_GetTicks();
      |            ^~~~~
/run/media/jpereiratrindade/labeco10T/dev/cpp/SisterAppEngine_base_v330/src/core/application.cpp: In member function ‘void core::Application::recreateSwapchain()’:
/run/media/jpereiratrindade/labeco10T/dev/cpp/SisterAppEngine_base_v330/src/core/application.cpp:621:5: error: ‘camera_’ was not declared in this scope
  621 |     camera_.setAspect(static_cast<float>(swapchain_->extent().width) / static_cast<float>(swapchain_->extent().height));
      |     ^~~~~~~
/run/media/jpereiratrindade/labeco10T/dev/cpp/SisterAppEngine_base_v330/src/core/application.cpp: In member function ‘void core::Application::render(size_t)’:
/run/media/jpereiratrindade/labeco10T/dev/cpp/SisterAppEngine_base_v330/src/core/application.cpp:679:25: error: ‘camera_’ was not declared in this scope
  679 |     const float* view = camera_.viewMatrix();
      |                         ^~~~~~~
/run/media/jpereiratrindade/labeco10T/dev/cpp/SisterAppEngine_base_v330/src/core/application.cpp:675:9: warning: unused variable ‘visibleCount’ [-Wunused-variable]
  675 |     int visibleCount = 0;
      |         ^~~~~~~~~~~~
/run/media/jpereiratrindade/labeco10T/dev/cpp/SisterAppEngine_base_v330/src/core/application.cpp:676:9: warning: unused variable ‘totalChunks’ [-Wunused-variable]
  676 |     int totalChunks = 0;
      |         ^~~~~~~~~~~
/run/media/jpereiratrindade/labeco10T/dev/cpp/SisterAppEngine_base_v330/src/core/application.cpp:677:9: warning: unused variable ‘pendingTasks’ [-Wunused-variable]
  677 |     int pendingTasks = 0;
      |         ^~~~~~~~~~~~
/run/media/jpereiratrindade/labeco10T/dev/cpp/SisterAppEngine_base_v330/src/core/application.cpp:678:9: warning: unused variable ‘pendingVeg’ [-Wunused-variable]
  678 |     int pendingVeg = 0;
      |         ^~~~~~~~~~
/run/media/jpereiratrindade/labeco10T/dev/cpp/SisterAppEngine_base_v330/src/core/application.cpp: In member function ‘void core::Application::saveBookmark(const std::string&)’:
/run/media/jpereiratrindade/labeco10T/dev/cpp/SisterAppEngine_base_v330/src/core/application.cpp:857:25: error: ‘camera_’ was not declared in this scope
  857 |     bookmark.position = camera_.getPosition();
      |                         ^~~~~~~
/run/media/jpereiratrindade/labeco10T/dev/cpp/SisterAppEngine_base_v330/src/core/application.cpp:858:14: error: ‘struct ui::Bookmark’ has no member named ‘mode’
  858 |     bookmark.mode = camera_.getCameraMode();
      |              ^~~~
/run/media/jpereiratrindade/labeco10T/dev/cpp/SisterAppEngine_base_v330/src/core/application.cpp: In member function ‘void core::Application::loadBookmark(size_t)’:
/run/media/jpereiratrindade/labeco10T/dev/cpp/SisterAppEngine_base_v330/src/core/application.cpp:880:9: error: ‘camera_’ was not declared in this scope
  880 |     if (camera_.getCameraMode() != bookmark.mode) {
      |         ^~~~~~~
/run/media/jpereiratrindade/labeco10T/dev/cpp/SisterAppEngine_base_v330/src/core/application.cpp:880:45: error: ‘const struct ui::Bookmark’ has no member named ‘mode’
  880 |     if (camera_.getCameraMode() != bookmark.mode) {
      |                                             ^~~~
/run/media/jpereiratrindade/labeco10T/dev/cpp/SisterAppEngine_base_v330/src/core/application.cpp:881:40: error: ‘const struct ui::Bookmark’ has no member named ‘mode’
  881 |         camera_.setCameraMode(bookmark.mode);
      |                                        ^~~~
/run/media/jpereiratrindade/labeco10T/dev/cpp/SisterAppEngine_base_v330/src/core/application.cpp:885:5: error: ‘camera_’ was not declared in this scope
  885 |     camera_.teleportTo(bookmark.position);
      |     ^~~~~~~
/run/media/jpereiratrindade/labeco10T/dev/cpp/SisterAppEngine_base_v330/src/core/application.cpp: In member function ‘void core::Application::performRegeneration()’:
/run/media/jpereiratrindade/labeco10T/dev/cpp/SisterAppEngine_base_v330/src/core/application.cpp:939:59: warning: explicit by-copy capture of ‘this’ with by-copy capture default only available with ‘-std=c++20’ or ‘-std=gnu++20’ [-Wc++20-extensions]
  939 |         regenFuture_ = std::async(std::launch::async, [=, this]() {
      |                                                           ^~~~
/run/media/jpereiratrindade/labeco10T/dev/cpp/SisterAppEngine_base_v330/src/core/application.cpp:1009:13: error: ‘camera_’ was not declared in this scope
 1009 |             camera_.teleportTo({cx, h + 20.0f, cz});
      |             ^~~~~~~
make[2]: *** [CMakeFiles/sisterapp.dir/build.make:191: CMakeFiles/sisterapp.dir/src/core/application.cpp.o] Error 1
make[1]: *** [CMakeFiles/Makefile2:90: CMakeFiles/sisterapp.dir/all] Error 2
make: *** [Makefile:91: all] Error 2
